{"/Users/stid/Documents/develop/Apple1JS/src/config.ts": {"path":"/Users/stid/Documents/develop/Apple1JS/src/config.ts","statementMap":{"0":{"start":{"line":3,"column":13},"end":{"line":5,"column":3}}},"fnMap":{},"branchMap":{},"s":{"0":1},"f":{},"b":{}}
,"/Users/stid/Documents/develop/Apple1JS/src/apple1/DisplayLogic.ts": {"path":"/Users/stid/Documents/develop/Apple1JS/src/apple1/DisplayLogic.ts","statementMap":{"0":{"start":{"line":2,"column":19},"end":{"line":2,"column":23}},"1":{"start":{"line":13,"column":8},"end":{"line":13,"column":23}},"2":{"start":{"line":27,"column":8},"end":{"line":30,"column":9}},"3":{"start":{"line":28,"column":12},"end":{"line":28,"column":31}},"4":{"start":{"line":29,"column":12},"end":{"line":29,"column":19}},"5":{"start":{"line":33,"column":8},"end":{"line":33,"column":43}},"6":{"start":{"line":35,"column":8},"end":{"line":35,"column":37}},"7":{"start":{"line":39,"column":8},"end":{"line":39,"column":44}},"8":{"start":{"line":43,"column":8},"end":{"line":43,"column":31}},"9":{"start":{"line":44,"column":8},"end":{"line":44,"column":31}},"10":{"start":{"line":48,"column":8},"end":{"line":48,"column":27}},"11":{"start":{"line":52,"column":0},"end":{"line":52,"column":28}}},"fnMap":{"0":{"name":"(anonymous_0)","decl":{"start":{"line":12,"column":4},"end":{"line":12,"column":16}},"loc":{"start":{"line":12,"column":28},"end":{"line":14,"column":5}}},"1":{"name":"(anonymous_1)","decl":{"start":{"line":26,"column":4},"end":{"line":26,"column":9}},"loc":{"start":{"line":26,"column":28},"end":{"line":40,"column":5}}},"2":{"name":"(anonymous_2)","decl":{"start":{"line":42,"column":4},"end":{"line":42,"column":8}},"loc":{"start":{"line":42,"column":38},"end":{"line":45,"column":5}}},"3":{"name":"(anonymous_3)","decl":{"start":{"line":47,"column":4},"end":{"line":47,"column":9}},"loc":{"start":{"line":47,"column":9},"end":{"line":49,"column":5}}}},"branchMap":{"0":{"loc":{"start":{"line":27,"column":8},"end":{"line":30,"column":9}},"type":"if","locations":[{"start":{"line":27,"column":8},"end":{"line":30,"column":9}},{"start":{},"end":{}}]}},"s":{"0":1,"1":3,"2":2,"3":0,"4":0,"5":2,"6":2,"7":2,"8":2,"9":2,"10":1,"11":1},"f":{"0":3,"1":2,"2":2,"3":1},"b":{"0":[0,2]}}
,"/Users/stid/Documents/develop/Apple1JS/src/apple1/KeyboardLogic.ts": {"path":"/Users/stid/Documents/develop/Apple1JS/src/apple1/KeyboardLogic.ts","statementMap":{"0":{"start":{"line":3,"column":0},"end":{"line":3,"column":39}},"1":{"start":{"line":5,"column":19},"end":{"line":5,"column":23}},"2":{"start":{"line":12,"column":8},"end":{"line":12,"column":23}},"3":{"start":{"line":16,"column":8},"end":{"line":37,"column":9}},"4":{"start":{"line":17,"column":12},"end":{"line":17,"column":25}},"5":{"start":{"line":20,"column":24},"end":{"line":20,"column":40}},"6":{"start":{"line":21,"column":12},"end":{"line":23,"column":13}},"7":{"start":{"line":22,"column":16},"end":{"line":22,"column":46}},"8":{"start":{"line":26,"column":12},"end":{"line":26,"column":53}},"9":{"start":{"line":31,"column":12},"end":{"line":31,"column":35}},"10":{"start":{"line":33,"column":12},"end":{"line":33,"column":34}},"11":{"start":{"line":36,"column":12},"end":{"line":36,"column":35}},"12":{"start":{"line":41,"column":8},"end":{"line":41,"column":39}},"13":{"start":{"line":45,"column":8},"end":{"line":45,"column":35}},"14":{"start":{"line":49,"column":0},"end":{"line":49,"column":29}}},"fnMap":{"0":{"name":"(anonymous_9)","decl":{"start":{"line":11,"column":4},"end":{"line":11,"column":16}},"loc":{"start":{"line":11,"column":28},"end":{"line":13,"column":5}}},"1":{"name":"(anonymous_10)","decl":{"start":{"line":15,"column":4},"end":{"line":15,"column":9}},"loc":{"start":{"line":15,"column":28},"end":{"line":38,"column":5}}},"2":{"name":"(anonymous_11)","decl":{"start":{"line":40,"column":4},"end":{"line":40,"column":8}},"loc":{"start":{"line":40,"column":31},"end":{"line":42,"column":5}}},"3":{"name":"(anonymous_12)","decl":{"start":{"line":44,"column":4},"end":{"line":44,"column":9}},"loc":{"start":{"line":44,"column":9},"end":{"line":46,"column":5}}}},"branchMap":{"0":{"loc":{"start":{"line":16,"column":8},"end":{"line":37,"column":9}},"type":"if","locations":[{"start":{"line":16,"column":8},"end":{"line":37,"column":9}},{"start":{"line":18,"column":15},"end":{"line":37,"column":9}}]},"1":{"loc":{"start":{"line":21,"column":12},"end":{"line":23,"column":13}},"type":"if","locations":[{"start":{"line":21,"column":12},"end":{"line":23,"column":13}},{"start":{},"end":{}}]}},"s":{"0":1,"1":1,"2":4,"3":2,"4":1,"5":1,"6":1,"7":0,"8":1,"9":1,"10":1,"11":1,"12":2,"13":3,"14":1},"f":{"0":4,"1":2,"2":2,"3":3},"b":{"0":[1,1],"1":[0,1]}}
,"/Users/stid/Documents/develop/Apple1JS/src/apple1/TSTypes.ts": {"path":"/Users/stid/Documents/develop/Apple1JS/src/apple1/TSTypes.ts","statementMap":{"0":{"start":{"line":4,"column":0},"end":{"line":4,"column":9}},"1":{"start":{"line":8,"column":9},"end":{"line":4,"column":59}},"2":{"start":{"line":16,"column":0},"end":{"line":16,"column":null}},"3":{"start":{"line":17,"column":4},"end":{"line":17,"column":null}},"4":{"start":{"line":18,"column":4},"end":{"line":18,"column":null}},"5":{"start":{"line":19,"column":4},"end":{"line":19,"column":null}},"6":{"start":{"line":20,"column":4},"end":{"line":20,"column":null}},"7":{"start":{"line":21,"column":4},"end":{"line":21,"column":null}},"8":{"start":{"line":22,"column":4},"end":{"line":22,"column":null}},"9":{"start":{"line":23,"column":4},"end":{"line":23,"column":null}},"10":{"start":{"line":24,"column":4},"end":{"line":24,"column":null}},"11":{"start":{"line":25,"column":4},"end":{"line":25,"column":null}},"12":{"start":{"line":26,"column":4},"end":{"line":26,"column":null}},"13":{"start":{"line":27,"column":4},"end":{"line":27,"column":null}},"14":{"start":{"line":28,"column":4},"end":{"line":28,"column":null}},"15":{"start":{"line":29,"column":4},"end":{"line":29,"column":null}},"16":{"start":{"line":30,"column":4},"end":{"line":30,"column":null}},"17":{"start":{"line":31,"column":4},"end":{"line":31,"column":null}},"18":{"start":{"line":32,"column":4},"end":{"line":32,"column":null}},"19":{"start":{"line":33,"column":4},"end":{"line":33,"column":null}}},"fnMap":{"0":{"name":"(anonymous_0)","decl":{"start":{"line":8,"column":9},"end":{"line":8,"column":29}},"loc":{"start":{"line":8,"column":9},"end":{"line":4,"column":59}}},"1":{"name":"(anonymous_1)","decl":{"start":{"line":16,"column":0},"end":{"line":16,"column":12}},"loc":{"start":{"line":16,"column":27},"end":{"line":34,"column":1}}}},"branchMap":{"0":{"loc":{"start":{"line":16,"column":12},"end":{"line":16,"column":null}},"type":"binary-expr","locations":[{"start":{"line":16,"column":12},"end":{"line":16,"column":27}},{"start":{"line":16,"column":27},"end":{"line":16,"column":null}}]}},"s":{"0":3,"1":9,"2":3,"3":3,"4":3,"5":3,"6":3,"7":3,"8":3,"9":3,"10":3,"11":3,"12":3,"13":3,"14":3,"15":3,"16":3,"17":3,"18":3,"19":3},"f":{"0":6,"1":3},"b":{"0":[3,3]}}
,"/Users/stid/Documents/develop/Apple1JS/src/apple1/WebCRTVideo.ts": {"path":"/Users/stid/Documents/develop/Apple1JS/src/apple1/WebCRTVideo.ts","statementMap":{"0":{"start":{"line":1,"column":0},"end":{"line":1,"column":25}},"1":{"start":{"line":2,"column":0},"end":{"line":2,"column":101}},"2":{"start":{"line":4,"column":0},"end":{"line":4,"column":42}},"3":{"start":{"line":5,"column":0},"end":{"line":5,"column":35}},"4":{"start":{"line":9,"column":20},"end":{"line":9,"column":22}},"5":{"start":{"line":10,"column":17},"end":{"line":10,"column":19}},"6":{"start":{"line":32,"column":4},"end":{"line":32,"column":91}},"7":{"start":{"line":32,"column":45},"end":{"line":32,"column":89}},"8":{"start":{"line":43,"column":8},"end":{"line":43,"column":33}},"9":{"start":{"line":50,"column":8},"end":{"line":55,"column":10}},"10":{"start":{"line":62,"column":8},"end":{"line":62,"column":59}},"11":{"start":{"line":62,"column":20},"end":{"line":62,"column":59}},"12":{"start":{"line":63,"column":8},"end":{"line":63,"column":48}},"13":{"start":{"line":64,"column":8},"end":{"line":64,"column":29}},"14":{"start":{"line":65,"column":8},"end":{"line":65,"column":35}},"15":{"start":{"line":66,"column":8},"end":{"line":66,"column":79}},"16":{"start":{"line":66,"column":48},"end":{"line":66,"column":79}},"17":{"start":{"line":68,"column":8},"end":{"line":68,"column":33}},"18":{"start":{"line":70,"column":17},"end":{"line":70,"column":27}},"19":{"start":{"line":71,"column":19},"end":{"line":71,"column":32}},"20":{"start":{"line":72,"column":20},"end":{"line":72,"column":34}},"21":{"start":{"line":74,"column":8},"end":{"line":85,"column":10}},"22":{"start":{"line":95,"column":8},"end":{"line":95,"column":21}},"23":{"start":{"line":96,"column":8},"end":{"line":96,"column":24}},"24":{"start":{"line":97,"column":8},"end":{"line":97,"column":26}},"25":{"start":{"line":98,"column":8},"end":{"line":98,"column":47}},"26":{"start":{"line":99,"column":8},"end":{"line":99,"column":100}},"27":{"start":{"line":99,"column":65},"end":{"line":99,"column":98}},"28":{"start":{"line":100,"column":8},"end":{"line":100,"column":30}},"29":{"start":{"line":104,"column":8},"end":{"line":104,"column":35}},"30":{"start":{"line":108,"column":8},"end":{"line":108,"column":100}},"31":{"start":{"line":108,"column":65},"end":{"line":108,"column":98}},"32":{"start":{"line":109,"column":8},"end":{"line":109,"column":33}},"33":{"start":{"line":113,"column":8},"end":{"line":113,"column":39}},"34":{"start":{"line":114,"column":8},"end":{"line":114,"column":77}},"35":{"start":{"line":118,"column":8},"end":{"line":118,"column":85}},"36":{"start":{"line":118,"column":64},"end":{"line":118,"column":83}},"37":{"start":{"line":122,"column":8},"end":{"line":122,"column":116}},"38":{"start":{"line":122,"column":46},"end":{"line":122,"column":114}},"39":{"start":{"line":126,"column":8},"end":{"line":126,"column":22}},"40":{"start":{"line":127,"column":8},"end":{"line":127,"column":24}},"41":{"start":{"line":131,"column":8},"end":{"line":161,"column":11}},"42":{"start":{"line":133,"column":12},"end":{"line":149,"column":13}},"43":{"start":{"line":135,"column":20},"end":{"line":135,"column":35}},"44":{"start":{"line":136,"column":20},"end":{"line":136,"column":26}},"45":{"start":{"line":138,"column":20},"end":{"line":141,"column":21}},"46":{"start":{"line":139,"column":24},"end":{"line":139,"column":41}},"47":{"start":{"line":140,"column":24},"end":{"line":140,"column":92}},"48":{"start":{"line":142,"column":20},"end":{"line":142,"column":26}},"49":{"start":{"line":144,"column":20},"end":{"line":147,"column":21}},"50":{"start":{"line":145,"column":24},"end":{"line":145,"column":93}},"51":{"start":{"line":146,"column":24},"end":{"line":146,"column":41}},"52":{"start":{"line":148,"column":20},"end":{"line":148,"column":26}},"53":{"start":{"line":151,"column":12},"end":{"line":153,"column":13}},"54":{"start":{"line":152,"column":16},"end":{"line":152,"column":31}},"55":{"start":{"line":155,"column":12},"end":{"line":160,"column":13}},"56":{"start":{"line":156,"column":16},"end":{"line":156,"column":35}},"57":{"start":{"line":157,"column":16},"end":{"line":157,"column":36}},"58":{"start":{"line":158,"column":16},"end":{"line":158,"column":91}},"59":{"start":{"line":159,"column":16},"end":{"line":159,"column":30}},"60":{"start":{"line":165,"column":8},"end":{"line":165,"column":15}},"61":{"start":{"line":169,"column":8},"end":{"line":169,"column":21}},"62":{"start":{"line":170,"column":8},"end":{"line":170,"column":24}},"63":{"start":{"line":171,"column":8},"end":{"line":171,"column":26}},"64":{"start":{"line":172,"column":8},"end":{"line":172,"column":23}},"65":{"start":{"line":176,"column":24},"end":{"line":176,"column":48}},"66":{"start":{"line":177,"column":8},"end":{"line":198,"column":9}},"67":{"start":{"line":179,"column":16},"end":{"line":179,"column":22}},"68":{"start":{"line":181,"column":16},"end":{"line":181,"column":34}},"69":{"start":{"line":182,"column":16},"end":{"line":182,"column":22}},"70":{"start":{"line":184,"column":16},"end":{"line":188,"column":17}},"71":{"start":{"line":185,"column":20},"end":{"line":185,"column":38}},"72":{"start":{"line":187,"column":20},"end":{"line":187,"column":37}},"73":{"start":{"line":189,"column":16},"end":{"line":189,"column":22}},"74":{"start":{"line":191,"column":16},"end":{"line":193,"column":17}},"75":{"start":{"line":192,"column":20},"end":{"line":192,"column":62}},"76":{"start":{"line":194,"column":16},"end":{"line":194,"column":22}},"77":{"start":{"line":197,"column":16},"end":{"line":197,"column":22}},"78":{"start":{"line":199,"column":8},"end":{"line":199,"column":49}},"79":{"start":{"line":204,"column":28},"end":{"line":204,"column":52}},"80":{"start":{"line":205,"column":8},"end":{"line":205,"column":36}},"81":{"start":{"line":207,"column":22},"end":{"line":207,"column":27}},"82":{"start":{"line":208,"column":8},"end":{"line":220,"column":9}},"83":{"start":{"line":209,"column":12},"end":{"line":209,"column":27}},"84":{"start":{"line":211,"column":12},"end":{"line":219,"column":13}},"85":{"start":{"line":211,"column":25},"end":{"line":211,"column":26}},"86":{"start":{"line":212,"column":16},"end":{"line":218,"column":17}},"87":{"start":{"line":216,"column":20},"end":{"line":216,"column":35}},"88":{"start":{"line":217,"column":20},"end":{"line":217,"column":26}},"89":{"start":{"line":221,"column":8},"end":{"line":223,"column":9}},"90":{"start":{"line":222,"column":12},"end":{"line":222,"column":38}},"91":{"start":{"line":224,"column":8},"end":{"line":224,"column":33}},"92":{"start":{"line":228,"column":0},"end":{"line":228,"column":24}}},"fnMap":{"0":{"name":"cloneBuffer","decl":{"start":{"line":30,"column":9},"end":{"line":30,"column":20}},"loc":{"start":{"line":30,"column":40},"end":{"line":33,"column":1}}},"1":{"name":"(anonymous_11)","decl":{"start":{"line":32,"column":22},"end":{"line":32,"column":23}},"loc":{"start":{"line":32,"column":45},"end":{"line":32,"column":89}}},"2":{"name":"(anonymous_12)","decl":{"start":{"line":42,"column":4},"end":{"line":42,"column":15}},"loc":{"start":{"line":42,"column":15},"end":{"line":44,"column":5}}},"3":{"name":"(anonymous_13)","decl":{"start":{"line":48,"column":4},"end":{"line":48,"column":12}},"loc":{"start":{"line":48,"column":12},"end":{"line":56,"column":5}}},"4":{"name":"(anonymous_14)","decl":{"start":{"line":61,"column":4},"end":{"line":61,"column":12}},"loc":{"start":{"line":61,"column":30},"end":{"line":69,"column":5}}},"5":{"name":"(anonymous_15)","decl":{"start":{"line":73,"column":4},"end":{"line":73,"column":18}},"loc":{"start":{"line":73,"column":18},"end":{"line":86,"column":5}}},"6":{"name":"(anonymous_16)","decl":{"start":{"line":94,"column":4},"end":{"line":94,"column":null}},"loc":{"start":{"line":94,"column":4},"end":{"line":101,"column":5}}},"7":{"name":"(anonymous_17)","decl":{"start":{"line":99,"column":55},"end":{"line":99,"column":56}},"loc":{"start":{"line":99,"column":65},"end":{"line":99,"column":98}}},"8":{"name":"(anonymous_18)","decl":{"start":{"line":103,"column":4},"end":{"line":103,"column":16}},"loc":{"start":{"line":103,"column":35},"end":{"line":105,"column":5}}},"9":{"name":"(anonymous_19)","decl":{"start":{"line":107,"column":4},"end":{"line":107,"column":11}},"loc":{"start":{"line":107,"column":11},"end":{"line":110,"column":5}}},"10":{"name":"(anonymous_20)","decl":{"start":{"line":108,"column":55},"end":{"line":108,"column":56}},"loc":{"start":{"line":108,"column":65},"end":{"line":108,"column":98}}},"11":{"name":"(anonymous_21)","decl":{"start":{"line":112,"column":4},"end":{"line":112,"column":13}},"loc":{"start":{"line":112,"column":69},"end":{"line":115,"column":5}}},"12":{"name":"(anonymous_22)","decl":{"start":{"line":117,"column":4},"end":{"line":117,"column":15}},"loc":{"start":{"line":117,"column":71},"end":{"line":119,"column":5}}},"13":{"name":"(anonymous_23)","decl":{"start":{"line":118,"column":51},"end":{"line":118,"column":52}},"loc":{"start":{"line":118,"column":64},"end":{"line":118,"column":83}}},"14":{"name":"(anonymous_24)","decl":{"start":{"line":121,"column":12},"end":{"line":121,"column":29}},"loc":{"start":{"line":121,"column":29},"end":{"line":123,"column":5}}},"15":{"name":"(anonymous_25)","decl":{"start":{"line":122,"column":33},"end":{"line":122,"column":34}},"loc":{"start":{"line":122,"column":46},"end":{"line":122,"column":114}}},"16":{"name":"(anonymous_26)","decl":{"start":{"line":125,"column":12},"end":{"line":125,"column":19}},"loc":{"start":{"line":125,"column":19},"end":{"line":128,"column":5}}},"17":{"name":"(anonymous_27)","decl":{"start":{"line":130,"column":12},"end":{"line":130,"column":18}},"loc":{"start":{"line":130,"column":31},"end":{"line":162,"column":5}}},"18":{"name":"(anonymous_28)","decl":{"start":{"line":131,"column":26},"end":{"line":131,"column":27}},"loc":{"start":{"line":131,"column":42},"end":{"line":161,"column":9}}},"19":{"name":"(anonymous_29)","decl":{"start":{"line":164,"column":4},"end":{"line":164,"column":8}},"loc":{"start":{"line":164,"column":8},"end":{"line":166,"column":5}}},"20":{"name":"(anonymous_30)","decl":{"start":{"line":168,"column":4},"end":{"line":168,"column":9}},"loc":{"start":{"line":168,"column":9},"end":{"line":173,"column":5}}},"21":{"name":"(anonymous_31)","decl":{"start":{"line":175,"column":4},"end":{"line":175,"column":9}},"loc":{"start":{"line":175,"column":28},"end":{"line":200,"column":5}}},"22":{"name":"(anonymous_32)","decl":{"start":{"line":202,"column":12},"end":{"line":202,"column":24}},"loc":{"start":{"line":202,"column":75},"end":{"line":225,"column":5}}}},"branchMap":{"0":{"loc":{"start":{"line":62,"column":8},"end":{"line":62,"column":59}},"type":"if","locations":[{"start":{"line":62,"column":8},"end":{"line":62,"column":59}},{"start":{},"end":{}}]},"1":{"loc":{"start":{"line":66,"column":8},"end":{"line":66,"column":79}},"type":"if","locations":[{"start":{"line":66,"column":8},"end":{"line":66,"column":79}},{"start":{},"end":{}}]},"2":{"loc":{"start":{"line":133,"column":12},"end":{"line":149,"column":13}},"type":"switch","locations":[{"start":{"line":134,"column":16},"end":{"line":136,"column":26}},{"start":{"line":137,"column":16},"end":{"line":142,"column":26}},{"start":{"line":143,"column":16},"end":{"line":148,"column":26}}]},"3":{"loc":{"start":{"line":138,"column":20},"end":{"line":141,"column":21}},"type":"if","locations":[{"start":{"line":138,"column":20},"end":{"line":141,"column":21}},{"start":{},"end":{}}]},"4":{"loc":{"start":{"line":144,"column":20},"end":{"line":147,"column":21}},"type":"if","locations":[{"start":{"line":144,"column":20},"end":{"line":147,"column":21}},{"start":{},"end":{}}]},"5":{"loc":{"start":{"line":144,"column":24},"end":{"line":144,"column":77}},"type":"binary-expr","locations":[{"start":{"line":144,"column":24},"end":{"line":144,"column":48}},{"start":{"line":144,"column":52},"end":{"line":144,"column":77}}]},"6":{"loc":{"start":{"line":151,"column":12},"end":{"line":153,"column":13}},"type":"if","locations":[{"start":{"line":151,"column":12},"end":{"line":153,"column":13}},{"start":{},"end":{}}]},"7":{"loc":{"start":{"line":155,"column":12},"end":{"line":160,"column":13}},"type":"if","locations":[{"start":{"line":155,"column":12},"end":{"line":160,"column":13}},{"start":{},"end":{}}]},"8":{"loc":{"start":{"line":177,"column":8},"end":{"line":198,"column":9}},"type":"switch","locations":[{"start":{"line":178,"column":12},"end":{"line":179,"column":22}},{"start":{"line":180,"column":12},"end":{"line":182,"column":22}},{"start":{"line":183,"column":12},"end":{"line":189,"column":22}},{"start":{"line":190,"column":12},"end":{"line":194,"column":22}},{"start":{"line":195,"column":12},"end":{"line":197,"column":22}}]},"9":{"loc":{"start":{"line":184,"column":16},"end":{"line":188,"column":17}},"type":"if","locations":[{"start":{"line":184,"column":16},"end":{"line":188,"column":17}},{"start":{"line":186,"column":23},"end":{"line":188,"column":17}}]},"10":{"loc":{"start":{"line":191,"column":16},"end":{"line":193,"column":17}},"type":"if","locations":[{"start":{"line":191,"column":16},"end":{"line":193,"column":17}},{"start":{},"end":{}}]},"11":{"loc":{"start":{"line":208,"column":8},"end":{"line":220,"column":9}},"type":"if","locations":[{"start":{"line":208,"column":8},"end":{"line":220,"column":9}},{"start":{"line":210,"column":15},"end":{"line":220,"column":9}}]},"12":{"loc":{"start":{"line":212,"column":16},"end":{"line":218,"column":17}},"type":"if","locations":[{"start":{"line":212,"column":16},"end":{"line":218,"column":17}},{"start":{},"end":{}}]},"13":{"loc":{"start":{"line":213,"column":20},"end":{"line":214,"column":77}},"type":"binary-expr","locations":[{"start":{"line":213,"column":20},"end":{"line":213,"column":59}},{"start":{"line":214,"column":20},"end":{"line":214,"column":77}}]},"14":{"loc":{"start":{"line":221,"column":8},"end":{"line":223,"column":9}},"type":"if","locations":[{"start":{"line":221,"column":8},"end":{"line":223,"column":9}},{"start":{},"end":{}}]}},"s":{"0":1,"1":1,"2":1,"3":1,"4":1,"5":1,"6":44,"7":1056,"8":0,"9":0,"10":0,"11":0,"12":0,"13":0,"14":0,"15":0,"16":0,"17":0,"18":6,"19":6,"20":6,"21":0,"22":6,"23":6,"24":6,"25":6,"26":6,"27":144,"28":6,"29":0,"30":5,"31":120,"32":5,"33":6,"34":6,"35":6,"36":6,"37":49,"38":49,"39":1,"40":1,"41":44,"42":44,"43":0,"44":0,"45":0,"46":0,"47":0,"48":0,"49":44,"50":44,"51":44,"52":44,"53":44,"54":1,"55":44,"56":0,"57":0,"58":0,"59":0,"60":0,"61":4,"62":4,"63":4,"64":4,"65":44,"66":44,"67":0,"68":0,"69":0,"70":0,"71":0,"72":0,"73":0,"74":44,"75":44,"76":44,"77":0,"78":44,"79":44,"80":44,"81":44,"82":44,"83":0,"84":44,"85":44,"86":46,"87":44,"88":44,"89":44,"90":44,"91":44,"92":1},"f":{"0":44,"1":1056,"2":0,"3":0,"4":0,"5":0,"6":6,"7":144,"8":0,"9":5,"10":120,"11":6,"12":6,"13":6,"14":49,"15":49,"16":1,"17":44,"18":44,"19":0,"20":4,"21":44,"22":44},"b":{"0":[0,0],"1":[0,0],"2":[0,0,44],"3":[0,0],"4":[44,0],"5":[44,44],"6":[1,43],"7":[0,44],"8":[0,0,0,44,0],"9":[0,0],"10":[44,0],"11":[0,44],"12":[44,2],"13":[46,46],"14":[44,0]}}
,"/Users/stid/Documents/develop/Apple1JS/src/apple1/WebKeyboard.ts": {"path":"/Users/stid/Documents/develop/Apple1JS/src/apple1/WebKeyboard.ts","statementMap":{"0":{"start":{"line":4,"column":13},"end":{"line":4,"column":17}},"1":{"start":{"line":5,"column":14},"end":{"line":5,"column":18}},"2":{"start":{"line":6,"column":13},"end":{"line":6,"column":17}},"3":{"start":{"line":7,"column":19},"end":{"line":7,"column":23}},"4":{"start":{"line":14,"column":17},"end":{"line":14,"column":27}},"5":{"start":{"line":15,"column":19},"end":{"line":15,"column":32}},"6":{"start":{"line":16,"column":20},"end":{"line":16,"column":36}},"7":{"start":{"line":18,"column":25},"end":{"line":18,"column":29}},"8":{"start":{"line":20,"column":8},"end":{"line":28,"column":10}},"9":{"start":{"line":33,"column":8},"end":{"line":33,"column":36}},"10":{"start":{"line":37,"column":8},"end":{"line":37,"column":15}},"11":{"start":{"line":41,"column":8},"end":{"line":41,"column":27}},"12":{"start":{"line":42,"column":26},"end":{"line":42,"column":40}},"13":{"start":{"line":44,"column":8},"end":{"line":65,"column":9}},"14":{"start":{"line":46,"column":12},"end":{"line":64,"column":13}},"15":{"start":{"line":48,"column":20},"end":{"line":48,"column":57}},"16":{"start":{"line":49,"column":20},"end":{"line":49,"column":26}},"17":{"start":{"line":51,"column":20},"end":{"line":51,"column":51}},"18":{"start":{"line":52,"column":20},"end":{"line":52,"column":26}},"19":{"start":{"line":54,"column":20},"end":{"line":54,"column":52}},"20":{"start":{"line":55,"column":20},"end":{"line":55,"column":26}},"21":{"start":{"line":57,"column":20},"end":{"line":57,"column":51}},"22":{"start":{"line":58,"column":20},"end":{"line":58,"column":26}},"23":{"start":{"line":60,"column":20},"end":{"line":62,"column":21}},"24":{"start":{"line":61,"column":24},"end":{"line":61,"column":82}},"25":{"start":{"line":66,"column":8},"end":{"line":66,"column":22}},"26":{"start":{"line":70,"column":0},"end":{"line":70,"column":24}}},"fnMap":{"0":{"name":"(anonymous_0)","decl":{"start":{"line":19,"column":4},"end":{"line":19,"column":18}},"loc":{"start":{"line":19,"column":18},"end":{"line":29,"column":5}}},"1":{"name":"(anonymous_1)","decl":{"start":{"line":32,"column":4},"end":{"line":32,"column":8}},"loc":{"start":{"line":32,"column":68},"end":{"line":34,"column":5}}},"2":{"name":"(anonymous_2)","decl":{"start":{"line":36,"column":4},"end":{"line":36,"column":9}},"loc":{"start":{"line":36,"column":9},"end":{"line":38,"column":5}}},"3":{"name":"(anonymous_3)","decl":{"start":{"line":40,"column":4},"end":{"line":40,"column":9}},"loc":{"start":{"line":40,"column":27},"end":{"line":67,"column":5}}}},"branchMap":{"0":{"loc":{"start":{"line":25,"column":25},"end":{"line":25,"column":49}},"type":"binary-expr","locations":[{"start":{"line":25,"column":25},"end":{"line":25,"column":37}},{"start":{"line":25,"column":41},"end":{"line":25,"column":49}}]},"1":{"loc":{"start":{"line":44,"column":8},"end":{"line":65,"column":9}},"type":"if","locations":[{"start":{"line":44,"column":8},"end":{"line":65,"column":9}},{"start":{},"end":{}}]},"2":{"loc":{"start":{"line":46,"column":12},"end":{"line":64,"column":13}},"type":"switch","locations":[{"start":{"line":47,"column":16},"end":{"line":49,"column":26}},{"start":{"line":50,"column":16},"end":{"line":52,"column":26}},{"start":{"line":53,"column":16},"end":{"line":55,"column":26}},{"start":{"line":56,"column":16},"end":{"line":58,"column":26}},{"start":{"line":59,"column":16},"end":{"line":63,"column":17}}]},"3":{"loc":{"start":{"line":60,"column":20},"end":{"line":62,"column":21}},"type":"if","locations":[{"start":{"line":60,"column":20},"end":{"line":62,"column":21}},{"start":{},"end":{}}]}},"s":{"0":1,"1":1,"2":1,"3":1,"4":5,"5":5,"6":5,"7":5,"8":0,"9":5,"10":0,"11":5,"12":5,"13":5,"14":5,"15":0,"16":0,"17":1,"18":1,"19":1,"20":1,"21":1,"22":1,"23":2,"24":2,"25":5,"26":1},"f":{"0":0,"1":5,"2":0,"3":5},"b":{"0":[0,0],"1":[5,0],"2":[0,1,1,1,2],"3":[2,0]}}
,"/Users/stid/Documents/develop/Apple1JS/src/apple1/const.ts": {"path":"/Users/stid/Documents/develop/Apple1JS/src/apple1/const.ts","statementMap":{"0":{"start":{"line":1,"column":0},"end":{"line":1,"column":null}},"1":{"start":{"line":10,"column":13},"end":{"line":10,"column":33}},"2":{"start":{"line":11,"column":13},"end":{"line":11,"column":39}},"3":{"start":{"line":12,"column":13},"end":{"line":12,"column":31}},"4":{"start":{"line":13,"column":13},"end":{"line":13,"column":39}},"5":{"start":{"line":15,"column":13},"end":{"line":15,"column":46}},"6":{"start":{"line":17,"column":13},"end":{"line":17,"column":29}}},"fnMap":{},"branchMap":{},"s":{"0":1,"1":1,"2":1,"3":1,"4":1,"5":1,"6":1},"f":{},"b":{}}
,"/Users/stid/Documents/develop/Apple1JS/src/apple1/@types/VideoTypes.ts": {"path":"/Users/stid/Documents/develop/Apple1JS/src/apple1/@types/VideoTypes.ts","statementMap":{"0":{"start":{"line":9,"column":0},"end":{"line":9,"column":null}},"1":{"start":{"line":10,"column":4},"end":{"line":10,"column":null}},"2":{"start":{"line":11,"column":4},"end":{"line":11,"column":null}}},"fnMap":{"0":{"name":"(anonymous_0)","decl":{"start":{"line":9,"column":0},"end":{"line":9,"column":12}},"loc":{"start":{"line":9,"column":32},"end":{"line":12,"column":1}}}},"branchMap":{"0":{"loc":{"start":{"line":9,"column":12},"end":{"line":9,"column":null}},"type":"binary-expr","locations":[{"start":{"line":9,"column":12},"end":{"line":9,"column":32}},{"start":{"line":9,"column":32},"end":{"line":9,"column":null}}]}},"s":{"0":4,"1":4,"2":4},"f":{"0":4},"b":{"0":[4,4]}}
,"/Users/stid/Documents/develop/Apple1JS/src/apple1/constants/system.ts": {"path":"/Users/stid/Documents/develop/Apple1JS/src/apple1/constants/system.ts","statementMap":{"0":{"start":{"line":6,"column":13},"end":{"line":6,"column":31}},"1":{"start":{"line":7,"column":13},"end":{"line":7,"column":39}},"2":{"start":{"line":10,"column":13},"end":{"line":10,"column":34}},"3":{"start":{"line":11,"column":13},"end":{"line":11,"column":31}},"4":{"start":{"line":12,"column":13},"end":{"line":12,"column":35}},"5":{"start":{"line":13,"column":13},"end":{"line":13,"column":46}},"6":{"start":{"line":16,"column":13},"end":{"line":16,"column":33}},"7":{"start":{"line":17,"column":13},"end":{"line":17,"column":39}},"8":{"start":{"line":18,"column":13},"end":{"line":18,"column":30}},"9":{"start":{"line":19,"column":13},"end":{"line":19,"column":36}},"10":{"start":{"line":22,"column":13},"end":{"line":22,"column":38}},"11":{"start":{"line":23,"column":13},"end":{"line":23,"column":39}},"12":{"start":{"line":24,"column":13},"end":{"line":24,"column":29}},"13":{"start":{"line":27,"column":13},"end":{"line":27,"column":38}},"14":{"start":{"line":30,"column":13},"end":{"line":30,"column":31}}},"fnMap":{},"branchMap":{},"s":{"0":1,"1":1,"2":1,"3":1,"4":1,"5":1,"6":1,"7":1,"8":1,"9":1,"10":1,"11":1,"12":1,"13":1,"14":1},"f":{},"b":{}}
,"/Users/stid/Documents/develop/Apple1JS/src/apple1/roms/apple1vid.ts": {"path":"/Users/stid/Documents/develop/Apple1JS/src/apple1/roms/apple1vid.ts","statementMap":{"0":{"start":{"line":1,"column":18},"end":{"line":130,"column":2}},"1":{"start":{"line":132,"column":0},"end":{"line":132,"column":25}}},"fnMap":{},"branchMap":{},"s":{"0":5,"1":5},"f":{},"b":{}}
,"/Users/stid/Documents/develop/Apple1JS/src/components/Actions.tsx": {"path":"/Users/stid/Documents/develop/Apple1JS/src/components/Actions.tsx","statementMap":{"0":{"start":{"line":1,"column":0},"end":{"line":1,"column":40}},"1":{"start":{"line":2,"column":0},"end":{"line":2,"column":58}},"2":{"start":{"line":17,"column":16},"end":{"line":116,"column":1}},"3":{"start":{"line":18,"column":46},"end":{"line":18,"column":75}},"4":{"start":{"line":20,"column":4},"end":{"line":115,"column":6}},"5":{"start":{"line":30,"column":16},"end":{"line":30,"column":27}},"6":{"start":{"line":31,"column":16},"end":{"line":31,"column":28}},"7":{"start":{"line":35,"column":32},"end":{"line":35,"column":57}},"8":{"start":{"line":36,"column":32},"end":{"line":36,"column":54}},"9":{"start":{"line":43,"column":16},"end":{"line":43,"column":33}},"10":{"start":{"line":44,"column":16},"end":{"line":44,"column":28}},"11":{"start":{"line":48,"column":32},"end":{"line":48,"column":57}},"12":{"start":{"line":49,"column":32},"end":{"line":49,"column":54}},"13":{"start":{"line":58,"column":16},"end":{"line":58,"column":31}},"14":{"start":{"line":59,"column":16},"end":{"line":59,"column":28}},"15":{"start":{"line":63,"column":32},"end":{"line":63,"column":56}},"16":{"start":{"line":64,"column":32},"end":{"line":64,"column":54}},"17":{"start":{"line":71,"column":32},"end":{"line":71,"column":56}},"18":{"start":{"line":72,"column":32},"end":{"line":72,"column":54}},"19":{"start":{"line":81,"column":20},"end":{"line":81,"column":35}},"20":{"start":{"line":82,"column":20},"end":{"line":82,"column":32}},"21":{"start":{"line":90,"column":16},"end":{"line":90,"column":24}},"22":{"start":{"line":91,"column":16},"end":{"line":91,"column":28}},"23":{"start":{"line":95,"column":32},"end":{"line":95,"column":61}},"24":{"start":{"line":96,"column":32},"end":{"line":96,"column":54}},"25":{"start":{"line":103,"column":16},"end":{"line":103,"column":41}},"26":{"start":{"line":104,"column":16},"end":{"line":104,"column":28}},"27":{"start":{"line":108,"column":32},"end":{"line":108,"column":58}},"28":{"start":{"line":109,"column":32},"end":{"line":109,"column":54}},"29":{"start":{"line":118,"column":0},"end":{"line":118,"column":23}}},"fnMap":{"0":{"name":"(anonymous_0)","decl":{"start":{"line":17,"column":16},"end":{"line":17,"column":17}},"loc":{"start":{"line":17,"column":169},"end":{"line":116,"column":1}}},"1":{"name":"(anonymous_1)","decl":{"start":{"line":29,"column":21},"end":{"line":29,"column":22}},"loc":{"start":{"line":29,"column":27},"end":{"line":32,"column":13}}},"2":{"name":"(anonymous_2)","decl":{"start":{"line":35,"column":26},"end":{"line":35,"column":29}},"loc":{"start":{"line":35,"column":32},"end":{"line":35,"column":57}}},"3":{"name":"(anonymous_3)","decl":{"start":{"line":36,"column":26},"end":{"line":36,"column":29}},"loc":{"start":{"line":36,"column":32},"end":{"line":36,"column":54}}},"4":{"name":"(anonymous_4)","decl":{"start":{"line":42,"column":21},"end":{"line":42,"column":22}},"loc":{"start":{"line":42,"column":27},"end":{"line":45,"column":13}}},"5":{"name":"(anonymous_5)","decl":{"start":{"line":48,"column":26},"end":{"line":48,"column":29}},"loc":{"start":{"line":48,"column":32},"end":{"line":48,"column":57}}},"6":{"name":"(anonymous_6)","decl":{"start":{"line":49,"column":26},"end":{"line":49,"column":29}},"loc":{"start":{"line":49,"column":32},"end":{"line":49,"column":54}}},"7":{"name":"(anonymous_7)","decl":{"start":{"line":57,"column":21},"end":{"line":57,"column":22}},"loc":{"start":{"line":57,"column":27},"end":{"line":60,"column":13}}},"8":{"name":"(anonymous_8)","decl":{"start":{"line":63,"column":26},"end":{"line":63,"column":29}},"loc":{"start":{"line":63,"column":32},"end":{"line":63,"column":56}}},"9":{"name":"(anonymous_9)","decl":{"start":{"line":64,"column":26},"end":{"line":64,"column":29}},"loc":{"start":{"line":64,"column":32},"end":{"line":64,"column":54}}},"10":{"name":"(anonymous_10)","decl":{"start":{"line":71,"column":26},"end":{"line":71,"column":29}},"loc":{"start":{"line":71,"column":32},"end":{"line":71,"column":56}}},"11":{"name":"(anonymous_11)","decl":{"start":{"line":72,"column":26},"end":{"line":72,"column":29}},"loc":{"start":{"line":72,"column":32},"end":{"line":72,"column":54}}},"12":{"name":"(anonymous_12)","decl":{"start":{"line":80,"column":26},"end":{"line":80,"column":27}},"loc":{"start":{"line":80,"column":32},"end":{"line":83,"column":17}}},"13":{"name":"(anonymous_13)","decl":{"start":{"line":89,"column":21},"end":{"line":89,"column":22}},"loc":{"start":{"line":89,"column":27},"end":{"line":92,"column":13}}},"14":{"name":"(anonymous_14)","decl":{"start":{"line":95,"column":26},"end":{"line":95,"column":29}},"loc":{"start":{"line":95,"column":32},"end":{"line":95,"column":61}}},"15":{"name":"(anonymous_15)","decl":{"start":{"line":96,"column":26},"end":{"line":96,"column":29}},"loc":{"start":{"line":96,"column":32},"end":{"line":96,"column":54}}},"16":{"name":"(anonymous_16)","decl":{"start":{"line":102,"column":21},"end":{"line":102,"column":22}},"loc":{"start":{"line":102,"column":27},"end":{"line":105,"column":13}}},"17":{"name":"(anonymous_17)","decl":{"start":{"line":108,"column":26},"end":{"line":108,"column":29}},"loc":{"start":{"line":108,"column":32},"end":{"line":108,"column":58}}},"18":{"name":"(anonymous_18)","decl":{"start":{"line":109,"column":26},"end":{"line":109,"column":29}},"loc":{"start":{"line":109,"column":32},"end":{"line":109,"column":54}}}},"branchMap":{"0":{"loc":{"start":{"line":52,"column":13},"end":{"line":52,"column":42}},"type":"cond-expr","locations":[{"start":{"line":52,"column":24},"end":{"line":52,"column":32}},{"start":{"line":52,"column":35},"end":{"line":52,"column":42}}]},"1":{"loc":{"start":{"line":99,"column":32},"end":{"line":99,"column":56}},"type":"cond-expr","locations":[{"start":{"line":99,"column":44},"end":{"line":99,"column":48}},{"start":{"line":99,"column":51},"end":{"line":99,"column":56}}]},"2":{"loc":{"start":{"line":112,"column":27},"end":{"line":112,"column":68}},"type":"cond-expr","locations":[{"start":{"line":112,"column":49},"end":{"line":112,"column":59}},{"start":{"line":112,"column":62},"end":{"line":112,"column":68}}]}},"s":{"0":1,"1":1,"2":1,"3":11,"4":11,"5":1,"6":1,"7":0,"8":0,"9":1,"10":1,"11":0,"12":0,"13":0,"14":0,"15":0,"16":0,"17":0,"18":0,"19":0,"20":0,"21":1,"22":1,"23":0,"24":0,"25":1,"26":1,"27":0,"28":0,"29":1},"f":{"0":11,"1":1,"2":0,"3":0,"4":1,"5":0,"6":0,"7":0,"8":0,"9":0,"10":0,"11":0,"12":0,"13":1,"14":0,"15":0,"16":1,"17":0,"18":0},"b":{"0":[1,10],"1":[10,1],"2":[10,1]}}
,"/Users/stid/Documents/develop/Apple1JS/src/components/CRT.tsx": {"path":"/Users/stid/Documents/develop/Apple1JS/src/components/CRT.tsx","statementMap":{"0":{"start":{"line":1,"column":0},"end":{"line":1,"column":73}},"1":{"start":{"line":2,"column":0},"end":{"line":2,"column":36}},"2":{"start":{"line":3,"column":0},"end":{"line":3,"column":30}},"3":{"start":{"line":4,"column":0},"end":{"line":4,"column":47}},"4":{"start":{"line":10,"column":12},"end":{"line":36,"column":null}},"5":{"start":{"line":11,"column":4},"end":{"line":35,"column":null}},"6":{"start":{"line":29,"column":16},"end":{"line":32,"column":null}},"7":{"start":{"line":39,"column":0},"end":{"line":39,"column":19}}},"fnMap":{"0":{"name":"(anonymous_10)","decl":{"start":{"line":10,"column":12},"end":{"line":10,"column":13}},"loc":{"start":{"line":11,"column":4},"end":{"line":35,"column":null}}},"1":{"name":"(anonymous_11)","decl":{"start":{"line":28,"column":34},"end":{"line":28,"column":35}},"loc":{"start":{"line":29,"column":16},"end":{"line":32,"column":null}}}},"branchMap":{},"s":{"0":2,"1":2,"2":2,"3":2,"4":2,"5":2,"6":3,"7":2},"f":{"0":2,"1":3},"b":{}}
,"/Users/stid/Documents/develop/Apple1JS/src/components/CRTConstants.ts": {"path":"/Users/stid/Documents/develop/Apple1JS/src/components/CRTConstants.ts","statementMap":{"0":{"start":{"line":1,"column":13},"end":{"line":1,"column":30}},"1":{"start":{"line":2,"column":13},"end":{"line":2,"column":31}},"2":{"start":{"line":3,"column":13},"end":{"line":3,"column":34}},"3":{"start":{"line":4,"column":13},"end":{"line":4,"column":66}},"4":{"start":{"line":5,"column":13},"end":{"line":5,"column":66}}},"fnMap":{},"branchMap":{},"s":{"0":6,"1":6,"2":6,"3":6,"4":6},"f":{},"b":{}}
,"/Users/stid/Documents/develop/Apple1JS/src/components/CRTCursor.tsx": {"path":"/Users/stid/Documents/develop/Apple1JS/src/components/CRTCursor.tsx","statementMap":{"0":{"start":{"line":1,"column":0},"end":{"line":1,"column":59}},"1":{"start":{"line":2,"column":0},"end":{"line":2,"column":47}},"2":{"start":{"line":3,"column":0},"end":{"line":3,"column":41}},"3":{"start":{"line":10,"column":23},"end":{"line":15,"column":2}},"4":{"start":{"line":10,"column":75},"end":{"line":15,"column":2}},"5":{"start":{"line":17,"column":23},"end":{"line":17,"column":26}},"6":{"start":{"line":19,"column":44},"end":{"line":43,"column":1}},"7":{"start":{"line":20,"column":34},"end":{"line":20,"column":48}},"8":{"start":{"line":21,"column":20},"end":{"line":21,"column":43}},"9":{"start":{"line":23,"column":4},"end":{"line":29,"column":22}},"10":{"start":{"line":25,"column":8},"end":{"line":28,"column":9}},"11":{"start":{"line":26,"column":12},"end":{"line":26,"column":29}},"12":{"start":{"line":27,"column":12},"end":{"line":27,"column":46}},"13":{"start":{"line":31,"column":4},"end":{"line":36,"column":11}},"14":{"start":{"line":32,"column":25},"end":{"line":34,"column":26}},"15":{"start":{"line":33,"column":12},"end":{"line":33,"column":34}},"16":{"start":{"line":33,"column":30},"end":{"line":33,"column":32}},"17":{"start":{"line":35,"column":8},"end":{"line":35,"column":45}},"18":{"start":{"line":35,"column":21},"end":{"line":35,"column":44}},"19":{"start":{"line":38,"column":4},"end":{"line":42,"column":6}},"20":{"start":{"line":45,"column":0},"end":{"line":45,"column":37}},"21":{"start":{"line":47,"column":1},"end":{"line":47,"column":97}}},"fnMap":{"0":{"name":"(anonymous_10)","decl":{"start":{"line":10,"column":23},"end":{"line":10,"column":24}},"loc":{"start":{"line":10,"column":75},"end":{"line":15,"column":2}}},"1":{"name":"(anonymous_11)","decl":{"start":{"line":19,"column":44},"end":{"line":19,"column":45}},"loc":{"start":{"line":19,"column":64},"end":{"line":43,"column":1}}},"2":{"name":"(anonymous_12)","decl":{"start":{"line":23,"column":14},"end":{"line":23,"column":17}},"loc":{"start":{"line":23,"column":19},"end":{"line":29,"column":5}}},"3":{"name":"(anonymous_13)","decl":{"start":{"line":31,"column":14},"end":{"line":31,"column":17}},"loc":{"start":{"line":31,"column":19},"end":{"line":36,"column":5}}},"4":{"name":"(anonymous_14)","decl":{"start":{"line":32,"column":37},"end":{"line":32,"column":40}},"loc":{"start":{"line":32,"column":42},"end":{"line":34,"column":9}}},"5":{"name":"(anonymous_15)","decl":{"start":{"line":33,"column":23},"end":{"line":33,"column":24}},"loc":{"start":{"line":33,"column":30},"end":{"line":33,"column":32}}},"6":{"name":"(anonymous_16)","decl":{"start":{"line":35,"column":15},"end":{"line":35,"column":18}},"loc":{"start":{"line":35,"column":21},"end":{"line":35,"column":44}}}},"branchMap":{"0":{"loc":{"start":{"line":13,"column":13},"end":{"line":13,"column":28}},"type":"cond-expr","locations":[{"start":{"line":13,"column":23},"end":{"line":13,"column":24}},{"start":{"line":13,"column":27},"end":{"line":13,"column":28}}]},"1":{"loc":{"start":{"line":25,"column":8},"end":{"line":28,"column":9}},"type":"if","locations":[{"start":{"line":25,"column":8},"end":{"line":28,"column":9}},{"start":{},"end":{}}]},"2":{"loc":{"start":{"line":25,"column":12},"end":{"line":25,"column":76}},"type":"binary-expr","locations":[{"start":{"line":25,"column":12},"end":{"line":25,"column":39}},{"start":{"line":25,"column":43},"end":{"line":25,"column":76}}]}},"s":{"0":3,"1":3,"2":3,"3":3,"4":5,"5":3,"6":3,"7":5,"8":5,"9":5,"10":3,"11":0,"12":0,"13":5,"14":3,"15":2,"16":2,"17":3,"18":3,"19":5,"20":3,"21":3},"f":{"0":5,"1":5,"2":3,"3":3,"4":2,"5":2,"6":3},"b":{"0":[4,1],"1":[0,3],"2":[3,3]}}
,"/Users/stid/Documents/develop/Apple1JS/src/components/CRTRow.tsx": {"path":"/Users/stid/Documents/develop/Apple1JS/src/components/CRTRow.tsx","statementMap":{"0":{"start":{"line":1,"column":0},"end":{"line":1,"column":26}},"1":{"start":{"line":2,"column":0},"end":{"line":2,"column":47}},"2":{"start":{"line":3,"column":0},"end":{"line":3,"column":41}},"3":{"start":{"line":10,"column":20},"end":{"line":12,"column":2}},"4":{"start":{"line":10,"column":43},"end":{"line":12,"column":2}},"5":{"start":{"line":14,"column":38},"end":{"line":23,"column":1}},"6":{"start":{"line":15,"column":18},"end":{"line":15,"column":27}},"7":{"start":{"line":16,"column":4},"end":{"line":22,"column":6}},"8":{"start":{"line":19,"column":16},"end":{"line":19,"column":64}},"9":{"start":{"line":25,"column":0},"end":{"line":25,"column":34}},"10":{"start":{"line":27,"column":1},"end":{"line":27,"column":88}}},"fnMap":{"0":{"name":"(anonymous_10)","decl":{"start":{"line":10,"column":20},"end":{"line":10,"column":21}},"loc":{"start":{"line":10,"column":43},"end":{"line":12,"column":2}}},"1":{"name":"(anonymous_11)","decl":{"start":{"line":14,"column":38},"end":{"line":14,"column":39}},"loc":{"start":{"line":14,"column":61},"end":{"line":23,"column":1}}},"2":{"name":"(anonymous_12)","decl":{"start":{"line":18,"column":23},"end":{"line":18,"column":24}},"loc":{"start":{"line":19,"column":16},"end":{"line":19,"column":64}}}},"branchMap":{},"s":{"0":3,"1":3,"2":3,"3":3,"4":4,"5":3,"6":4,"7":4,"8":15,"9":3,"10":3},"f":{"0":4,"1":4,"2":15},"b":{}}
,"/Users/stid/Documents/develop/Apple1JS/src/components/CRTRowChar.tsx": {"path":"/Users/stid/Documents/develop/Apple1JS/src/components/CRTRowChar.tsx","statementMap":{"0":{"start":{"line":1,"column":0},"end":{"line":1,"column":26}},"1":{"start":{"line":2,"column":0},"end":{"line":2,"column":47}},"2":{"start":{"line":9,"column":21},"end":{"line":11,"column":2}},"3":{"start":{"line":9,"column":37},"end":{"line":11,"column":2}},"4":{"start":{"line":13,"column":46},"end":{"line":16,"column":null}},"5":{"start":{"line":14,"column":4},"end":{"line":15,"column":null}},"6":{"start":{"line":19,"column":0},"end":{"line":19,"column":38}},"7":{"start":{"line":21,"column":1},"end":{"line":21,"column":100}}},"fnMap":{"0":{"name":"(anonymous_10)","decl":{"start":{"line":9,"column":21},"end":{"line":9,"column":22}},"loc":{"start":{"line":9,"column":37},"end":{"line":11,"column":2}}},"1":{"name":"(anonymous_11)","decl":{"start":{"line":13,"column":46},"end":{"line":13,"column":47}},"loc":{"start":{"line":14,"column":4},"end":{"line":15,"column":null}}}},"branchMap":{},"s":{"0":1,"1":1,"2":1,"3":1,"4":1,"5":1,"6":1,"7":1},"f":{"0":1,"1":1},"b":{}}
,"/Users/stid/Documents/develop/Apple1JS/src/components/CRTRowCharRom.tsx": {"path":"/Users/stid/Documents/develop/Apple1JS/src/components/CRTRowCharRom.tsx","statementMap":{"0":{"start":{"line":1,"column":0},"end":{"line":1,"column":49}},"1":{"start":{"line":2,"column":0},"end":{"line":2,"column":47}},"2":{"start":{"line":3,"column":0},"end":{"line":3,"column":60}},"3":{"start":{"line":4,"column":0},"end":{"line":4,"column":49}},"4":{"start":{"line":6,"column":18},"end":{"line":6,"column":19}},"5":{"start":{"line":7,"column":21},"end":{"line":7,"column":30}},"6":{"start":{"line":8,"column":23},"end":{"line":8,"column":84}},"7":{"start":{"line":15,"column":24},"end":{"line":17,"column":2}},"8":{"start":{"line":15,"column":40},"end":{"line":17,"column":2}},"9":{"start":{"line":19,"column":52},"end":{"line":49,"column":1}},"10":{"start":{"line":20,"column":22},"end":{"line":20,"column":53}},"11":{"start":{"line":22,"column":4},"end":{"line":42,"column":15}},"12":{"start":{"line":23,"column":8},"end":{"line":32,"column":9}},"13":{"start":{"line":25,"column":12},"end":{"line":30,"column":13}},"14":{"start":{"line":26,"column":28},"end":{"line":26,"column":62}},"15":{"start":{"line":27,"column":16},"end":{"line":29,"column":17}},"16":{"start":{"line":28,"column":20},"end":{"line":28,"column":77}},"17":{"start":{"line":31,"column":12},"end":{"line":31,"column":19}},"18":{"start":{"line":33,"column":26},"end":{"line":33,"column":44}},"19":{"start":{"line":34,"column":34},"end":{"line":34,"column":69}},"20":{"start":{"line":35,"column":8},"end":{"line":41,"column":9}},"21":{"start":{"line":36,"column":24},"end":{"line":36,"column":58}},"22":{"start":{"line":37,"column":12},"end":{"line":40,"column":13}},"23":{"start":{"line":38,"column":16},"end":{"line":38,"column":73}},"24":{"start":{"line":39,"column":16},"end":{"line":39,"column":55}},"25":{"start":{"line":44,"column":4},"end":{"line":48,"column":6}},"26":{"start":{"line":51,"column":0},"end":{"line":51,"column":41}},"27":{"start":{"line":53,"column":1},"end":{"line":53,"column":109}}},"fnMap":{"0":{"name":"(anonymous_10)","decl":{"start":{"line":15,"column":24},"end":{"line":15,"column":25}},"loc":{"start":{"line":15,"column":40},"end":{"line":17,"column":2}}},"1":{"name":"(anonymous_11)","decl":{"start":{"line":19,"column":52},"end":{"line":19,"column":53}},"loc":{"start":{"line":19,"column":68},"end":{"line":49,"column":1}}},"2":{"name":"(anonymous_12)","decl":{"start":{"line":22,"column":14},"end":{"line":22,"column":17}},"loc":{"start":{"line":22,"column":19},"end":{"line":42,"column":5}}}},"branchMap":{"0":{"loc":{"start":{"line":23,"column":8},"end":{"line":32,"column":9}},"type":"if","locations":[{"start":{"line":23,"column":8},"end":{"line":32,"column":9}},{"start":{},"end":{}}]},"1":{"loc":{"start":{"line":23,"column":12},"end":{"line":23,"column":66}},"type":"binary-expr","locations":[{"start":{"line":23,"column":12},"end":{"line":23,"column":17}},{"start":{"line":23,"column":21},"end":{"line":23,"column":45}},{"start":{"line":23,"column":49},"end":{"line":23,"column":66}}]},"2":{"loc":{"start":{"line":25,"column":12},"end":{"line":30,"column":13}},"type":"if","locations":[{"start":{"line":25,"column":12},"end":{"line":30,"column":13}},{"start":{},"end":{}}]},"3":{"loc":{"start":{"line":27,"column":16},"end":{"line":29,"column":17}},"type":"if","locations":[{"start":{"line":27,"column":16},"end":{"line":29,"column":17}},{"start":{},"end":{}}]},"4":{"loc":{"start":{"line":35,"column":8},"end":{"line":41,"column":9}},"type":"if","locations":[{"start":{"line":35,"column":8},"end":{"line":41,"column":9}},{"start":{},"end":{}}]},"5":{"loc":{"start":{"line":37,"column":12},"end":{"line":40,"column":13}},"type":"if","locations":[{"start":{"line":37,"column":12},"end":{"line":40,"column":13}},{"start":{},"end":{}}]}},"s":{"0":5,"1":5,"2":5,"3":5,"4":5,"5":5,"6":5,"7":5,"8":27,"9":5,"10":27,"11":27,"12":26,"13":2,"14":2,"15":2,"16":2,"17":2,"18":24,"19":24,"20":24,"21":24,"22":24,"23":24,"24":24,"25":27,"26":5,"27":5},"f":{"0":27,"1":27,"2":26},"b":{"0":[2,24],"1":[26,24,24],"2":[2,0],"3":[2,0],"4":[24,0],"5":[24,0]}}
,"/Users/stid/Documents/develop/Apple1JS/src/components/CRTWorker.tsx": {"path":"/Users/stid/Documents/develop/Apple1JS/src/components/CRTWorker.tsx","statementMap":{"0":{"start":{"line":1,"column":0},"end":{"line":1,"column":62}},"1":{"start":{"line":2,"column":0},"end":{"line":2,"column":63}},"2":{"start":{"line":3,"column":0},"end":{"line":3,"column":24}},"3":{"start":{"line":9,"column":18},"end":{"line":33,"column":1}},"4":{"start":{"line":10,"column":38},"end":{"line":14,"column":6}},"5":{"start":{"line":16,"column":32},"end":{"line":23,"column":10}},"6":{"start":{"line":18,"column":8},"end":{"line":18,"column":58}},"7":{"start":{"line":18,"column":51},"end":{"line":18,"column":58}},"8":{"start":{"line":19,"column":31},"end":{"line":19,"column":83}},"9":{"start":{"line":20,"column":8},"end":{"line":22,"column":9}},"10":{"start":{"line":21,"column":12},"end":{"line":21,"column":31}},"11":{"start":{"line":25,"column":4},"end":{"line":30,"column":38}},"12":{"start":{"line":26,"column":8},"end":{"line":26,"column":64}},"13":{"start":{"line":27,"column":8},"end":{"line":29,"column":10}},"14":{"start":{"line":28,"column":12},"end":{"line":28,"column":71}},"15":{"start":{"line":32,"column":4},"end":{"line":32,"column":41}},"16":{"start":{"line":35,"column":0},"end":{"line":35,"column":36}},"17":{"start":{"line":37,"column":0},"end":{"line":37,"column":25}}},"fnMap":{"0":{"name":"(anonymous_1)","decl":{"start":{"line":9,"column":18},"end":{"line":9,"column":19}},"loc":{"start":{"line":9,"column":62},"end":{"line":33,"column":1}}},"1":{"name":"(anonymous_2)","decl":{"start":{"line":16,"column":44},"end":{"line":16,"column":45}},"loc":{"start":{"line":16,"column":64},"end":{"line":23,"column":5}}},"2":{"name":"(anonymous_3)","decl":{"start":{"line":25,"column":14},"end":{"line":25,"column":17}},"loc":{"start":{"line":25,"column":19},"end":{"line":30,"column":5}}},"3":{"name":"(anonymous_4)","decl":{"start":{"line":27,"column":15},"end":{"line":27,"column":18}},"loc":{"start":{"line":27,"column":20},"end":{"line":29,"column":9}}}},"branchMap":{"0":{"loc":{"start":{"line":18,"column":8},"end":{"line":18,"column":58}},"type":"if","locations":[{"start":{"line":18,"column":8},"end":{"line":18,"column":58}},{"start":{},"end":{}}]},"1":{"loc":{"start":{"line":18,"column":12},"end":{"line":18,"column":49}},"type":"binary-expr","locations":[{"start":{"line":18,"column":12},"end":{"line":18,"column":19}},{"start":{"line":18,"column":23},"end":{"line":18,"column":49}}]},"2":{"loc":{"start":{"line":20,"column":8},"end":{"line":22,"column":9}},"type":"if","locations":[{"start":{"line":20,"column":8},"end":{"line":22,"column":9}},{"start":{},"end":{}}]}},"s":{"0":1,"1":1,"2":1,"3":1,"4":1,"5":1,"6":0,"7":0,"8":0,"9":0,"10":0,"11":1,"12":1,"13":1,"14":1,"15":1,"16":1,"17":1},"f":{"0":1,"1":0,"2":1,"3":1},"b":{"0":[0,0],"1":[0,0],"2":[0,0]}}
,"/Users/stid/Documents/develop/Apple1JS/src/components/CharRomCanvasRenderer.ts": {"path":"/Users/stid/Documents/develop/Apple1JS/src/components/CharRomCanvasRenderer.ts","statementMap":{"0":{"start":{"line":10,"column":8},"end":{"line":10,"column":23}},"1":{"start":{"line":11,"column":8},"end":{"line":11,"column":35}},"2":{"start":{"line":12,"column":8},"end":{"line":12,"column":27}},"3":{"start":{"line":13,"column":8},"end":{"line":13,"column":29}},"4":{"start":{"line":14,"column":8},"end":{"line":14,"column":33}},"5":{"start":{"line":18,"column":23},"end":{"line":18,"column":55}},"6":{"start":{"line":19,"column":8},"end":{"line":19,"column":42}},"7":{"start":{"line":20,"column":8},"end":{"line":20,"column":43}},"8":{"start":{"line":21,"column":20},"end":{"line":21,"column":43}},"9":{"start":{"line":22,"column":8},"end":{"line":24,"column":9}},"10":{"start":{"line":23,"column":12},"end":{"line":23,"column":60}},"11":{"start":{"line":26,"column":32},"end":{"line":26,"column":56}},"12":{"start":{"line":28,"column":8},"end":{"line":28,"column":19}},"13":{"start":{"line":29,"column":8},"end":{"line":29,"column":25}},"14":{"start":{"line":30,"column":8},"end":{"line":30,"column":46}},"15":{"start":{"line":31,"column":8},"end":{"line":37,"column":11}},"16":{"start":{"line":32,"column":12},"end":{"line":36,"column":13}},"17":{"start":{"line":32,"column":25},"end":{"line":32,"column":26}},"18":{"start":{"line":33,"column":34},"end":{"line":33,"column":55}},"19":{"start":{"line":34,"column":16},"end":{"line":34,"column":71}},"20":{"start":{"line":35,"column":16},"end":{"line":35,"column":101}},"21":{"start":{"line":38,"column":8},"end":{"line":38,"column":22}},"22":{"start":{"line":40,"column":8},"end":{"line":40,"column":22}},"23":{"start":{"line":44,"column":8},"end":{"line":46,"column":9}},"24":{"start":{"line":44,"column":28},"end":{"line":44,"column":29}},"25":{"start":{"line":45,"column":12},"end":{"line":45,"column":77}},"26":{"start":{"line":50,"column":23},"end":{"line":50,"column":48}},"27":{"start":{"line":51,"column":8},"end":{"line":53,"column":9}},"28":{"start":{"line":52,"column":12},"end":{"line":52,"column":79}},"29":{"start":{"line":54,"column":8},"end":{"line":54,"column":22}},"30":{"start":{"line":58,"column":0},"end":{"line":58,"column":37}}},"fnMap":{"0":{"name":"(anonymous_0)","decl":{"start":{"line":9,"column":4},"end":{"line":9,"column":16}},"loc":{"start":{"line":9,"column":62},"end":{"line":15,"column":5}}},"1":{"name":"(anonymous_1)","decl":{"start":{"line":17,"column":12},"end":{"line":17,"column":33}},"loc":{"start":{"line":17,"column":50},"end":{"line":41,"column":5}}},"2":{"name":"(anonymous_2)","decl":{"start":{"line":31,"column":32},"end":{"line":31,"column":33}},"loc":{"start":{"line":31,"column":44},"end":{"line":37,"column":9}}},"3":{"name":"(anonymous_3)","decl":{"start":{"line":43,"column":12},"end":{"line":43,"column":29}},"loc":{"start":{"line":43,"column":29},"end":{"line":47,"column":5}}},"4":{"name":"(anonymous_4)","decl":{"start":{"line":49,"column":11},"end":{"line":49,"column":20}},"loc":{"start":{"line":49,"column":37},"end":{"line":55,"column":5}}}},"branchMap":{"0":{"loc":{"start":{"line":22,"column":8},"end":{"line":24,"column":9}},"type":"if","locations":[{"start":{"line":22,"column":8},"end":{"line":24,"column":9}},{"start":{},"end":{}}]},"1":{"loc":{"start":{"line":26,"column":32},"end":{"line":26,"column":56}},"type":"binary-expr","locations":[{"start":{"line":26,"column":32},"end":{"line":26,"column":50}},{"start":{"line":26,"column":54},"end":{"line":26,"column":56}}]},"2":{"loc":{"start":{"line":34,"column":32},"end":{"line":34,"column":70}},"type":"cond-expr","locations":[{"start":{"line":34,"column":44},"end":{"line":34,"column":54}},{"start":{"line":34,"column":57},"end":{"line":34,"column":70}}]},"3":{"loc":{"start":{"line":51,"column":8},"end":{"line":53,"column":9}},"type":"if","locations":[{"start":{"line":51,"column":8},"end":{"line":53,"column":9}},{"start":{},"end":{}}]}},"s":{"0":5,"1":5,"2":5,"3":5,"4":5,"5":1280,"6":1280,"7":1280,"8":1280,"9":1280,"10":0,"11":1280,"12":1280,"13":1280,"14":1280,"15":1280,"16":5120,"17":5120,"18":40960,"19":40960,"20":40960,"21":1280,"22":1280,"23":5,"24":5,"25":1280,"26":24,"27":24,"28":0,"29":24,"30":5},"f":{"0":5,"1":1280,"2":5120,"3":5,"4":24},"b":{"0":[0,1280],"1":[1280,640],"2":[6430,34530],"3":[0,24]}}
,"/Users/stid/Documents/develop/Apple1JS/src/components/Disassembler.tsx": {"path":"/Users/stid/Documents/develop/Apple1JS/src/components/Disassembler.tsx","statementMap":{"0":{"start":{"line":1,"column":0},"end":{"line":1,"column":72}},"1":{"start":{"line":2,"column":0},"end":{"line":2,"column":89}},"2":{"start":{"line":16,"column":13},"end":{"line":168,"column":2}},"3":{"start":{"line":170,"column":50},"end":{"line":428,"column":1}},"4":{"start":{"line":171,"column":30},"end":{"line":171,"column":61}},"5":{"start":{"line":172,"column":38},"end":{"line":172,"column":57}},"6":{"start":{"line":173,"column":44},"end":{"line":173,"column":68}},"7":{"start":{"line":175,"column":31},"end":{"line":175,"column":59}},"8":{"start":{"line":177,"column":30},"end":{"line":276,"column":10}},"9":{"start":{"line":178,"column":42},"end":{"line":178,"column":44}},"10":{"start":{"line":179,"column":19},"end":{"line":179,"column":28}},"11":{"start":{"line":181,"column":8},"end":{"line":273,"column":9}},"12":{"start":{"line":182,"column":27},"end":{"line":182,"column":56}},"13":{"start":{"line":183,"column":31},"end":{"line":183,"column":46}},"14":{"start":{"line":185,"column":12},"end":{"line":194,"column":13}},"15":{"start":{"line":186,"column":16},"end":{"line":191,"column":19}},"16":{"start":{"line":192,"column":16},"end":{"line":192,"column":23}},"17":{"start":{"line":193,"column":16},"end":{"line":193,"column":25}},"18":{"start":{"line":196,"column":36},"end":{"line":196,"column":44}},"19":{"start":{"line":197,"column":26},"end":{"line":197,"column":28}},"20":{"start":{"line":200,"column":12},"end":{"line":204,"column":13}},"21":{"start":{"line":200,"column":25},"end":{"line":200,"column":26}},"22":{"start":{"line":201,"column":16},"end":{"line":203,"column":17}},"23":{"start":{"line":202,"column":20},"end":{"line":202,"column":66}},"24":{"start":{"line":207,"column":12},"end":{"line":263,"column":13}},"25":{"start":{"line":210,"column":20},"end":{"line":210,"column":33}},"26":{"start":{"line":211,"column":20},"end":{"line":211,"column":26}},"27":{"start":{"line":214,"column":20},"end":{"line":214,"column":99}},"28":{"start":{"line":215,"column":20},"end":{"line":215,"column":26}},"29":{"start":{"line":218,"column":20},"end":{"line":218,"column":98}},"30":{"start":{"line":219,"column":20},"end":{"line":219,"column":26}},"31":{"start":{"line":222,"column":20},"end":{"line":222,"column":100}},"32":{"start":{"line":223,"column":20},"end":{"line":223,"column":26}},"33":{"start":{"line":226,"column":20},"end":{"line":226,"column":100}},"34":{"start":{"line":227,"column":20},"end":{"line":227,"column":26}},"35":{"start":{"line":230,"column":36},"end":{"line":230,"column":74}},"36":{"start":{"line":231,"column":20},"end":{"line":231,"column":88}},"37":{"start":{"line":232,"column":20},"end":{"line":232,"column":26}},"38":{"start":{"line":235,"column":36},"end":{"line":235,"column":74}},"39":{"start":{"line":236,"column":20},"end":{"line":236,"column":90}},"40":{"start":{"line":237,"column":20},"end":{"line":237,"column":26}},"41":{"start":{"line":240,"column":36},"end":{"line":240,"column":74}},"42":{"start":{"line":241,"column":20},"end":{"line":241,"column":90}},"43":{"start":{"line":242,"column":20},"end":{"line":242,"column":26}},"44":{"start":{"line":245,"column":36},"end":{"line":245,"column":74}},"45":{"start":{"line":246,"column":20},"end":{"line":246,"column":90}},"46":{"start":{"line":247,"column":20},"end":{"line":247,"column":26}},"47":{"start":{"line":250,"column":20},"end":{"line":250,"column":102}},"48":{"start":{"line":251,"column":20},"end":{"line":251,"column":26}},"49":{"start":{"line":254,"column":20},"end":{"line":254,"column":102}},"50":{"start":{"line":255,"column":20},"end":{"line":255,"column":26}},"51":{"start":{"line":258,"column":35},"end":{"line":258,"column":48}},"52":{"start":{"line":259,"column":35},"end":{"line":259,"column":84}},"53":{"start":{"line":260,"column":20},"end":{"line":260,"column":87}},"54":{"start":{"line":261,"column":20},"end":{"line":261,"column":26}},"55":{"start":{"line":265,"column":12},"end":{"line":270,"column":15}},"56":{"start":{"line":272,"column":12},"end":{"line":272,"column":37}},"57":{"start":{"line":275,"column":8},"end":{"line":275,"column":22}},"58":{"start":{"line":279,"column":26},"end":{"line":291,"column":16}},"59":{"start":{"line":280,"column":8},"end":{"line":280,"column":46}},"60":{"start":{"line":280,"column":39},"end":{"line":280,"column":46}},"61":{"start":{"line":282,"column":8},"end":{"line":282,"column":21}},"62":{"start":{"line":285,"column":23},"end":{"line":285,"column":53}},"63":{"start":{"line":286,"column":44},"end":{"line":286,"column":67}},"64":{"start":{"line":287,"column":8},"end":{"line":290,"column":11}},"65":{"start":{"line":294,"column":32},"end":{"line":296,"column":10}},"66":{"start":{"line":295,"column":8},"end":{"line":295,"column":54}},"67":{"start":{"line":299,"column":32},"end":{"line":306,"column":37}},"68":{"start":{"line":300,"column":8},"end":{"line":305,"column":9}},"69":{"start":{"line":301,"column":25},"end":{"line":301,"column":51}},"70":{"start":{"line":302,"column":12},"end":{"line":304,"column":13}},"71":{"start":{"line":303,"column":16},"end":{"line":303,"column":36}},"72":{"start":{"line":310,"column":4},"end":{"line":329,"column":36}},"73":{"start":{"line":311,"column":36},"end":{"line":325,"column":9}},"74":{"start":{"line":312,"column":12},"end":{"line":317,"column":13}},"75":{"start":{"line":313,"column":35},"end":{"line":313,"column":69}},"76":{"start":{"line":314,"column":36},"end":{"line":314,"column":112}},"77":{"start":{"line":316,"column":16},"end":{"line":316,"column":38}},"78":{"start":{"line":319,"column":12},"end":{"line":324,"column":13}},"79":{"start":{"line":320,"column":34},"end":{"line":320,"column":49}},"80":{"start":{"line":321,"column":16},"end":{"line":323,"column":17}},"81":{"start":{"line":322,"column":20},"end":{"line":322,"column":51}},"82":{"start":{"line":327,"column":8},"end":{"line":327,"column":64}},"83":{"start":{"line":328,"column":8},"end":{"line":328,"column":80}},"84":{"start":{"line":328,"column":21},"end":{"line":328,"column":79}},"85":{"start":{"line":332,"column":4},"end":{"line":334,"column":24}},"86":{"start":{"line":333,"column":8},"end":{"line":333,"column":25}},"87":{"start":{"line":336,"column":4},"end":{"line":427,"column":6}},"88":{"start":{"line":394,"column":52},"end":{"line":394,"column":78}},"89":{"start":{"line":395,"column":51},"end":{"line":395,"column":107}},"90":{"start":{"line":396,"column":49},"end":{"line":396,"column":125}},"91":{"start":{"line":396,"column":69},"end":{"line":396,"column":114}},"92":{"start":{"line":398,"column":32},"end":{"line":420,"column":34}},"93":{"start":{"line":430,"column":0},"end":{"line":430,"column":28}}},"fnMap":{"0":{"name":"(anonymous_0)","decl":{"start":{"line":170,"column":50},"end":{"line":170,"column":51}},"loc":{"start":{"line":170,"column":65},"end":{"line":428,"column":1}}},"1":{"name":"(anonymous_1)","decl":{"start":{"line":177,"column":42},"end":{"line":177,"column":43}},"loc":{"start":{"line":177,"column":117},"end":{"line":276,"column":5}}},"2":{"name":"(anonymous_2)","decl":{"start":{"line":279,"column":38},"end":{"line":279,"column":39}},"loc":{"start":{"line":279,"column":55},"end":{"line":291,"column":5}}},"3":{"name":"(anonymous_3)","decl":{"start":{"line":294,"column":44},"end":{"line":294,"column":45}},"loc":{"start":{"line":294,"column":87},"end":{"line":296,"column":5}}},"4":{"name":"(anonymous_4)","decl":{"start":{"line":299,"column":44},"end":{"line":299,"column":45}},"loc":{"start":{"line":299,"column":89},"end":{"line":306,"column":5}}},"5":{"name":"(anonymous_5)","decl":{"start":{"line":310,"column":14},"end":{"line":310,"column":17}},"loc":{"start":{"line":310,"column":19},"end":{"line":329,"column":5}}},"6":{"name":"(anonymous_6)","decl":{"start":{"line":311,"column":36},"end":{"line":311,"column":37}},"loc":{"start":{"line":311,"column":60},"end":{"line":325,"column":9}}},"7":{"name":"(anonymous_7)","decl":{"start":{"line":328,"column":15},"end":{"line":328,"column":18}},"loc":{"start":{"line":328,"column":21},"end":{"line":328,"column":79}}},"8":{"name":"(anonymous_8)","decl":{"start":{"line":332,"column":14},"end":{"line":332,"column":17}},"loc":{"start":{"line":332,"column":19},"end":{"line":334,"column":5}}},"9":{"name":"(anonymous_9)","decl":{"start":{"line":393,"column":39},"end":{"line":393,"column":40}},"loc":{"start":{"line":393,"column":55},"end":{"line":421,"column":29}}},"10":{"name":"(anonymous_10)","decl":{"start":{"line":396,"column":64},"end":{"line":396,"column":65}},"loc":{"start":{"line":396,"column":69},"end":{"line":396,"column":114}}}},"branchMap":{"0":{"loc":{"start":{"line":181,"column":15},"end":{"line":181,"column":58}},"type":"binary-expr","locations":[{"start":{"line":181,"column":15},"end":{"line":181,"column":40}},{"start":{"line":181,"column":44},"end":{"line":181,"column":58}}]},"1":{"loc":{"start":{"line":182,"column":27},"end":{"line":182,"column":56}},"type":"binary-expr","locations":[{"start":{"line":182,"column":27},"end":{"line":182,"column":51}},{"start":{"line":182,"column":55},"end":{"line":182,"column":56}}]},"2":{"loc":{"start":{"line":185,"column":12},"end":{"line":194,"column":13}},"type":"if","locations":[{"start":{"line":185,"column":12},"end":{"line":194,"column":13}},{"start":{},"end":{}}]},"3":{"loc":{"start":{"line":201,"column":16},"end":{"line":203,"column":17}},"type":"if","locations":[{"start":{"line":201,"column":16},"end":{"line":203,"column":17}},{"start":{},"end":{}}]},"4":{"loc":{"start":{"line":202,"column":31},"end":{"line":202,"column":64}},"type":"binary-expr","locations":[{"start":{"line":202,"column":31},"end":{"line":202,"column":59}},{"start":{"line":202,"column":63},"end":{"line":202,"column":64}}]},"5":{"loc":{"start":{"line":207,"column":12},"end":{"line":263,"column":13}},"type":"switch","locations":[{"start":{"line":208,"column":16},"end":{"line":208,"column":27}},{"start":{"line":209,"column":16},"end":{"line":212,"column":17}},{"start":{"line":213,"column":16},"end":{"line":216,"column":17}},{"start":{"line":217,"column":16},"end":{"line":220,"column":17}},{"start":{"line":221,"column":16},"end":{"line":224,"column":17}},{"start":{"line":225,"column":16},"end":{"line":228,"column":17}},{"start":{"line":229,"column":16},"end":{"line":233,"column":17}},{"start":{"line":234,"column":16},"end":{"line":238,"column":17}},{"start":{"line":239,"column":16},"end":{"line":243,"column":17}},{"start":{"line":244,"column":16},"end":{"line":248,"column":17}},{"start":{"line":249,"column":16},"end":{"line":252,"column":17}},{"start":{"line":253,"column":16},"end":{"line":256,"column":17}},{"start":{"line":257,"column":16},"end":{"line":262,"column":17}}]},"6":{"loc":{"start":{"line":214,"column":35},"end":{"line":214,"column":96}},"type":"binary-expr","locations":[{"start":{"line":214,"column":35},"end":{"line":214,"column":88}},{"start":{"line":214,"column":92},"end":{"line":214,"column":96}}]},"7":{"loc":{"start":{"line":218,"column":34},"end":{"line":218,"column":95}},"type":"binary-expr","locations":[{"start":{"line":218,"column":34},"end":{"line":218,"column":87}},{"start":{"line":218,"column":91},"end":{"line":218,"column":95}}]},"8":{"loc":{"start":{"line":222,"column":34},"end":{"line":222,"column":95}},"type":"binary-expr","locations":[{"start":{"line":222,"column":34},"end":{"line":222,"column":87}},{"start":{"line":222,"column":91},"end":{"line":222,"column":95}}]},"9":{"loc":{"start":{"line":226,"column":34},"end":{"line":226,"column":95}},"type":"binary-expr","locations":[{"start":{"line":226,"column":34},"end":{"line":226,"column":87}},{"start":{"line":226,"column":91},"end":{"line":226,"column":95}}]},"10":{"loc":{"start":{"line":230,"column":37},"end":{"line":230,"column":50}},"type":"binary-expr","locations":[{"start":{"line":230,"column":37},"end":{"line":230,"column":45}},{"start":{"line":230,"column":49},"end":{"line":230,"column":50}}]},"11":{"loc":{"start":{"line":230,"column":60},"end":{"line":230,"column":73}},"type":"binary-expr","locations":[{"start":{"line":230,"column":60},"end":{"line":230,"column":68}},{"start":{"line":230,"column":72},"end":{"line":230,"column":73}}]},"12":{"loc":{"start":{"line":235,"column":37},"end":{"line":235,"column":50}},"type":"binary-expr","locations":[{"start":{"line":235,"column":37},"end":{"line":235,"column":45}},{"start":{"line":235,"column":49},"end":{"line":235,"column":50}}]},"13":{"loc":{"start":{"line":235,"column":60},"end":{"line":235,"column":73}},"type":"binary-expr","locations":[{"start":{"line":235,"column":60},"end":{"line":235,"column":68}},{"start":{"line":235,"column":72},"end":{"line":235,"column":73}}]},"14":{"loc":{"start":{"line":240,"column":37},"end":{"line":240,"column":50}},"type":"binary-expr","locations":[{"start":{"line":240,"column":37},"end":{"line":240,"column":45}},{"start":{"line":240,"column":49},"end":{"line":240,"column":50}}]},"15":{"loc":{"start":{"line":240,"column":60},"end":{"line":240,"column":73}},"type":"binary-expr","locations":[{"start":{"line":240,"column":60},"end":{"line":240,"column":68}},{"start":{"line":240,"column":72},"end":{"line":240,"column":73}}]},"16":{"loc":{"start":{"line":245,"column":37},"end":{"line":245,"column":50}},"type":"binary-expr","locations":[{"start":{"line":245,"column":37},"end":{"line":245,"column":45}},{"start":{"line":245,"column":49},"end":{"line":245,"column":50}}]},"17":{"loc":{"start":{"line":245,"column":60},"end":{"line":245,"column":73}},"type":"binary-expr","locations":[{"start":{"line":245,"column":60},"end":{"line":245,"column":68}},{"start":{"line":245,"column":72},"end":{"line":245,"column":73}}]},"18":{"loc":{"start":{"line":250,"column":35},"end":{"line":250,"column":96}},"type":"binary-expr","locations":[{"start":{"line":250,"column":35},"end":{"line":250,"column":88}},{"start":{"line":250,"column":92},"end":{"line":250,"column":96}}]},"19":{"loc":{"start":{"line":254,"column":35},"end":{"line":254,"column":96}},"type":"binary-expr","locations":[{"start":{"line":254,"column":35},"end":{"line":254,"column":88}},{"start":{"line":254,"column":92},"end":{"line":254,"column":96}}]},"20":{"loc":{"start":{"line":258,"column":35},"end":{"line":258,"column":48}},"type":"binary-expr","locations":[{"start":{"line":258,"column":35},"end":{"line":258,"column":43}},{"start":{"line":258,"column":47},"end":{"line":258,"column":48}}]},"21":{"loc":{"start":{"line":259,"column":47},"end":{"line":259,"column":83}},"type":"cond-expr","locations":[{"start":{"line":259,"column":62},"end":{"line":259,"column":74}},{"start":{"line":259,"column":77},"end":{"line":259,"column":83}}]},"22":{"loc":{"start":{"line":280,"column":8},"end":{"line":280,"column":46}},"type":"if","locations":[{"start":{"line":280,"column":8},"end":{"line":280,"column":46}},{"start":{},"end":{}}]},"23":{"loc":{"start":{"line":280,"column":12},"end":{"line":280,"column":37}},"type":"binary-expr","locations":[{"start":{"line":280,"column":12},"end":{"line":280,"column":20}},{"start":{"line":280,"column":24},"end":{"line":280,"column":37}}]},"24":{"loc":{"start":{"line":300,"column":8},"end":{"line":305,"column":9}},"type":"if","locations":[{"start":{"line":300,"column":8},"end":{"line":305,"column":9}},{"start":{},"end":{}}]},"25":{"loc":{"start":{"line":302,"column":12},"end":{"line":304,"column":13}},"type":"if","locations":[{"start":{"line":302,"column":12},"end":{"line":304,"column":13}},{"start":{},"end":{}}]},"26":{"loc":{"start":{"line":312,"column":12},"end":{"line":317,"column":13}},"type":"if","locations":[{"start":{"line":312,"column":12},"end":{"line":317,"column":13}},{"start":{},"end":{}}]},"27":{"loc":{"start":{"line":319,"column":12},"end":{"line":324,"column":13}},"type":"if","locations":[{"start":{"line":319,"column":12},"end":{"line":324,"column":13}},{"start":{},"end":{}}]},"28":{"loc":{"start":{"line":321,"column":16},"end":{"line":323,"column":17}},"type":"if","locations":[{"start":{"line":321,"column":16},"end":{"line":323,"column":17}},{"start":{},"end":{}}]},"29":{"loc":{"start":{"line":356,"column":21},"end":{"line":367,"column":null}},"type":"binary-expr","locations":[{"start":{"line":356,"column":21},"end":{"line":356,"column":37}},{"start":{"line":357,"column":24},"end":{"line":366,"column":null}}]},"30":{"loc":{"start":{"line":401,"column":51},"end":{"line":403,"column":95}},"type":"cond-expr","locations":[{"start":{"line":402,"column":46},"end":{"line":402,"column":100}},{"start":{"line":403,"column":46},"end":{"line":403,"column":95}}]},"31":{"loc":{"start":{"line":407,"column":45},"end":{"line":407,"column":104}},"type":"binary-expr","locations":[{"start":{"line":407,"column":45},"end":{"line":407,"column":56}},{"start":{"line":407,"column":60},"end":{"line":407,"column":104}}]},"32":{"loc":{"start":{"line":415,"column":45},"end":{"line":416,"column":null}},"type":"binary-expr","locations":[{"start":{"line":415,"column":45},"end":{"line":415,"column":57}},{"start":{"line":416,"column":48},"end":{"line":416,"column":108}}]}},"s":{"0":1,"1":1,"2":1,"3":1,"4":0,"5":0,"6":0,"7":0,"8":0,"9":0,"10":0,"11":0,"12":0,"13":0,"14":0,"15":0,"16":0,"17":0,"18":0,"19":0,"20":0,"21":0,"22":0,"23":0,"24":0,"25":0,"26":0,"27":0,"28":0,"29":0,"30":0,"31":0,"32":0,"33":0,"34":0,"35":0,"36":0,"37":0,"38":0,"39":0,"40":0,"41":0,"42":0,"43":0,"44":0,"45":0,"46":0,"47":0,"48":0,"49":0,"50":0,"51":0,"52":0,"53":0,"54":0,"55":0,"56":0,"57":0,"58":0,"59":0,"60":0,"61":0,"62":0,"63":0,"64":0,"65":0,"66":0,"67":0,"68":0,"69":0,"70":0,"71":0,"72":0,"73":0,"74":0,"75":0,"76":0,"77":0,"78":0,"79":0,"80":0,"81":0,"82":0,"83":0,"84":0,"85":0,"86":0,"87":0,"88":0,"89":0,"90":0,"91":0,"92":0,"93":1},"f":{"0":0,"1":0,"2":0,"3":0,"4":0,"5":0,"6":0,"7":0,"8":0,"9":0,"10":0},"b":{"0":[0,0],"1":[0,0],"2":[0,0],"3":[0,0],"4":[0,0],"5":[0,0,0,0,0,0,0,0,0,0,0,0,0],"6":[0,0],"7":[0,0],"8":[0,0],"9":[0,0],"10":[0,0],"11":[0,0],"12":[0,0],"13":[0,0],"14":[0,0],"15":[0,0],"16":[0,0],"17":[0,0],"18":[0,0],"19":[0,0],"20":[0,0],"21":[0,0],"22":[0,0],"23":[0,0],"24":[0,0],"25":[0,0],"26":[0,0],"27":[0,0],"28":[0,0],"29":[0,0],"30":[0,0],"31":[0,0],"32":[0,0]}}
,"/Users/stid/Documents/develop/Apple1JS/src/components/Error.tsx": {"path":"/Users/stid/Documents/develop/Apple1JS/src/components/Error.tsx","statementMap":{"0":{"start":{"line":1,"column":0},"end":{"line":1,"column":56}},"1":{"start":{"line":12,"column":19},"end":{"line":12,"column":38}},"2":{"start":{"line":16,"column":8},"end":{"line":16,"column":34}},"3":{"start":{"line":19,"column":24},"end":{"line":21,"column":5}},"4":{"start":{"line":20,"column":8},"end":{"line":20,"column":59}},"5":{"start":{"line":24,"column":29},"end":{"line":24,"column":39}},"6":{"start":{"line":25,"column":29},"end":{"line":25,"column":39}},"7":{"start":{"line":27,"column":8},"end":{"line":34,"column":9}},"8":{"start":{"line":28,"column":12},"end":{"line":33,"column":14}},"9":{"start":{"line":36,"column":8},"end":{"line":36,"column":24}},"10":{"start":{"line":40,"column":0},"end":{"line":40,"column":29}}},"fnMap":{"0":{"name":"(anonymous_0)","decl":{"start":{"line":15,"column":4},"end":{"line":15,"column":10}},"loc":{"start":{"line":15,"column":44},"end":{"line":17,"column":5}}},"1":{"name":"(anonymous_1)","decl":{"start":{"line":19,"column":24},"end":{"line":19,"column":25}},"loc":{"start":{"line":19,"column":63},"end":{"line":21,"column":5}}},"2":{"name":"(anonymous_2)","decl":{"start":{"line":23,"column":4},"end":{"line":23,"column":10}},"loc":{"start":{"line":23,"column":10},"end":{"line":37,"column":5}}}},"branchMap":{"0":{"loc":{"start":{"line":27,"column":8},"end":{"line":34,"column":9}},"type":"if","locations":[{"start":{"line":27,"column":8},"end":{"line":34,"column":9}},{"start":{},"end":{}}]}},"s":{"0":1,"1":3,"2":4,"3":3,"4":2,"5":7,"6":7,"7":7,"8":4,"9":3,"10":1},"f":{"0":4,"1":2,"2":7},"b":{"0":[4,3]}}
,"/Users/stid/Documents/develop/Apple1JS/src/components/Info.tsx": {"path":"/Users/stid/Documents/develop/Apple1JS/src/components/Info.tsx","statementMap":{"0":{"start":{"line":1,"column":26},"end":{"line":10,"column":null}},"1":{"start":{"line":2,"column":4},"end":{"line":9,"column":null}},"2":{"start":{"line":13,"column":20},"end":{"line":22,"column":null}},"3":{"start":{"line":14,"column":4},"end":{"line":21,"column":null}},"4":{"start":{"line":25,"column":21},"end":{"line":35,"column":null}},"5":{"start":{"line":26,"column":4},"end":{"line":34,"column":null}},"6":{"start":{"line":38,"column":24},"end":{"line":45,"column":null}},"7":{"start":{"line":39,"column":4},"end":{"line":44,"column":null}},"8":{"start":{"line":48,"column":23},"end":{"line":58,"column":null}},"9":{"start":{"line":49,"column":4},"end":{"line":57,"column":null}},"10":{"start":{"line":61,"column":24},"end":{"line":68,"column":null}},"11":{"start":{"line":62,"column":4},"end":{"line":67,"column":null}},"12":{"start":{"line":71,"column":19},"end":{"line":85,"column":null}},"13":{"start":{"line":72,"column":4},"end":{"line":84,"column":null}},"14":{"start":{"line":88,"column":19},"end":{"line":102,"column":null}},"15":{"start":{"line":89,"column":4},"end":{"line":101,"column":null}},"16":{"start":{"line":105,"column":13},"end":{"line":115,"column":null}},"17":{"start":{"line":106,"column":4},"end":{"line":114,"column":null}},"18":{"start":{"line":118,"column":0},"end":{"line":118,"column":20}}},"fnMap":{"0":{"name":"(anonymous_0)","decl":{"start":{"line":1,"column":26},"end":{"line":1,"column":29}},"loc":{"start":{"line":2,"column":4},"end":{"line":9,"column":null}}},"1":{"name":"(anonymous_1)","decl":{"start":{"line":13,"column":20},"end":{"line":13,"column":23}},"loc":{"start":{"line":14,"column":4},"end":{"line":21,"column":null}}},"2":{"name":"(anonymous_2)","decl":{"start":{"line":25,"column":21},"end":{"line":25,"column":24}},"loc":{"start":{"line":26,"column":4},"end":{"line":34,"column":null}}},"3":{"name":"(anonymous_3)","decl":{"start":{"line":38,"column":24},"end":{"line":38,"column":27}},"loc":{"start":{"line":39,"column":4},"end":{"line":44,"column":null}}},"4":{"name":"(anonymous_4)","decl":{"start":{"line":48,"column":23},"end":{"line":48,"column":26}},"loc":{"start":{"line":49,"column":4},"end":{"line":57,"column":null}}},"5":{"name":"(anonymous_5)","decl":{"start":{"line":61,"column":24},"end":{"line":61,"column":27}},"loc":{"start":{"line":62,"column":4},"end":{"line":67,"column":null}}},"6":{"name":"(anonymous_6)","decl":{"start":{"line":71,"column":19},"end":{"line":71,"column":22}},"loc":{"start":{"line":72,"column":4},"end":{"line":84,"column":null}}},"7":{"name":"(anonymous_7)","decl":{"start":{"line":88,"column":19},"end":{"line":88,"column":22}},"loc":{"start":{"line":89,"column":4},"end":{"line":101,"column":null}}},"8":{"name":"(anonymous_8)","decl":{"start":{"line":105,"column":13},"end":{"line":105,"column":16}},"loc":{"start":{"line":106,"column":4},"end":{"line":114,"column":null}}}},"branchMap":{},"s":{"0":1,"1":2,"2":1,"3":2,"4":1,"5":2,"6":1,"7":2,"8":1,"9":2,"10":1,"11":2,"12":1,"13":2,"14":1,"15":2,"16":1,"17":2,"18":1},"f":{"0":2,"1":2,"2":2,"3":2,"4":2,"5":2,"6":2,"7":2,"8":2},"b":{}}
[...]
,"/Users/stid/Documents/develop/Apple1JS/src/core/utils.ts": {"path":"/Users/stid/Documents/develop/Apple1JS/src/core/utils.ts","statementMap":{"0":{"start":{"line":7,"column":24},"end":{"line":9,"column":1}},"1":{"start":{"line":8,"column":4},"end":{"line":8,"column":29}},"2":{"start":{"line":7,"column":13},"end":{"line":7,"column":24}},"3":{"start":{"line":17,"column":22},"end":{"line":19,"column":1}},"4":{"start":{"line":18,"column":4},"end":{"line":18,"column":28}},"5":{"start":{"line":17,"column":13},"end":{"line":17,"column":22}},"6":{"start":{"line":27,"column":23},"end":{"line":29,"column":1}},"7":{"start":{"line":28,"column":4},"end":{"line":28,"column":36}},"8":{"start":{"line":27,"column":13},"end":{"line":27,"column":23}},"9":{"start":{"line":37,"column":25},"end":{"line":39,"column":1}},"10":{"start":{"line":38,"column":4},"end":{"line":38,"column":28}},"11":{"start":{"line":37,"column":13},"end":{"line":37,"column":25}}},"fnMap":{"0":{"name":"(anonymous_0)","decl":{"start":{"line":7,"column":24},"end":{"line":7,"column":25}},"loc":{"start":{"line":7,"column":61},"end":{"line":9,"column":1}}},"1":{"name":"(anonymous_1)","decl":{"start":{"line":17,"column":22},"end":{"line":17,"column":23}},"loc":{"start":{"line":17,"column":59},"end":{"line":19,"column":1}}},"2":{"name":"(anonymous_2)","decl":{"start":{"line":27,"column":23},"end":{"line":27,"column":24}},"loc":{"start":{"line":27,"column":61},"end":{"line":29,"column":1}}},"3":{"name":"(anonymous_3)","decl":{"start":{"line":37,"column":25},"end":{"line":37,"column":26}},"loc":{"start":{"line":37,"column":62},"end":{"line":39,"column":1}}}},"branchMap":{},"s":{"0":2,"1":4,"2":2,"3":2,"4":5,"5":2,"6":2,"7":4,"8":2,"9":2,"10":4,"11":2},"f":{"0":4,"1":5,"2":4,"3":4},"b":{}}
,"/Users/stid/Documents/develop/Apple1JS/src/core/@types/InspectableTypes.ts": {"path":"/Users/stid/Documents/develop/Apple1JS/src/core/@types/InspectableTypes.ts","statementMap":{"0":{"start":{"line":69,"column":0},"end":{"line":69,"column":16}},"1":{"start":{"line":81,"column":0},"end":{"line":81,"column":16}},"2":{"start":{"line":88,"column":0},"end":{"line":88,"column":16}},"3":{"start":{"line":70,"column":4},"end":{"line":74,"column":5}},"4":{"start":{"line":71,"column":8},"end":{"line":71,"column":52}},"5":{"start":{"line":72,"column":11},"end":{"line":74,"column":5}},"6":{"start":{"line":73,"column":8},"end":{"line":73,"column":48}},"7":{"start":{"line":75,"column":4},"end":{"line":75,"column":33}},"8":{"start":{"line":82,"column":4},"end":{"line":82,"column":70}},"9":{"start":{"line":89,"column":4},"end":{"line":89,"column":67}}},"fnMap":{"0":{"name":"formatFrequency","decl":{"start":{"line":69,"column":16},"end":{"line":69,"column":31}},"loc":{"start":{"line":69,"column":42},"end":{"line":76,"column":1}}},"1":{"name":"formatAddress","decl":{"start":{"line":81,"column":16},"end":{"line":81,"column":29}},"loc":{"start":{"line":81,"column":61},"end":{"line":83,"column":1}}},"2":{"name":"formatByte","decl":{"start":{"line":88,"column":16},"end":{"line":88,"column":26}},"loc":{"start":{"line":88,"column":40},"end":{"line":90,"column":1}}}},"branchMap":{"0":{"loc":{"start":{"line":70,"column":4},"end":{"line":74,"column":5}},"type":"if","locations":[{"start":{"line":70,"column":4},"end":{"line":74,"column":5}},{"start":{"line":72,"column":11},"end":{"line":74,"column":5}}]},"1":{"loc":{"start":{"line":72,"column":11},"end":{"line":74,"column":5}},"type":"if","locations":[{"start":{"line":72,"column":11},"end":{"line":74,"column":5}},{"start":{},"end":{}}]},"2":{"loc":{"start":{"line":81,"column":44},"end":{"line":81,"column":61}},"type":"default-arg","locations":[{"start":{"line":81,"column":60},"end":{"line":81,"column":61}}]}},"s":{"0":17,"1":17,"2":17,"3":2,"4":1,"5":1,"6":0,"7":1,"8":18,"9":24},"f":{"0":2,"1":18,"2":24},"b":{"0":[1,1],"1":[0,1],"2":[18]}}
,"/Users/stid/Documents/develop/Apple1JS/src/core/constants/memory.ts": {"path":"/Users/stid/Documents/develop/Apple1JS/src/core/constants/memory.ts","statementMap":{"0":{"start":{"line":6,"column":13},"end":{"line":6,"column":42}},"1":{"start":{"line":7,"column":13},"end":{"line":7,"column":36}},"2":{"start":{"line":10,"column":13},"end":{"line":10,"column":38}},"3":{"start":{"line":11,"column":13},"end":{"line":11,"column":36}},"4":{"start":{"line":12,"column":13},"end":{"line":12,"column":66}},"5":{"start":{"line":14,"column":13},"end":{"line":14,"column":38}},"6":{"start":{"line":15,"column":13},"end":{"line":15,"column":36}},"7":{"start":{"line":16,"column":13},"end":{"line":16,"column":66}},"8":{"start":{"line":18,"column":13},"end":{"line":18,"column":32}},"9":{"start":{"line":19,"column":13},"end":{"line":19,"column":30}},"10":{"start":{"line":20,"column":13},"end":{"line":20,"column":48}},"11":{"start":{"line":23,"column":13},"end":{"line":23,"column":32}},"12":{"start":{"line":24,"column":13},"end":{"line":24,"column":30}},"13":{"start":{"line":25,"column":13},"end":{"line":25,"column":48}},"14":{"start":{"line":28,"column":13},"end":{"line":28,"column":32}},"15":{"start":{"line":29,"column":13},"end":{"line":29,"column":27}},"16":{"start":{"line":30,"column":13},"end":{"line":30,"column":32}},"17":{"start":{"line":31,"column":13},"end":{"line":31,"column":27}},"18":{"start":{"line":34,"column":13},"end":{"line":34,"column":32}},"19":{"start":{"line":35,"column":13},"end":{"line":35,"column":34}},"20":{"start":{"line":36,"column":13},"end":{"line":36,"column":30}},"21":{"start":{"line":39,"column":13},"end":{"line":39,"column":38}}},"fnMap":{},"branchMap":{},"s":{"0":15,"1":15,"2":15,"3":15,"4":15,"5":15,"6":15,"7":15,"8":15,"9":15,"10":15,"11":15,"12":15,"13":15,"14":15,"15":15,"16":15,"17":15,"18":15,"19":15,"20":15,"21":15},"f":{},"b":{}}
,"/Users/stid/Documents/develop/Apple1JS/src/services/LoggingService.ts": {"path":"/Users/stid/Documents/develop/Apple1JS/src/services/LoggingService.ts","statementMap":{"0":{"start":{"line":3,"column":0},"end":{"line":3,"column":46}},"1":{"start":{"line":7,"column":37},"end":{"line":7,"column":39}},"2":{"start":{"line":10,"column":8},"end":{"line":10,"column":36}},"3":{"start":{"line":14,"column":8},"end":{"line":14,"column":65}},"4":{"start":{"line":14,"column":50},"end":{"line":14,"column":63}},"5":{"start":{"line":19,"column":8},"end":{"line":31,"column":9}},"6":{"start":{"line":20,"column":12},"end":{"line":30,"column":13}},"7":{"start":{"line":22,"column":20},"end":{"line":22,"column":58}},"8":{"start":{"line":23,"column":20},"end":{"line":23,"column":26}},"9":{"start":{"line":25,"column":20},"end":{"line":25,"column":59}},"10":{"start":{"line":26,"column":20},"end":{"line":26,"column":26}},"11":{"start":{"line":28,"column":20},"end":{"line":28,"column":60}},"12":{"start":{"line":29,"column":20},"end":{"line":29,"column":26}},"13":{"start":{"line":34,"column":8},"end":{"line":40,"column":11}},"14":{"start":{"line":35,"column":12},"end":{"line":39,"column":13}},"15":{"start":{"line":36,"column":16},"end":{"line":36,"column":48}},"16":{"start":{"line":38,"column":16},"end":{"line":38,"column":66}},"17":{"start":{"line":44,"column":8},"end":{"line":44,"column":42}},"18":{"start":{"line":48,"column":8},"end":{"line":48,"column":42}},"19":{"start":{"line":52,"column":8},"end":{"line":52,"column":43}},"20":{"start":{"line":57,"column":13},"end":{"line":57,"column":51}},"21":{"start":{"line":60,"column":0},"end":{"line":60,"column":47}}},"fnMap":{"0":{"name":"(anonymous_0)","decl":{"start":{"line":9,"column":4},"end":{"line":9,"column":14}},"loc":{"start":{"line":9,"column":34},"end":{"line":11,"column":5}}},"1":{"name":"(anonymous_1)","decl":{"start":{"line":13,"column":4},"end":{"line":13,"column":17}},"loc":{"start":{"line":13,"column":37},"end":{"line":15,"column":5}}},"2":{"name":"(anonymous_2)","decl":{"start":{"line":14,"column":45},"end":{"line":14,"column":46}},"loc":{"start":{"line":14,"column":50},"end":{"line":14,"column":63}}},"3":{"name":"(anonymous_3)","decl":{"start":{"line":17,"column":4},"end":{"line":17,"column":7}},"loc":{"start":{"line":17,"column":56},"end":{"line":41,"column":5}}},"4":{"name":"(anonymous_4)","decl":{"start":{"line":34,"column":30},"end":{"line":34,"column":37}},"loc":{"start":{"line":34,"column":40},"end":{"line":40,"column":9}}},"5":{"name":"(anonymous_5)","decl":{"start":{"line":43,"column":4},"end":{"line":43,"column":8}},"loc":{"start":{"line":43,"column":40},"end":{"line":45,"column":5}}},"6":{"name":"(anonymous_6)","decl":{"start":{"line":47,"column":4},"end":{"line":47,"column":8}},"loc":{"start":{"line":47,"column":40},"end":{"line":49,"column":5}}},"7":{"name":"(anonymous_7)","decl":{"start":{"line":51,"column":4},"end":{"line":51,"column":9}},"loc":{"start":{"line":51,"column":41},"end":{"line":53,"column":5}}}},"branchMap":{"0":{"loc":{"start":{"line":19,"column":8},"end":{"line":31,"column":9}},"type":"if","locations":[{"start":{"line":19,"column":8},"end":{"line":31,"column":9}},{"start":{},"end":{}}]},"1":{"loc":{"start":{"line":20,"column":12},"end":{"line":30,"column":13}},"type":"switch","locations":[{"start":{"line":21,"column":16},"end":{"line":23,"column":26}},{"start":{"line":24,"column":16},"end":{"line":26,"column":26}},{"start":{"line":27,"column":16},"end":{"line":29,"column":26}}]}},"s":{"0":18,"1":18,"2":0,"3":0,"4":0,"5":2524,"6":0,"7":0,"8":0,"9":0,"10":0,"11":0,"12":0,"13":2524,"14":0,"15":0,"16":0,"17":2520,"18":4,"19":0,"20":18,"21":18},"f":{"0":0,"1":0,"2":0,"3":2524,"4":0,"5":2520,"6":4,"7":0},"b":{"0":[0,2524],"1":[0,0,0]}}
,"/Users/stid/Documents/develop/Apple1JS/src/styles/tokens.ts": {"path":"/Users/stid/Documents/develop/Apple1JS/src/styles/tokens.ts","statementMap":{"0":{"start":{"line":6,"column":13},"end":{"line":176,"column":11}}},"fnMap":{},"branchMap":{},"s":{"0":4},"f":{},"b":{}}
,"/Users/stid/Documents/develop/Apple1JS/src/styles/utils.ts": {"path":"/Users/stid/Documents/develop/Apple1JS/src/styles/utils.ts","statementMap":{"0":{"start":{"line":5,"column":0},"end":{"line":5,"column":40}},"1":{"start":{"line":10,"column":24},"end":{"line":12,"column":1}},"2":{"start":{"line":11,"column":4},"end":{"line":11,"column":50}},"3":{"start":{"line":10,"column":13},"end":{"line":10,"column":24}},"4":{"start":{"line":17,"column":26},"end":{"line":19,"column":1}},"5":{"start":{"line":18,"column":4},"end":{"line":18,"column":54}},"6":{"start":{"line":17,"column":13},"end":{"line":17,"column":26}},"7":{"start":{"line":24,"column":26},"end":{"line":26,"column":1}},"8":{"start":{"line":25,"column":4},"end":{"line":25,"column":54}},"9":{"start":{"line":24,"column":13},"end":{"line":24,"column":26}},"10":{"start":{"line":31,"column":29},"end":{"line":33,"column":1}},"11":{"start":{"line":32,"column":4},"end":{"line":32,"column":58}},"12":{"start":{"line":31,"column":13},"end":{"line":31,"column":29}},"13":{"start":{"line":38,"column":21},"end":{"line":55,"column":1}},"14":{"start":{"line":39,"column":18},"end":{"line":39,"column":38}},"15":{"start":{"line":40,"column":25},"end":{"line":40,"column":44}},"16":{"start":{"line":42,"column":4},"end":{"line":48,"column":5}},"17":{"start":{"line":43,"column":8},"end":{"line":47,"column":9}},"18":{"start":{"line":44,"column":12},"end":{"line":44,"column":61}},"19":{"start":{"line":46,"column":12},"end":{"line":46,"column":67}},"20":{"start":{"line":50,"column":4},"end":{"line":52,"column":5}},"21":{"start":{"line":51,"column":8},"end":{"line":51,"column":69}},"22":{"start":{"line":54,"column":4},"end":{"line":54,"column":17}},"23":{"start":{"line":38,"column":13},"end":{"line":38,"column":21}},"24":{"start":{"line":60,"column":23},"end":{"line":62,"column":1}},"25":{"start":{"line":61,"column":4},"end":{"line":61,"column":39}},"26":{"start":{"line":60,"column":13},"end":{"line":60,"column":23}},"27":{"start":{"line":67,"column":28},"end":{"line":69,"column":1}},"28":{"start":{"line":68,"column":4},"end":{"line":68,"column":45}},"29":{"start":{"line":67,"column":13},"end":{"line":67,"column":28}},"30":{"start":{"line":74,"column":25},"end":{"line":76,"column":1}},"31":{"start":{"line":75,"column":4},"end":{"line":75,"column":42}},"32":{"start":{"line":74,"column":13},"end":{"line":74,"column":25}},"33":{"start":{"line":81,"column":26},"end":{"line":83,"column":1}},"34":{"start":{"line":82,"column":4},"end":{"line":82,"column":42}},"35":{"start":{"line":81,"column":13},"end":{"line":81,"column":26}},"36":{"start":{"line":88,"column":13},"end":{"line":109,"column":11}},"37":{"start":{"line":114,"column":13},"end":{"line":159,"column":11}},"38":{"start":{"line":164,"column":13},"end":{"line":185,"column":11}},"39":{"start":{"line":165,"column":46},"end":{"line":170,"column":6}},"40":{"start":{"line":172,"column":46},"end":{"line":177,"column":6}},"41":{"start":{"line":179,"column":46},"end":{"line":184,"column":6}}},"fnMap":{"0":{"name":"(anonymous_0)","decl":{"start":{"line":10,"column":24},"end":{"line":10,"column":25}},"loc":{"start":{"line":10,"column":80},"end":{"line":12,"column":1}}},"1":{"name":"(anonymous_1)","decl":{"start":{"line":17,"column":26},"end":{"line":17,"column":27}},"loc":{"start":{"line":17,"column":86},"end":{"line":19,"column":1}}},"2":{"name":"(anonymous_2)","decl":{"start":{"line":24,"column":26},"end":{"line":24,"column":27}},"loc":{"start":{"line":24,"column":86},"end":{"line":26,"column":1}}},"3":{"name":"(anonymous_3)","decl":{"start":{"line":31,"column":29},"end":{"line":31,"column":30}},"loc":{"start":{"line":31,"column":93},"end":{"line":33,"column":1}}},"4":{"name":"(anonymous_4)","decl":{"start":{"line":38,"column":21},"end":{"line":38,"column":22}},"loc":{"start":{"line":38,"column":51},"end":{"line":55,"column":1}}},"5":{"name":"(anonymous_5)","decl":{"start":{"line":60,"column":23},"end":{"line":60,"column":24}},"loc":{"start":{"line":60,"column":68},"end":{"line":62,"column":1}}},"6":{"name":"(anonymous_6)","decl":{"start":{"line":67,"column":28},"end":{"line":67,"column":29}},"loc":{"start":{"line":67,"column":79},"end":{"line":69,"column":1}}},"7":{"name":"(anonymous_7)","decl":{"start":{"line":74,"column":25},"end":{"line":74,"column":26}},"loc":{"start":{"line":74,"column":73},"end":{"line":76,"column":1}}},"8":{"name":"(anonymous_8)","decl":{"start":{"line":81,"column":26},"end":{"line":81,"column":27}},"loc":{"start":{"line":81,"column":74},"end":{"line":83,"column":1}}},"9":{"name":"(anonymous_9)","decl":{"start":{"line":165,"column":13},"end":{"line":165,"column":14}},"loc":{"start":{"line":165,"column":46},"end":{"line":170,"column":6}}},"10":{"name":"(anonymous_10)","decl":{"start":{"line":172,"column":13},"end":{"line":172,"column":14}},"loc":{"start":{"line":172,"column":46},"end":{"line":177,"column":6}}},"11":{"name":"(anonymous_11)","decl":{"start":{"line":179,"column":13},"end":{"line":179,"column":14}},"loc":{"start":{"line":179,"column":46},"end":{"line":184,"column":6}}}},"branchMap":{"0":{"loc":{"start":{"line":43,"column":8},"end":{"line":47,"column":9}},"type":"if","locations":[{"start":{"line":43,"column":8},"end":{"line":47,"column":9}},{"start":{"line":45,"column":15},"end":{"line":47,"column":9}}]},"1":{"loc":{"start":{"line":43,"column":12},"end":{"line":43,"column":72}},"type":"binary-expr","locations":[{"start":{"line":43,"column":12},"end":{"line":43,"column":37}},{"start":{"line":43,"column":41},"end":{"line":43,"column":55}},{"start":{"line":43,"column":59},"end":{"line":43,"column":72}}]},"2":{"loc":{"start":{"line":50,"column":4},"end":{"line":52,"column":5}},"type":"if","locations":[{"start":{"line":50,"column":4},"end":{"line":52,"column":5}},{"start":{},"end":{}}]},"3":{"loc":{"start":{"line":165,"column":14},"end":{"line":165,"column":40}},"type":"default-arg","locations":[{"start":{"line":165,"column":35},"end":{"line":165,"column":40}}]},"4":{"loc":{"start":{"line":167,"column":25},"end":{"line":167,"column":90}},"type":"cond-expr","locations":[{"start":{"line":167,"column":37},"end":{"line":167,"column":62}},{"start":{"line":167,"column":65},"end":{"line":167,"column":90}}]},"5":{"loc":{"start":{"line":168,"column":21},"end":{"line":168,"column":77}},"type":"cond-expr","locations":[{"start":{"line":168,"column":33},"end":{"line":168,"column":49}},{"start":{"line":168,"column":52},"end":{"line":168,"column":77}}]},"6":{"loc":{"start":{"line":172,"column":14},"end":{"line":172,"column":40}},"type":"default-arg","locations":[{"start":{"line":172,"column":35},"end":{"line":172,"column":40}}]},"7":{"loc":{"start":{"line":174,"column":25},"end":{"line":174,"column":90}},"type":"cond-expr","locations":[{"start":{"line":174,"column":37},"end":{"line":174,"column":62}},{"start":{"line":174,"column":65},"end":{"line":174,"column":90}}]},"8":{"loc":{"start":{"line":175,"column":21},"end":{"line":175,"column":77}},"type":"cond-expr","locations":[{"start":{"line":175,"column":33},"end":{"line":175,"column":49}},{"start":{"line":175,"column":52},"end":{"line":175,"column":77}}]},"9":{"loc":{"start":{"line":179,"column":14},"end":{"line":179,"column":40}},"type":"default-arg","locations":[{"start":{"line":179,"column":35},"end":{"line":179,"column":40}}]},"10":{"loc":{"start":{"line":181,"column":25},"end":{"line":181,"column":90}},"type":"cond-expr","locations":[{"start":{"line":181,"column":37},"end":{"line":181,"column":62}},{"start":{"line":181,"column":65},"end":{"line":181,"column":90}}]},"11":{"loc":{"start":{"line":182,"column":21},"end":{"line":182,"column":77}},"type":"cond-expr","locations":[{"start":{"line":182,"column":33},"end":{"line":182,"column":49}},{"start":{"line":182,"column":52},"end":{"line":182,"column":77}}]}},"s":{"0":4,"1":4,"2":32,"3":4,"4":4,"5":4,"6":4,"7":4,"8":0,"9":4,"10":4,"11":8,"12":4,"13":4,"14":620,"15":620,"16":620,"17":1156,"18":1156,"19":0,"20":620,"21":0,"22":620,"23":4,"24":4,"25":35,"26":4,"27":4,"28":12,"29":4,"30":4,"31":0,"32":4,"33":4,"34":12,"35":4,"36":4,"37":4,"38":4,"39":22,"40":22,"41":22},"f":{"0":32,"1":4,"2":0,"3":8,"4":620,"5":35,"6":12,"7":0,"8":12,"9":22,"10":22,"11":22},"b":{"0":[1156,0],"1":[1156,1156,1156],"2":[0,620],"3":[0],"4":[0,22],"5":[0,22],"6":[0],"7":[0,22],"8":[0,22],"9":[0],"10":[0,22],"11":[0,22]}}
}
