TN:
SF:src/config.ts
FNF:0
FNH:0
DA:3,1
LF:1
LH:1
BRF:0
BRH:0
end_of_record
TN:
SF:src/apple1/DisplayLogic.ts
FN:12,(anonymous_0)
FN:26,(anonymous_1)
FN:42,(anonymous_2)
FN:47,(anonymous_3)
FNF:4
FNH:4
FNDA:3,(anonymous_0)
FNDA:2,(anonymous_1)
FNDA:2,(anonymous_2)
FNDA:1,(anonymous_3)
DA:2,1
DA:13,3
DA:27,2
DA:28,0
DA:29,0
DA:33,2
DA:35,2
DA:39,2
DA:43,2
DA:44,2
DA:48,1
DA:52,1
LF:12
LH:10
BRDA:27,0,0,0
BRDA:27,0,1,2
BRF:2
BRH:1
end_of_record
TN:
SF:src/apple1/KeyboardLogic.ts
FN:11,(anonymous_9)
FN:15,(anonymous_10)
FN:40,(anonymous_11)
FN:44,(anonymous_12)
FNF:4
FNH:4
FNDA:4,(anonymous_9)
FNDA:2,(anonymous_10)
FNDA:2,(anonymous_11)
FNDA:3,(anonymous_12)
DA:3,1
DA:5,1
DA:12,4
DA:16,2
DA:17,1
DA:20,1
DA:21,1
DA:22,0
DA:26,1
DA:31,1
DA:33,1
DA:36,1
DA:41,2
DA:45,3
DA:49,1
LF:15
LH:14
BRDA:16,0,0,1
BRDA:16,0,1,1
BRDA:21,1,0,0
BRDA:21,1,1,1
BRF:4
BRH:3
end_of_record
TN:
SF:src/apple1/TSTypes.ts
FN:8,(anonymous_0)
FN:16,(anonymous_1)
FNF:2
FNH:2
FNDA:6,(anonymous_0)
FNDA:3,(anonymous_1)
DA:4,3
DA:8,9
DA:16,3
DA:17,3
DA:18,3
DA:19,3
DA:20,3
DA:21,3
DA:22,3
DA:23,3
DA:24,3
DA:25,3
DA:26,3
DA:27,3
DA:28,3
DA:29,3
DA:30,3
DA:31,3
DA:32,3
DA:33,3
LF:20
LH:20
BRDA:16,0,0,3
BRDA:16,0,1,3
BRF:2
BRH:2
end_of_record
TN:
SF:src/apple1/WebCRTVideo.ts
FN:30,cloneBuffer
FN:32,(anonymous_11)
FN:42,(anonymous_12)
FN:48,(anonymous_13)
FN:61,(anonymous_14)
FN:73,(anonymous_15)
FN:94,(anonymous_16)
FN:99,(anonymous_17)
FN:103,(anonymous_18)
FN:107,(anonymous_19)
FN:108,(anonymous_20)
FN:112,(anonymous_21)
FN:117,(anonymous_22)
FN:118,(anonymous_23)
FN:121,(anonymous_24)
FN:122,(anonymous_25)
FN:125,(anonymous_26)
FN:130,(anonymous_27)
FN:131,(anonymous_28)
FN:164,(anonymous_29)
FN:168,(anonymous_30)
FN:175,(anonymous_31)
FN:202,(anonymous_32)
FNF:23
FNH:17
FNDA:44,cloneBuffer
FNDA:1056,(anonymous_11)
FNDA:0,(anonymous_12)
FNDA:0,(anonymous_13)
FNDA:0,(anonymous_14)
FNDA:0,(anonymous_15)
FNDA:6,(anonymous_16)
FNDA:144,(anonymous_17)
FNDA:0,(anonymous_18)
FNDA:5,(anonymous_19)
FNDA:120,(anonymous_20)
FNDA:6,(anonymous_21)
FNDA:6,(anonymous_22)
FNDA:6,(anonymous_23)
FNDA:49,(anonymous_24)
FNDA:49,(anonymous_25)
FNDA:1,(anonymous_26)
FNDA:44,(anonymous_27)
FNDA:44,(anonymous_28)
FNDA:0,(anonymous_29)
FNDA:4,(anonymous_30)
FNDA:44,(anonymous_31)
FNDA:44,(anonymous_32)
DA:1,1
DA:2,1
DA:4,1
DA:5,1
DA:9,1
DA:10,1
DA:32,1056
DA:43,0
DA:50,0
DA:62,0
DA:63,0
DA:64,0
DA:65,0
DA:66,0
DA:68,0
DA:70,6
DA:71,6
DA:72,6
DA:74,0
DA:95,6
DA:96,6
DA:97,6
DA:98,6
DA:99,144
DA:100,6
DA:104,0
DA:108,120
DA:109,5
DA:113,6
DA:114,6
DA:118,6
DA:122,49
DA:126,1
DA:127,1
DA:131,44
DA:133,44
DA:135,0
DA:136,0
DA:138,0
DA:139,0
DA:140,0
DA:142,0
DA:144,44
DA:145,44
DA:146,44
DA:148,44
DA:151,44
DA:152,1
DA:155,44
DA:156,0
DA:157,0
DA:158,0
DA:159,0
DA:165,0
DA:169,4
DA:170,4
DA:171,4
DA:172,4
DA:176,44
DA:177,44
DA:179,0
DA:181,0
DA:182,0
DA:184,0
DA:185,0
DA:187,0
DA:189,0
DA:191,44
DA:192,44
DA:194,44
DA:197,0
DA:199,44
DA:204,44
DA:205,44
DA:207,44
DA:208,44
DA:209,0
DA:211,44
DA:212,46
DA:216,44
DA:217,44
DA:221,44
DA:222,44
DA:224,44
DA:228,1
LF:85
LH:55
BRDA:62,0,0,0
BRDA:62,0,1,0
BRDA:66,1,0,0
BRDA:66,1,1,0
BRDA:133,2,0,0
BRDA:133,2,1,0
BRDA:133,2,2,44
BRDA:138,3,0,0
BRDA:138,3,1,0
BRDA:144,4,0,44
BRDA:144,4,1,0
BRDA:144,5,0,44
BRDA:144,5,1,44
BRDA:151,6,0,1
BRDA:151,6,1,43
BRDA:155,7,0,0
BRDA:155,7,1,44
BRDA:177,8,0,0
BRDA:177,8,1,0
BRDA:177,8,2,0
BRDA:177,8,3,44
BRDA:177,8,4,0
BRDA:184,9,0,0
BRDA:184,9,1,0
BRDA:191,10,0,44
BRDA:191,10,1,0
BRDA:208,11,0,0
BRDA:208,11,1,44
BRDA:212,12,0,44
BRDA:212,12,1,2
BRDA:213,13,0,46
BRDA:213,13,1,46
BRDA:221,14,0,44
BRDA:221,14,1,0
BRF:34
BRH:15
end_of_record
TN:
SF:src/apple1/WebKeyboard.ts
FN:19,(anonymous_0)
FN:32,(anonymous_1)
FN:36,(anonymous_2)
FN:40,(anonymous_3)
FNF:4
FNH:2
FNDA:0,(anonymous_0)
FNDA:5,(anonymous_1)
FNDA:0,(anonymous_2)
FNDA:5,(anonymous_3)
DA:4,1
DA:5,1
DA:6,1
DA:7,1
DA:14,5
DA:15,5
DA:16,5
DA:18,5
DA:20,0
DA:33,5
DA:37,0
DA:41,5
DA:42,5
DA:44,5
DA:46,5
DA:48,0
DA:49,0
DA:51,1
DA:52,1
DA:54,1
DA:55,1
DA:57,1
DA:58,1
DA:60,2
DA:61,2
DA:66,5
DA:70,1
LF:27
LH:23
BRDA:25,0,0,0
BRDA:25,0,1,0
BRDA:44,1,0,5
BRDA:44,1,1,0
BRDA:46,2,0,0
BRDA:46,2,1,1
BRDA:46,2,2,1
BRDA:46,2,3,1
BRDA:46,2,4,2
BRDA:60,3,0,2
BRDA:60,3,1,0
BRF:11
BRH:6
end_of_record
TN:
SF:src/apple1/const.ts
FNF:0
FNH:0
DA:1,1
DA:10,1
DA:11,1
DA:12,1
DA:13,1
DA:15,1
DA:17,1
LF:7
LH:7
BRF:0
BRH:0
end_of_record
TN:
SF:src/apple1/@types/VideoTypes.ts
FN:9,(anonymous_0)
FNF:1
FNH:1
FNDA:4,(anonymous_0)
DA:9,4
DA:10,4
DA:11,4
LF:3
LH:3
BRDA:9,0,0,4
BRDA:9,0,1,4
BRF:2
BRH:2
end_of_record
TN:
SF:src/apple1/constants/system.ts
FNF:0
FNH:0
DA:6,1
DA:7,1
DA:10,1
DA:11,1
DA:12,1
DA:13,1
DA:16,1
DA:17,1
DA:18,1
DA:19,1
DA:22,1
DA:23,1
DA:24,1
DA:27,1
DA:30,1
LF:15
LH:15
BRF:0
BRH:0
end_of_record
TN:
SF:src/apple1/roms/apple1vid.ts
FNF:0
FNH:0
DA:1,5
DA:132,5
LF:2
LH:2
BRF:0
BRH:0
end_of_record
TN:
SF:src/components/Actions.tsx
FN:17,(anonymous_0)
FN:29,(anonymous_1)
FN:35,(anonymous_2)
FN:36,(anonymous_3)
FN:42,(anonymous_4)
FN:48,(anonymous_5)
FN:49,(anonymous_6)
FN:57,(anonymous_7)
FN:63,(anonymous_8)
FN:64,(anonymous_9)
FN:71,(anonymous_10)
FN:72,(anonymous_11)
FN:80,(anonymous_12)
FN:89,(anonymous_13)
FN:95,(anonymous_14)
FN:96,(anonymous_15)
FN:102,(anonymous_16)
FN:108,(anonymous_17)
FN:109,(anonymous_18)
FNF:19
FNH:5
FNDA:11,(anonymous_0)
FNDA:1,(anonymous_1)
FNDA:0,(anonymous_2)
FNDA:0,(anonymous_3)
FNDA:1,(anonymous_4)
FNDA:0,(anonymous_5)
FNDA:0,(anonymous_6)
FNDA:0,(anonymous_7)
FNDA:0,(anonymous_8)
FNDA:0,(anonymous_9)
FNDA:0,(anonymous_10)
FNDA:0,(anonymous_11)
FNDA:0,(anonymous_12)
FNDA:1,(anonymous_13)
FNDA:0,(anonymous_14)
FNDA:0,(anonymous_15)
FNDA:1,(anonymous_16)
FNDA:0,(anonymous_17)
FNDA:0,(anonymous_18)
DA:1,1
DA:2,1
DA:17,1
DA:18,11
DA:20,11
DA:30,1
DA:31,1
DA:35,0
DA:36,0
DA:43,1
DA:44,1
DA:48,0
DA:49,0
DA:58,0
DA:59,0
DA:63,0
DA:64,0
DA:71,0
DA:72,0
DA:81,0
DA:82,0
DA:90,1
DA:91,1
DA:95,0
DA:96,0
DA:103,1
DA:104,1
DA:108,0
DA:109,0
DA:118,1
LF:30
LH:14
BRDA:52,0,0,1
BRDA:52,0,1,10
BRDA:99,1,0,10
BRDA:99,1,1,1
BRDA:112,2,0,10
BRDA:112,2,1,1
BRF:6
BRH:6
end_of_record
TN:
SF:src/components/CRT.tsx
FN:10,(anonymous_10)
FN:28,(anonymous_11)
FNF:2
FNH:2
FNDA:2,(anonymous_10)
FNDA:3,(anonymous_11)
DA:1,2
DA:2,2
DA:3,2
DA:4,2
DA:10,2
DA:11,2
DA:29,3
DA:39,2
LF:8
LH:8
BRF:0
BRH:0
end_of_record
TN:
SF:src/components/CRTConstants.ts
FNF:0
FNH:0
DA:1,6
DA:2,6
DA:3,6
DA:4,6
DA:5,6
LF:5
LH:5
BRF:0
BRH:0
end_of_record
TN:
SF:src/components/CRTCursor.tsx
FN:10,(anonymous_10)
FN:19,(anonymous_11)
FN:23,(anonymous_12)
FN:31,(anonymous_13)
FN:32,(anonymous_14)
FN:33,(anonymous_15)
FN:35,(anonymous_16)
FNF:7
FNH:7
FNDA:5,(anonymous_10)
FNDA:5,(anonymous_11)
FNDA:3,(anonymous_12)
FNDA:3,(anonymous_13)
FNDA:2,(anonymous_14)
FNDA:2,(anonymous_15)
FNDA:3,(anonymous_16)
DA:1,3
DA:2,3
DA:3,3
DA:10,5
DA:17,3
DA:19,3
DA:20,5
DA:21,5
DA:23,5
DA:25,3
DA:26,0
DA:27,0
DA:31,5
DA:32,3
DA:33,2
DA:35,3
DA:38,5
DA:45,3
DA:47,3
LF:19
LH:17
BRDA:13,0,0,4
BRDA:13,0,1,1
BRDA:25,1,0,0
BRDA:25,1,1,3
BRDA:25,2,0,3
BRDA:25,2,1,3
BRF:6
BRH:5
end_of_record
TN:
SF:src/components/CRTRow.tsx
FN:10,(anonymous_10)
FN:14,(anonymous_11)
FN:18,(anonymous_12)
FNF:3
FNH:3
FNDA:4,(anonymous_10)
FNDA:4,(anonymous_11)
FNDA:15,(anonymous_12)
DA:1,3
DA:2,3
DA:3,3
DA:10,4
DA:14,3
DA:15,4
DA:16,4
DA:19,15
DA:25,3
DA:27,3
LF:10
LH:10
BRF:0
BRH:0
end_of_record
TN:
SF:src/components/CRTRowChar.tsx
FN:9,(anonymous_10)
FN:13,(anonymous_11)
FNF:2
FNH:2
FNDA:1,(anonymous_10)
FNDA:1,(anonymous_11)
DA:1,1
DA:2,1
DA:9,1
DA:13,1
DA:14,1
DA:19,1
DA:21,1
LF:7
LH:7
BRF:0
BRH:0
end_of_record
TN:
SF:src/components/CRTRowCharRom.tsx
FN:15,(anonymous_10)
FN:19,(anonymous_11)
FN:22,(anonymous_12)
FNF:3
FNH:3
FNDA:27,(anonymous_10)
FNDA:27,(anonymous_11)
FNDA:26,(anonymous_12)
DA:1,5
DA:2,5
DA:3,5
DA:4,5
DA:6,5
DA:7,5
DA:8,5
DA:15,27
DA:19,5
DA:20,27
DA:22,27
DA:23,26
DA:25,2
DA:26,2
DA:27,2
DA:28,2
DA:31,2
DA:33,24
DA:34,24
DA:35,24
DA:36,24
DA:37,24
DA:38,24
DA:39,24
DA:44,27
DA:51,5
DA:53,5
LF:27
LH:27
BRDA:23,0,0,2
BRDA:23,0,1,24
BRDA:23,1,0,26
BRDA:23,1,1,24
BRDA:23,1,2,24
BRDA:25,2,0,2
BRDA:25,2,1,0
BRDA:27,3,0,2
BRDA:27,3,1,0
BRDA:35,4,0,24
BRDA:35,4,1,0
BRDA:37,5,0,24
BRDA:37,5,1,0
BRF:13
BRH:9
end_of_record
TN:
SF:src/components/CRTWorker.tsx
FN:9,(anonymous_1)
FN:16,(anonymous_2)
FN:25,(anonymous_3)
FN:27,(anonymous_4)
FNF:4
FNH:3
FNDA:1,(anonymous_1)
FNDA:0,(anonymous_2)
FNDA:1,(anonymous_3)
FNDA:1,(anonymous_4)
DA:1,1
DA:2,1
DA:3,1
DA:9,1
DA:10,1
DA:16,1
DA:18,0
DA:19,0
DA:20,0
DA:21,0
DA:25,1
DA:26,1
DA:27,1
DA:28,1
DA:32,1
DA:35,1
DA:37,1
LF:17
LH:13
BRDA:18,0,0,0
BRDA:18,0,1,0
BRDA:18,1,0,0
BRDA:18,1,1,0
BRDA:20,2,0,0
BRDA:20,2,1,0
BRF:6
BRH:0
end_of_record
TN:
SF:src/components/CharRomCanvasRenderer.ts
FN:9,(anonymous_0)
FN:17,(anonymous_1)
FN:31,(anonymous_2)
FN:43,(anonymous_3)
FN:49,(anonymous_4)
FNF:5
FNH:5
FNDA:5,(anonymous_0)
FNDA:1280,(anonymous_1)
FNDA:5120,(anonymous_2)
FNDA:5,(anonymous_3)
FNDA:24,(anonymous_4)
DA:10,5
DA:11,5
DA:12,5
DA:13,5
DA:14,5
DA:18,1280
DA:19,1280
DA:20,1280
DA:21,1280
DA:22,1280
DA:23,0
DA:26,1280
DA:28,1280
DA:29,1280
DA:30,1280
DA:31,1280
DA:32,5120
DA:33,40960
DA:34,40960
DA:35,40960
DA:38,1280
DA:40,1280
DA:44,5
DA:45,1280
DA:50,24
DA:51,24
DA:52,0
DA:54,24
DA:58,5
LF:29
LH:27
BRDA:22,0,0,0
BRDA:22,0,1,1280
BRDA:26,1,0,1280
BRDA:26,1,1,640
BRDA:34,2,0,6430
BRDA:34,2,1,34530
BRDA:51,3,0,0
BRDA:51,3,1,24
BRF:8
BRH:6
end_of_record
TN:
SF:src/components/Disassembler.tsx
FN:170,(anonymous_0)
FN:177,(anonymous_1)
FN:279,(anonymous_2)
FN:294,(anonymous_3)
FN:299,(anonymous_4)
FN:310,(anonymous_5)
FN:311,(anonymous_6)
FN:328,(anonymous_7)
FN:332,(anonymous_8)
FN:393,(anonymous_9)
FN:396,(anonymous_10)
FNF:11
FNH:0
FNDA:0,(anonymous_0)
FNDA:0,(anonymous_1)
FNDA:0,(anonymous_2)
FNDA:0,(anonymous_3)
FNDA:0,(anonymous_4)
FNDA:0,(anonymous_5)
FNDA:0,(anonymous_6)
FNDA:0,(anonymous_7)
FNDA:0,(anonymous_8)
FNDA:0,(anonymous_9)
FNDA:0,(anonymous_10)
DA:1,1
DA:2,1
DA:16,1
DA:170,1
DA:171,0
DA:172,0
DA:173,0
DA:175,0
DA:177,0
DA:178,0
DA:179,0
DA:181,0
DA:182,0
DA:183,0
DA:185,0
DA:186,0
DA:192,0
DA:193,0
DA:196,0
DA:197,0
DA:200,0
DA:201,0
DA:202,0
DA:207,0
DA:210,0
DA:211,0
DA:214,0
DA:215,0
DA:218,0
DA:219,0
DA:222,0
DA:223,0
DA:226,0
DA:227,0
DA:230,0
DA:231,0
DA:232,0
DA:235,0
DA:236,0
DA:237,0
DA:240,0
DA:241,0
DA:242,0
DA:245,0
DA:246,0
DA:247,0
DA:250,0
DA:251,0
DA:254,0
DA:255,0
DA:258,0
DA:259,0
DA:260,0
DA:261,0
DA:265,0
DA:272,0
DA:275,0
DA:279,0
DA:280,0
DA:282,0
DA:285,0
DA:286,0
DA:287,0
DA:294,0
DA:295,0
DA:299,0
DA:300,0
DA:301,0
DA:302,0
DA:303,0
DA:310,0
DA:311,0
DA:312,0
DA:313,0
DA:314,0
DA:316,0
DA:319,0
DA:320,0
DA:321,0
DA:322,0
DA:327,0
DA:328,0
DA:332,0
DA:333,0
DA:336,0
DA:394,0
DA:395,0
DA:396,0
DA:398,0
DA:430,1
LF:90
LH:5
BRDA:181,0,0,0
BRDA:181,0,1,0
BRDA:182,1,0,0
BRDA:182,1,1,0
BRDA:185,2,0,0
BRDA:185,2,1,0
BRDA:201,3,0,0
BRDA:201,3,1,0
BRDA:202,4,0,0
BRDA:202,4,1,0
BRDA:207,5,0,0
BRDA:207,5,1,0
BRDA:207,5,2,0
BRDA:207,5,3,0
BRDA:207,5,4,0
BRDA:207,5,5,0
BRDA:207,5,6,0
BRDA:207,5,7,0
BRDA:207,5,8,0
BRDA:207,5,9,0
BRDA:207,5,10,0
BRDA:207,5,11,0
BRDA:207,5,12,0
BRDA:214,6,0,0
BRDA:214,6,1,0
BRDA:218,7,0,0
BRDA:218,7,1,0
BRDA:222,8,0,0
BRDA:222,8,1,0
BRDA:226,9,0,0
BRDA:226,9,1,0
BRDA:230,10,0,0
BRDA:230,10,1,0
BRDA:230,11,0,0
BRDA:230,11,1,0
BRDA:235,12,0,0
BRDA:235,12,1,0
BRDA:235,13,0,0
BRDA:235,13,1,0
BRDA:240,14,0,0
BRDA:240,14,1,0
BRDA:240,15,0,0
BRDA:240,15,1,0
BRDA:245,16,0,0
BRDA:245,16,1,0
BRDA:245,17,0,0
BRDA:245,17,1,0
BRDA:250,18,0,0
BRDA:250,18,1,0
BRDA:254,19,0,0
BRDA:254,19,1,0
BRDA:258,20,0,0
BRDA:258,20,1,0
BRDA:259,21,0,0
BRDA:259,21,1,0
BRDA:280,22,0,0
BRDA:280,22,1,0
BRDA:280,23,0,0
BRDA:280,23,1,0
BRDA:300,24,0,0
BRDA:300,24,1,0
BRDA:302,25,0,0
BRDA:302,25,1,0
BRDA:312,26,0,0
BRDA:312,26,1,0
BRDA:319,27,0,0
BRDA:319,27,1,0
BRDA:321,28,0,0
BRDA:321,28,1,0
BRDA:356,29,0,0
BRDA:356,29,1,0
BRDA:401,30,0,0
BRDA:401,30,1,0
BRDA:407,31,0,0
BRDA:407,31,1,0
BRDA:415,32,0,0
BRDA:415,32,1,0
BRF:77
BRH:0
end_of_record
TN:
SF:src/components/Error.tsx
FN:15,(anonymous_0)
FN:19,(anonymous_1)
FN:23,(anonymous_2)
FNF:3
FNH:3
FNDA:4,(anonymous_0)
FNDA:2,(anonymous_1)
FNDA:7,(anonymous_2)
DA:1,1
DA:12,3
DA:16,4
DA:19,3
DA:20,2
DA:24,7
DA:25,7
DA:27,7
DA:28,4
DA:36,3
DA:40,1
LF:11
LH:11
BRDA:27,0,0,4
BRDA:27,0,1,3
BRF:2
BRH:2
end_of_record
TN:
SF:src/components/Info.tsx
FN:1,(anonymous_0)
FN:13,(anonymous_1)
FN:25,(anonymous_2)
FN:38,(anonymous_3)
FN:48,(anonymous_4)
FN:61,(anonymous_5)
FN:71,(anonymous_6)
FN:88,(anonymous_7)
FN:105,(anonymous_8)
FNF:9
FNH:9
FNDA:2,(anonymous_0)
FNDA:2,(anonymous_1)
FNDA:2,(anonymous_2)
FNDA:2,(anonymous_3)
FNDA:2,(anonymous_4)
FNDA:2,(anonymous_5)
FNDA:2,(anonymous_6)
FNDA:2,(anonymous_7)
FNDA:2,(anonymous_8)
DA:1,1
DA:2,2
DA:13,1
DA:14,2
DA:25,1
DA:26,2
DA:38,1
DA:39,2
DA:48,1
DA:49,2
DA:61,1
DA:62,2
DA:71,1
DA:72,2
DA:88,1
DA:89,2
DA:105,1
DA:106,2
DA:118,1
LF:19
LH:19
BRF:0
BRH:0
end_of_record
TN:
SF:src/components/InspectorView.tsx
FN:16,(anonymous_9)
FN:21,(anonymous_10)
FN:29,(anonymous_11)
FN:32,(anonymous_12)
FN:35,(anonymous_13)
FN:39,(anonymous_14)
FN:42,(anonymous_15)
FN:50,(anonymous_16)
FN:56,(anonymous_17)
FN:75,hasChildren
FN:84,(anonymous_19)
FN:104,(anonymous_20)
FN:112,(anonymous_21)
FN:127,(anonymous_22)
FN:143,renderArchComponent
FN:146,(anonymous_24)
FN:183,(anonymous_25)
FN:209,(anonymous_26)
FN:227,formatValue
FN:247,getDataType
FN:256,(anonymous_29)
FN:262,(anonymous_30)
FN:341,(anonymous_31)
FNF:23
FNH:19
FNDA:18,(anonymous_9)
FNDA:0,(anonymous_10)
FNDA:13,(anonymous_11)
FNDA:1,(anonymous_12)
FNDA:6,(anonymous_13)
FNDA:13,(anonymous_14)
FNDA:3,(anonymous_15)
FNDA:6,(anonymous_16)
FNDA:0,(anonymous_17)
FNDA:44,hasChildren
FNDA:44,(anonymous_19)
FNDA:18,(anonymous_20)
FNDA:0,(anonymous_21)
FNDA:44,(anonymous_22)
FNDA:44,renderArchComponent
FNDA:201,(anonymous_24)
FNDA:61,(anonymous_25)
FNDA:61,(anonymous_26)
FNDA:61,formatValue
FNDA:18,getDataType
FNDA:26,(anonymous_29)
FNDA:15,(anonymous_30)
FNDA:0,(anonymous_31)
DA:1,1
DA:3,1
DA:4,1
DA:5,1
DA:6,1
DA:16,1
DA:17,18
DA:18,18
DA:21,18
DA:23,0
DA:24,0
DA:25,0
DA:29,18
DA:30,13
DA:32,6
DA:33,1
DA:35,6
DA:39,18
DA:40,13
DA:42,6
DA:43,3
DA:44,3
DA:45,3
DA:49,6
DA:50,6
DA:56,18
DA:57,0
DA:58,0
DA:59,0
DA:60,0
DA:68,18
DA:69,18
DA:76,44
DA:81,18
DA:84,18
DA:85,44
DA:88,8
DA:96,8
DA:97,8
DA:99,4
DA:102,4
DA:103,4
DA:104,4
DA:106,18
DA:107,0
DA:110,18
DA:112,0
DA:113,0
DA:117,18
DA:120,4
DA:123,0
DA:127,18
DA:128,44
DA:139,44
DA:145,44
DA:147,201
DA:151,44
DA:152,44
DA:153,1
DA:154,1
DA:155,1
DA:157,0
DA:160,43
DA:164,44
DA:165,44
DA:166,201
DA:175,43
DA:180,44
DA:181,44
DA:183,61
DA:187,44
DA:210,61
DA:211,61
DA:212,61
DA:228,61
DA:231,61
DA:233,0
DA:234,0
DA:239,61
DA:240,42
DA:243,19
DA:248,18
DA:249,14
DA:250,8
DA:251,0
DA:254,44
DA:255,44
DA:256,26
DA:258,44
DA:262,18
DA:263,15
DA:264,15
DA:296,18
DA:342,0
DA:416,1
LF:95
LH:79
BRDA:25,0,0,0
BRDA:25,0,1,0
BRDA:30,1,0,7
BRDA:30,1,1,6
BRDA:40,2,0,7
BRDA:40,2,1,6
BRDA:44,3,0,3
BRDA:44,3,1,0
BRDA:59,4,0,0
BRDA:59,4,1,0
BRDA:68,5,0,18
BRDA:68,5,1,14
BRDA:81,6,0,18
BRDA:81,6,1,0
BRDA:85,7,0,36
BRDA:85,7,1,8
BRDA:85,8,0,44
BRDA:85,8,1,44
BRDA:97,9,0,4
BRDA:97,9,1,4
BRDA:97,10,0,8
BRDA:97,10,1,4
BRDA:102,11,0,4
BRDA:102,11,1,0
BRDA:102,12,0,4
BRDA:102,12,1,4
BRDA:106,13,0,0
BRDA:106,13,1,18
BRDA:110,14,0,0
BRDA:110,14,1,18
BRDA:110,15,0,18
BRDA:110,15,1,0
BRDA:139,16,0,44
BRDA:139,16,1,18
BRDA:143,17,0,18
BRDA:143,18,0,18
BRDA:147,19,0,201
BRDA:147,19,1,43
BRDA:147,19,2,43
BRDA:152,20,0,1
BRDA:152,20,1,43
BRDA:153,21,0,1
BRDA:153,21,1,0
BRDA:154,22,0,1
BRDA:154,22,1,0
BRDA:166,23,0,43
BRDA:166,23,1,158
BRDA:167,24,0,201
BRDA:167,24,1,157
BRDA:167,24,2,113
BRDA:167,24,3,70
BRDA:167,24,4,43
BRDA:167,24,5,43
BRDA:167,24,6,43
BRDA:183,25,0,61
BRDA:183,25,1,61
BRDA:190,26,0,44
BRDA:190,26,1,26
BRDA:203,27,0,44
BRDA:203,27,1,1
BRDA:207,28,0,44
BRDA:207,28,1,26
BRDA:217,29,0,18
BRDA:217,29,1,43
BRDA:231,30,0,0
BRDA:231,30,1,61
BRDA:231,31,0,61
BRDA:231,31,1,61
BRDA:233,32,0,0
BRDA:233,32,1,0
BRDA:239,33,0,42
BRDA:239,33,1,19
BRDA:239,34,0,61
BRDA:239,34,1,43
BRDA:248,35,0,4
BRDA:248,35,1,14
BRDA:248,36,0,18
BRDA:248,36,1,14
BRDA:249,37,0,6
BRDA:249,37,1,8
BRDA:249,38,0,14
BRDA:249,38,1,8
BRDA:250,39,0,8
BRDA:250,39,1,0
BRDA:250,40,0,8
BRDA:250,40,1,0
BRDA:255,41,0,16
BRDA:255,41,1,28
BRDA:255,42,0,44
BRDA:255,42,1,27
BRDA:263,43,0,15
BRDA:263,43,1,13
BRDA:265,44,0,15
BRDA:265,44,1,13
BRDA:265,44,2,13
BRDA:266,45,0,15
BRDA:266,45,1,13
BRDA:266,45,2,13
BRDA:267,46,0,15
BRDA:267,46,1,15
BRDA:267,46,2,15
BRDA:268,47,0,15
BRDA:268,47,1,15
BRDA:268,47,2,15
BRDA:269,48,0,15
BRDA:269,48,1,15
BRDA:269,48,2,15
BRDA:271,49,0,15
BRDA:271,49,1,14
BRDA:271,49,2,14
BRDA:272,50,0,15
BRDA:272,50,1,13
BRDA:272,50,2,13
BRDA:273,51,0,15
BRDA:273,51,1,15
BRDA:273,51,2,15
BRDA:274,52,0,15
BRDA:274,52,1,15
BRDA:274,52,2,15
BRDA:275,53,0,15
BRDA:275,53,1,15
BRDA:275,53,2,15
BRDA:276,54,0,15
BRDA:276,54,1,15
BRDA:276,54,2,15
BRDA:278,55,0,15
BRDA:278,55,1,15
BRDA:279,56,0,15
BRDA:279,56,1,15
BRDA:281,57,0,15
BRDA:281,57,1,13
BRDA:282,58,0,15
BRDA:282,58,1,15
BRDA:283,59,0,15
BRDA:283,59,1,15
BRDA:284,60,0,15
BRDA:284,60,1,15
BRDA:285,61,0,15
BRDA:285,61,1,15
BRDA:286,62,0,15
BRDA:286,62,1,15
BRDA:287,63,0,15
BRDA:287,63,1,15
BRDA:288,64,0,15
BRDA:288,64,1,15
BRDA:289,65,0,15
BRDA:289,65,1,15
BRDA:290,66,0,15
BRDA:290,66,1,15
BRDA:291,67,0,15
BRDA:291,67,1,15
BRDA:292,68,0,15
BRDA:292,68,1,15
BRDA:308,69,0,0
BRDA:308,69,1,18
BRDA:313,70,0,0
BRDA:313,70,1,18
BRDA:317,71,0,18
BRDA:317,71,1,0
BRDA:317,71,2,0
BRDA:322,72,0,0
BRDA:322,72,1,0
BRDA:327,73,0,0
BRDA:327,73,1,0
BRDA:337,74,0,0
BRDA:337,74,1,0
BRDA:337,74,2,0
BRF:167
BRH:139
end_of_record
TN:
SF:src/components/MetricCard.tsx
FN:20,(anonymous_0)
FN:34,(anonymous_1)
FN:37,(anonymous_2)
FNF:3
FNH:1
FNDA:7,(anonymous_0)
FNDA:0,(anonymous_1)
FNDA:0,(anonymous_2)
DA:2,2
DA:11,2
DA:20,2
DA:26,7
DA:35,0
DA:38,0
DA:67,2
LF:7
LH:5
BRDA:23,0,0,4
BRDA:24,1,0,6
BRF:2
BRH:2
end_of_record
TN:
SF:src/components/RegisterRow.tsx
FN:18,(anonymous_0)
FNF:1
FNH:1
FNDA:520,(anonymous_0)
DA:2,2
DA:11,2
DA:18,2
DA:24,520
DA:52,2
LF:5
LH:5
BRDA:21,0,0,5
BRDA:22,1,0,519
BRF:2
BRH:2
end_of_record
TN:
SF:src/core/Bus.ts
FN:21,(anonymous_0)
FN:24,(anonymous_1)
FN:62,(anonymous_2)
FN:72,(anonymous_3)
FN:79,(anonymous_4)
FN:90,(anonymous_5)
FN:91,(anonymous_6)
FN:98,(anonymous_7)
FN:99,(anonymous_8)
FN:117,(anonymous_9)
FN:154,(anonymous_10)
FN:170,(anonymous_11)
FN:180,(anonymous_12)
FN:188,(anonymous_13)
FN:192,(anonymous_14)
FNF:15
FNH:15
FNDA:5,(anonymous_0)
FNDA:9,(anonymous_1)
FNDA:306,(anonymous_2)
FNDA:11,(anonymous_3)
FNDA:1,(anonymous_4)
FNDA:306,(anonymous_5)
FNDA:307,(anonymous_6)
FNDA:306,(anonymous_7)
FNDA:611,(anonymous_8)
FNDA:1792,(anonymous_9)
FNDA:1724,(anonymous_10)
FNDA:1697,(anonymous_11)
FNDA:95,(anonymous_12)
FNDA:1,(anonymous_13)
FNDA:2,(anonymous_14)
DA:2,13
DA:5,13
DA:8,306
DA:9,306
DA:13,306
DA:14,306
DA:15,306
DA:16,306
DA:22,5
DA:24,9
DA:33,5
DA:63,306
DA:64,306
DA:65,306
DA:73,11
DA:80,1
DA:81,1
DA:82,1
DA:91,307
DA:99,306
DA:100,611
DA:101,2
DA:105,304
DA:106,305
DA:107,2
DA:118,1792
DA:121,1792
DA:122,1792
DA:123,65
DA:124,65
DA:128,1727
DA:129,1727
DA:131,1727
DA:132,2863
DA:133,2863
DA:135,2863
DA:137,1724
DA:138,1724
DA:139,1139
DA:140,0
DA:142,1139
DA:146,3
DA:155,1724
DA:157,44
DA:158,44
DA:159,44
DA:162,1724
DA:171,1697
DA:172,1697
DA:181,95
DA:182,95
DA:183,94
DA:189,1
DA:192,1
DA:193,2
DA:194,2
DA:195,2
DA:196,2
DA:200,1
DA:201,1
DA:202,1
DA:204,1
DA:208,13
LF:63
LH:62
BRDA:25,0,0,9
BRDA:25,0,1,0
BRDA:28,1,0,8
BRDA:28,1,1,1
BRDA:28,2,0,9
BRDA:28,2,1,9
BRDA:73,3,0,4
BRDA:73,3,1,7
BRDA:100,4,0,2
BRDA:100,4,1,609
BRDA:106,5,0,2
BRDA:106,5,1,303
BRDA:122,6,0,65
BRDA:122,6,1,1727
BRDA:122,7,0,1792
BRDA:122,7,1,65
BRDA:122,7,2,65
BRDA:135,8,0,1724
BRDA:135,8,1,1139
BRDA:135,9,0,2863
BRDA:135,9,1,2863
BRDA:139,10,0,0
BRDA:139,10,1,1139
BRDA:155,11,0,44
BRDA:155,11,1,1680
BRDA:158,12,0,44
BRDA:158,12,1,0
BRDA:172,13,0,1695
BRDA:172,13,1,2
BRDA:182,14,0,94
BRDA:182,14,1,1
BRDA:195,15,0,2
BRDA:195,15,1,0
BRF:33
BRH:29
end_of_record
TN:
SF:src/core/CPU6502.ts
FN:16,(anonymous_0)
FN:20,(anonymous_1)
FN:24,(anonymous_2)
FN:28,(anonymous_3)
FN:33,(anonymous_4)
FN:37,(anonymous_5)
FN:41,(anonymous_6)
FN:46,(anonymous_7)
FN:51,(anonymous_8)
FN:55,(anonymous_9)
FN:59,(anonymous_10)
FN:63,(anonymous_11)
FN:67,(anonymous_12)
FN:71,(anonymous_13)
FN:75,(anonymous_14)
FN:80,(anonymous_15)
FN:86,(anonymous_16)
FN:101,(anonymous_17)
FN:105,(anonymous_18)
FN:109,(anonymous_19)
FN:114,(anonymous_20)
FN:118,(anonymous_21)
FN:122,(anonymous_22)
FN:127,(anonymous_23)
FN:132,(anonymous_24)
FN:136,(anonymous_25)
FN:140,(anonymous_26)
FN:144,(anonymous_27)
FN:149,(anonymous_28)
FN:153,(anonymous_29)
FN:157,(anonymous_30)
FN:162,(anonymous_31)
FN:168,(anonymous_32)
FN:172,(anonymous_33)
FN:176,(anonymous_34)
FN:180,(anonymous_35)
FN:185,(anonymous_36)
FN:189,(anonymous_37)
FN:193,(anonymous_38)
FN:198,(anonymous_39)
FN:203,(anonymous_40)
FN:207,(anonymous_41)
FN:211,(anonymous_42)
FN:215,(anonymous_43)
FN:219,(anonymous_44)
FN:223,(anonymous_45)
FN:227,(anonymous_46)
FN:232,(anonymous_47)
FN:238,(anonymous_48)
FN:253,(anonymous_49)
FN:257,(anonymous_50)
FN:261,(anonymous_51)
FN:266,(anonymous_52)
FN:270,(anonymous_53)
FN:274,(anonymous_54)
FN:279,(anonymous_55)
FN:284,(anonymous_56)
FN:288,(anonymous_57)
FN:292,(anonymous_58)
FN:296,(anonymous_59)
FN:301,(anonymous_60)
FN:305,(anonymous_61)
FN:309,(anonymous_62)
FN:314,(anonymous_63)
FN:320,(anonymous_64)
FN:324,(anonymous_65)
FN:328,(anonymous_66)
FN:332,(anonymous_67)
FN:337,(anonymous_68)
FN:341,(anonymous_69)
FN:345,(anonymous_70)
FN:350,(anonymous_71)
FN:355,(anonymous_72)
FN:359,(anonymous_73)
FN:363,(anonymous_74)
FN:367,(anonymous_75)
FN:371,(anonymous_76)
FN:375,(anonymous_77)
FN:379,(anonymous_78)
FN:384,(anonymous_79)
FN:390,(anonymous_80)
FN:394,(anonymous_81)
FN:398,(anonymous_82)
FN:402,(anonymous_83)
FN:407,(anonymous_84)
FN:411,(anonymous_85)
FN:415,(anonymous_86)
FN:420,(anonymous_87)
FN:425,(anonymous_88)
FN:429,(anonymous_89)
FN:433,(anonymous_90)
FN:437,(anonymous_91)
FN:442,(anonymous_92)
FN:446,(anonymous_93)
FN:450,(anonymous_94)
FN:455,(anonymous_95)
FN:461,(anonymous_96)
FN:465,(anonymous_97)
FN:469,(anonymous_98)
FN:473,(anonymous_99)
FN:478,(anonymous_100)
FN:482,(anonymous_101)
FN:486,(anonymous_102)
FN:491,(anonymous_103)
FN:496,(anonymous_104)
FN:500,(anonymous_105)
FN:504,(anonymous_106)
FN:508,(anonymous_107)
FN:512,(anonymous_108)
FN:516,(anonymous_109)
FN:520,(anonymous_110)
FN:525,(anonymous_111)
FN:531,(anonymous_112)
FN:535,(anonymous_113)
FN:539,(anonymous_114)
FN:543,(anonymous_115)
FN:548,(anonymous_116)
FN:552,(anonymous_117)
FN:556,(anonymous_118)
FN:561,(anonymous_119)
FN:566,(anonymous_120)
FN:570,(anonymous_121)
FN:574,(anonymous_122)
FN:578,(anonymous_123)
FN:583,(anonymous_124)
FN:587,(anonymous_125)
FN:591,(anonymous_126)
FN:596,(anonymous_127)
FN:602,(anonymous_128)
FN:606,(anonymous_129)
FN:610,(anonymous_130)
FN:614,(anonymous_131)
FN:618,(anonymous_132)
FN:622,(anonymous_133)
FN:626,(anonymous_134)
FN:630,(anonymous_135)
FN:634,(anonymous_136)
FN:638,(anonymous_137)
FN:642,(anonymous_138)
FN:646,(anonymous_139)
FN:650,(anonymous_140)
FN:654,(anonymous_141)
FN:658,(anonymous_142)
FN:662,(anonymous_143)
FN:667,(anonymous_144)
FN:671,(anonymous_145)
FN:675,(anonymous_146)
FN:679,(anonymous_147)
FN:683,(anonymous_148)
FN:687,(anonymous_149)
FN:691,(anonymous_150)
FN:695,(anonymous_151)
FN:699,(anonymous_152)
FN:703,(anonymous_153)
FN:707,(anonymous_154)
FN:711,(anonymous_155)
FN:715,(anonymous_156)
FN:719,(anonymous_157)
FN:723,(anonymous_158)
FN:727,(anonymous_159)
FN:732,(anonymous_160)
FN:736,(anonymous_161)
FN:740,(anonymous_162)
FN:744,(anonymous_163)
FN:748,(anonymous_164)
FN:752,(anonymous_165)
FN:756,(anonymous_166)
FN:760,(anonymous_167)
FN:764,(anonymous_168)
FN:768,(anonymous_169)
FN:772,(anonymous_170)
FN:776,(anonymous_171)
FN:780,(anonymous_172)
FN:784,(anonymous_173)
FN:788,(anonymous_174)
FN:792,(anonymous_175)
FN:797,(anonymous_176)
FN:801,(anonymous_177)
FN:805,(anonymous_178)
FN:809,(anonymous_179)
FN:813,(anonymous_180)
FN:817,(anonymous_181)
FN:821,(anonymous_182)
FN:825,(anonymous_183)
FN:829,(anonymous_184)
FN:833,(anonymous_185)
FN:837,(anonymous_186)
FN:841,(anonymous_187)
FN:845,(anonymous_188)
FN:849,(anonymous_189)
FN:853,(anonymous_190)
FN:857,(anonymous_191)
FN:862,(anonymous_192)
FN:866,(anonymous_193)
FN:870,(anonymous_194)
FN:874,(anonymous_195)
FN:879,(anonymous_196)
FN:883,(anonymous_197)
FN:887,(anonymous_198)
FN:892,(anonymous_199)
FN:897,(anonymous_200)
FN:901,(anonymous_201)
FN:905,(anonymous_202)
FN:909,(anonymous_203)
FN:913,(anonymous_204)
FN:917,(anonymous_205)
FN:921,(anonymous_206)
FN:926,(anonymous_207)
FN:932,(anonymous_208)
FN:936,(anonymous_209)
FN:940,(anonymous_210)
FN:944,(anonymous_211)
FN:949,(anonymous_212)
FN:953,(anonymous_213)
FN:957,(anonymous_214)
FN:962,(anonymous_215)
FN:967,(anonymous_216)
FN:971,(anonymous_217)
FN:975,(anonymous_218)
FN:979,(anonymous_219)
FN:984,(anonymous_220)
FN:988,(anonymous_221)
FN:992,(anonymous_222)
FN:997,(anonymous_223)
FN:1003,(anonymous_224)
FN:1007,(anonymous_225)
FN:1011,(anonymous_226)
FN:1015,(anonymous_227)
FN:1020,(anonymous_228)
FN:1024,(anonymous_229)
FN:1028,(anonymous_230)
FN:1033,(anonymous_231)
FN:1038,(anonymous_232)
FN:1042,(anonymous_233)
FN:1046,(anonymous_234)
FN:1050,(anonymous_235)
FN:1054,(anonymous_236)
FN:1058,(anonymous_237)
FN:1062,(anonymous_238)
FN:1067,(anonymous_239)
FN:1073,(anonymous_240)
FN:1077,(anonymous_241)
FN:1081,(anonymous_242)
FN:1085,(anonymous_243)
FN:1090,(anonymous_244)
FN:1094,(anonymous_245)
FN:1098,(anonymous_246)
FN:1103,(anonymous_247)
FN:1108,(anonymous_248)
FN:1112,(anonymous_249)
FN:1116,(anonymous_250)
FN:1120,(anonymous_251)
FN:1125,(anonymous_252)
FN:1129,(anonymous_253)
FN:1133,(anonymous_254)
FN:1138,(anonymous_255)
FN:1148,(anonymous_256)
FN:1177,(anonymous_257)
FN:1205,(anonymous_258)
FN:1286,(anonymous_259)
FN:1328,(anonymous_260)
FN:1359,(anonymous_261)
FN:1383,(anonymous_262)
FN:1425,(anonymous_263)
FN:1432,(anonymous_264)
FN:1444,(anonymous_265)
FN:1455,(anonymous_266)
FN:1463,(anonymous_267)
FN:1474,(anonymous_268)
FN:1492,(anonymous_269)
FN:1503,(anonymous_270)
FN:1513,(anonymous_271)
FN:1520,(anonymous_272)
FN:1527,(anonymous_273)
FN:1531,(anonymous_274)
FN:1574,(anonymous_275)
FN:1577,(anonymous_276)
FN:1584,(anonymous_277)
FN:1603,(anonymous_278)
FN:1608,(anonymous_279)
FN:1615,(anonymous_280)
FN:1621,(anonymous_281)
FN:1632,(anonymous_282)
FN:1640,(anonymous_283)
FN:1645,(anonymous_284)
FN:1650,(anonymous_285)
FN:1655,(anonymous_286)
FN:1659,(anonymous_287)
FN:1664,(anonymous_288)
FN:1670,(anonymous_289)
FN:1681,(anonymous_290)
FN:1692,(anonymous_291)
FN:1703,(anonymous_292)
FN:1731,(anonymous_293)
FN:1741,(anonymous_294)
FN:1764,(anonymous_295)
FN:1769,(anonymous_296)
FN:1774,(anonymous_297)
FN:1780,(anonymous_298)
FN:1788,(anonymous_299)
FN:1809,(anonymous_300)
FN:1812,(anonymous_301)
FN:1815,(anonymous_302)
FN:1818,(anonymous_303)
FN:1821,(anonymous_304)
FN:1824,(anonymous_305)
FN:1827,(anonymous_306)
FN:1830,(anonymous_307)
FN:1834,(anonymous_308)
FN:1837,(anonymous_309)
FN:1840,(anonymous_310)
FN:1844,(anonymous_311)
FN:1848,(anonymous_312)
FN:1854,(anonymous_313)
FN:1860,(anonymous_314)
FN:1866,(anonymous_315)
FN:1871,(anonymous_316)
FN:1876,(anonymous_317)
FN:1881,(anonymous_318)
FN:1886,(anonymous_319)
FN:1891,(anonymous_320)
FN:1896,(anonymous_321)
FN:1901,(anonymous_322)
FN:1906,(anonymous_323)
FN:1915,(anonymous_324)
FN:1920,(anonymous_325)
FN:1925,(anonymous_326)
FN:1930,(anonymous_327)
FN:1935,(anonymous_328)
FN:1940,(anonymous_329)
FN:1946,(anonymous_330)
FN:1952,(anonymous_331)
FN:1958,(anonymous_332)
FN:1964,(anonymous_333)
FN:1970,(anonymous_334)
FN:1974,(anonymous_335)
FN:1980,(anonymous_336)
FN:1993,(anonymous_337)
FN:2000,(anonymous_338)
FN:2012,(anonymous_339)
FN:2028,(anonymous_340)
FN:2037,(anonymous_341)
FN:2060,(anonymous_342)
FN:2063,(anonymous_343)
FN:2066,(anonymous_344)
FN:2071,(anonymous_345)
FN:2078,(anonymous_346)
FN:2082,(anonymous_347)
FN:2086,(anonymous_348)
FN:2090,(anonymous_349)
FN:2095,(anonymous_350)
FN:2100,(anonymous_351)
FN:2105,(anonymous_352)
FN:2110,(anonymous_353)
FN:2114,(anonymous_354)
FN:2126,(anonymous_355)
FN:2133,(anonymous_356)
FN:2141,(anonymous_357)
FN:2153,(anonymous_358)
FN:2170,(anonymous_359)
FN:2203,(anonymous_360)
FN:2233,(anonymous_361)
FN:2256,(anonymous_362)
FN:2265,(anonymous_363)
FN:2271,(anonymous_364)
FN:2279,(anonymous_365)
FN:2286,(anonymous_366)
FN:2292,(anonymous_367)
FN:2296,(anonymous_368)
FN:2301,(anonymous_369)
FN:2321,(anonymous_370)
FN:2326,(anonymous_371)
FN:2333,(anonymous_372)
FN:2338,(anonymous_373)
FN:2343,(anonymous_374)
FN:2350,(anonymous_375)
FN:2358,(anonymous_376)
FN:2366,(anonymous_377)
FN:2376,(anonymous_378)
FNF:379
FNH:242
FNDA:2,(anonymous_0)
FNDA:5,(anonymous_1)
FNDA:2,(anonymous_2)
FNDA:0,(anonymous_3)
FNDA:0,(anonymous_4)
FNDA:1,(anonymous_5)
FNDA:1,(anonymous_6)
FNDA:0,(anonymous_7)
FNDA:6,(anonymous_8)
FNDA:4,(anonymous_9)
FNDA:3,(anonymous_10)
FNDA:0,(anonymous_11)
FNDA:0,(anonymous_12)
FNDA:1,(anonymous_13)
FNDA:1,(anonymous_14)
FNDA:0,(anonymous_15)
FNDA:2,(anonymous_16)
FNDA:1,(anonymous_17)
FNDA:0,(anonymous_18)
FNDA:0,(anonymous_19)
FNDA:0,(anonymous_20)
FNDA:1,(anonymous_21)
FNDA:1,(anonymous_22)
FNDA:0,(anonymous_23)
FNDA:4,(anonymous_24)
FNDA:1,(anonymous_25)
FNDA:0,(anonymous_26)
FNDA:0,(anonymous_27)
FNDA:0,(anonymous_28)
FNDA:1,(anonymous_29)
FNDA:1,(anonymous_30)
FNDA:0,(anonymous_31)
FNDA:9,(anonymous_32)
FNDA:1,(anonymous_33)
FNDA:0,(anonymous_34)
FNDA:0,(anonymous_35)
FNDA:0,(anonymous_36)
FNDA:1,(anonymous_37)
FNDA:1,(anonymous_38)
FNDA:0,(anonymous_39)
FNDA:7,(anonymous_40)
FNDA:4,(anonymous_41)
FNDA:4,(anonymous_42)
FNDA:0,(anonymous_43)
FNDA:0,(anonymous_44)
FNDA:1,(anonymous_45)
FNDA:1,(anonymous_46)
FNDA:0,(anonymous_47)
FNDA:2,(anonymous_48)
FNDA:1,(anonymous_49)
FNDA:0,(anonymous_50)
FNDA:0,(anonymous_51)
FNDA:0,(anonymous_52)
FNDA:1,(anonymous_53)
FNDA:1,(anonymous_54)
FNDA:0,(anonymous_55)
FNDA:4,(anonymous_56)
FNDA:1,(anonymous_57)
FNDA:0,(anonymous_58)
FNDA:0,(anonymous_59)
FNDA:0,(anonymous_60)
FNDA:1,(anonymous_61)
FNDA:1,(anonymous_62)
FNDA:0,(anonymous_63)
FNDA:1,(anonymous_64)
FNDA:1,(anonymous_65)
FNDA:0,(anonymous_66)
FNDA:0,(anonymous_67)
FNDA:0,(anonymous_68)
FNDA:1,(anonymous_69)
FNDA:1,(anonymous_70)
FNDA:0,(anonymous_71)
FNDA:8,(anonymous_72)
FNDA:5,(anonymous_73)
FNDA:3,(anonymous_74)
FNDA:0,(anonymous_75)
FNDA:6,(anonymous_76)
FNDA:1,(anonymous_77)
FNDA:1,(anonymous_78)
FNDA:0,(anonymous_79)
FNDA:2,(anonymous_80)
FNDA:1,(anonymous_81)
FNDA:0,(anonymous_82)
FNDA:0,(anonymous_83)
FNDA:0,(anonymous_84)
FNDA:1,(anonymous_85)
FNDA:1,(anonymous_86)
FNDA:0,(anonymous_87)
FNDA:6,(anonymous_88)
FNDA:1,(anonymous_89)
FNDA:0,(anonymous_90)
FNDA:0,(anonymous_91)
FNDA:0,(anonymous_92)
FNDA:1,(anonymous_93)
FNDA:1,(anonymous_94)
FNDA:0,(anonymous_95)
FNDA:9,(anonymous_96)
FNDA:1,(anonymous_97)
FNDA:0,(anonymous_98)
FNDA:0,(anonymous_99)
FNDA:0,(anonymous_100)
FNDA:1,(anonymous_101)
FNDA:1,(anonymous_102)
FNDA:0,(anonymous_103)
FNDA:9,(anonymous_104)
FNDA:7,(anonymous_105)
FNDA:4,(anonymous_106)
FNDA:0,(anonymous_107)
FNDA:2,(anonymous_108)
FNDA:1,(anonymous_109)
FNDA:1,(anonymous_110)
FNDA:0,(anonymous_111)
FNDA:2,(anonymous_112)
FNDA:1,(anonymous_113)
FNDA:0,(anonymous_114)
FNDA:0,(anonymous_115)
FNDA:0,(anonymous_116)
FNDA:1,(anonymous_117)
FNDA:1,(anonymous_118)
FNDA:0,(anonymous_119)
FNDA:3,(anonymous_120)
FNDA:1,(anonymous_121)
FNDA:0,(anonymous_122)
FNDA:0,(anonymous_123)
FNDA:0,(anonymous_124)
FNDA:1,(anonymous_125)
FNDA:1,(anonymous_126)
FNDA:0,(anonymous_127)
FNDA:0,(anonymous_128)
FNDA:1,(anonymous_129)
FNDA:0,(anonymous_130)
FNDA:0,(anonymous_131)
FNDA:1,(anonymous_132)
FNDA:3,(anonymous_133)
FNDA:1,(anonymous_134)
FNDA:0,(anonymous_135)
FNDA:5,(anonymous_136)
FNDA:0,(anonymous_137)
FNDA:3,(anonymous_138)
FNDA:2,(anonymous_139)
FNDA:1,(anonymous_140)
FNDA:1,(anonymous_141)
FNDA:1,(anonymous_142)
FNDA:0,(anonymous_143)
FNDA:3,(anonymous_144)
FNDA:1,(anonymous_145)
FNDA:0,(anonymous_146)
FNDA:0,(anonymous_147)
FNDA:1,(anonymous_148)
FNDA:2,(anonymous_149)
FNDA:1,(anonymous_150)
FNDA:0,(anonymous_151)
FNDA:3,(anonymous_152)
FNDA:1,(anonymous_153)
FNDA:4,(anonymous_154)
FNDA:1,(anonymous_155)
FNDA:0,(anonymous_156)
FNDA:1,(anonymous_157)
FNDA:0,(anonymous_158)
FNDA:0,(anonymous_159)
FNDA:1,(anonymous_160)
FNDA:1,(anonymous_161)
FNDA:6,(anonymous_162)
FNDA:0,(anonymous_163)
FNDA:1,(anonymous_164)
FNDA:1,(anonymous_165)
FNDA:1,(anonymous_166)
FNDA:0,(anonymous_167)
FNDA:3,(anonymous_168)
FNDA:12,(anonymous_169)
FNDA:3,(anonymous_170)
FNDA:0,(anonymous_171)
FNDA:1,(anonymous_172)
FNDA:3,(anonymous_173)
FNDA:1,(anonymous_174)
FNDA:0,(anonymous_175)
FNDA:2,(anonymous_176)
FNDA:1,(anonymous_177)
FNDA:0,(anonymous_178)
FNDA:0,(anonymous_179)
FNDA:1,(anonymous_180)
FNDA:1,(anonymous_181)
FNDA:1,(anonymous_182)
FNDA:0,(anonymous_183)
FNDA:3,(anonymous_184)
FNDA:1,(anonymous_185)
FNDA:4,(anonymous_186)
FNDA:0,(anonymous_187)
FNDA:1,(anonymous_188)
FNDA:1,(anonymous_189)
FNDA:1,(anonymous_190)
FNDA:0,(anonymous_191)
FNDA:3,(anonymous_192)
FNDA:1,(anonymous_193)
FNDA:0,(anonymous_194)
FNDA:0,(anonymous_195)
FNDA:1,(anonymous_196)
FNDA:1,(anonymous_197)
FNDA:5,(anonymous_198)
FNDA:0,(anonymous_199)
FNDA:4,(anonymous_200)
FNDA:4,(anonymous_201)
FNDA:6,(anonymous_202)
FNDA:0,(anonymous_203)
FNDA:1,(anonymous_204)
FNDA:1,(anonymous_205)
FNDA:1,(anonymous_206)
FNDA:0,(anonymous_207)
FNDA:2,(anonymous_208)
FNDA:1,(anonymous_209)
FNDA:0,(anonymous_210)
FNDA:0,(anonymous_211)
FNDA:0,(anonymous_212)
FNDA:1,(anonymous_213)
FNDA:1,(anonymous_214)
FNDA:0,(anonymous_215)
FNDA:4,(anonymous_216)
FNDA:1,(anonymous_217)
FNDA:0,(anonymous_218)
FNDA:0,(anonymous_219)
FNDA:0,(anonymous_220)
FNDA:1,(anonymous_221)
FNDA:1,(anonymous_222)
FNDA:0,(anonymous_223)
FNDA:3,(anonymous_224)
FNDA:1,(anonymous_225)
FNDA:0,(anonymous_226)
FNDA:0,(anonymous_227)
FNDA:1,(anonymous_228)
FNDA:1,(anonymous_229)
FNDA:4,(anonymous_230)
FNDA:0,(anonymous_231)
FNDA:5,(anonymous_232)
FNDA:6,(anonymous_233)
FNDA:7,(anonymous_234)
FNDA:0,(anonymous_235)
FNDA:1,(anonymous_236)
FNDA:1,(anonymous_237)
FNDA:1,(anonymous_238)
FNDA:0,(anonymous_239)
FNDA:8,(anonymous_240)
FNDA:1,(anonymous_241)
FNDA:0,(anonymous_242)
FNDA:0,(anonymous_243)
FNDA:0,(anonymous_244)
FNDA:1,(anonymous_245)
FNDA:1,(anonymous_246)
FNDA:0,(anonymous_247)
FNDA:4,(anonymous_248)
FNDA:1,(anonymous_249)
FNDA:0,(anonymous_250)
FNDA:0,(anonymous_251)
FNDA:0,(anonymous_252)
FNDA:1,(anonymous_253)
FNDA:1,(anonymous_254)
FNDA:0,(anonymous_255)
FNDA:1,(anonymous_256)
FNDA:1,(anonymous_257)
FNDA:0,(anonymous_258)
FNDA:0,(anonymous_259)
FNDA:290,(anonymous_260)
FNDA:287,(anonymous_261)
FNDA:345,(anonymous_262)
FNDA:0,(anonymous_263)
FNDA:1387,(anonymous_264)
FNDA:92,(anonymous_265)
FNDA:26,(anonymous_266)
FNDA:0,(anonymous_267)
FNDA:0,(anonymous_268)
FNDA:0,(anonymous_269)
FNDA:0,(anonymous_270)
FNDA:0,(anonymous_271)
FNDA:0,(anonymous_272)
FNDA:0,(anonymous_273)
FNDA:0,(anonymous_274)
FNDA:0,(anonymous_275)
FNDA:0,(anonymous_276)
FNDA:0,(anonymous_277)
FNDA:158,(anonymous_278)
FNDA:30,(anonymous_279)
FNDA:12,(anonymous_280)
FNDA:8,(anonymous_281)
FNDA:2,(anonymous_282)
FNDA:29,(anonymous_283)
FNDA:17,(anonymous_284)
FNDA:2,(anonymous_285)
FNDA:133,(anonymous_286)
FNDA:57,(anonymous_287)
FNDA:37,(anonymous_288)
FNDA:15,(anonymous_289)
FNDA:10,(anonymous_290)
FNDA:19,(anonymous_291)
FNDA:31,(anonymous_292)
FNDA:19,(anonymous_293)
FNDA:14,(anonymous_294)
FNDA:11,(anonymous_295)
FNDA:4,(anonymous_296)
FNDA:3,(anonymous_297)
FNDA:0,(anonymous_298)
FNDA:2,(anonymous_299)
FNDA:3,(anonymous_300)
FNDA:2,(anonymous_301)
FNDA:8,(anonymous_302)
FNDA:2,(anonymous_303)
FNDA:0,(anonymous_304)
FNDA:0,(anonymous_305)
FNDA:2,(anonymous_306)
FNDA:2,(anonymous_307)
FNDA:4,(anonymous_308)
FNDA:4,(anonymous_309)
FNDA:6,(anonymous_310)
FNDA:3,(anonymous_311)
FNDA:11,(anonymous_312)
FNDA:5,(anonymous_313)
FNDA:5,(anonymous_314)
FNDA:8,(anonymous_315)
FNDA:6,(anonymous_316)
FNDA:5,(anonymous_317)
FNDA:12,(anonymous_318)
FNDA:7,(anonymous_319)
FNDA:5,(anonymous_320)
FNDA:4,(anonymous_321)
FNDA:8,(anonymous_322)
FNDA:9,(anonymous_323)
FNDA:21,(anonymous_324)
FNDA:10,(anonymous_325)
FNDA:5,(anonymous_326)
FNDA:15,(anonymous_327)
FNDA:4,(anonymous_328)
FNDA:4,(anonymous_329)
FNDA:4,(anonymous_330)
FNDA:4,(anonymous_331)
FNDA:4,(anonymous_332)
FNDA:3,(anonymous_333)
FNDA:7,(anonymous_334)
FNDA:8,(anonymous_335)
FNDA:6,(anonymous_336)
FNDA:9,(anonymous_337)
FNDA:7,(anonymous_338)
FNDA:1,(anonymous_339)
FNDA:9,(anonymous_340)
FNDA:13,(anonymous_341)
FNDA:4,(anonymous_342)
FNDA:4,(anonymous_343)
FNDA:3,(anonymous_344)
FNDA:0,(anonymous_345)
FNDA:10,(anonymous_346)
FNDA:3,(anonymous_347)
FNDA:3,(anonymous_348)
FNDA:3,(anonymous_349)
FNDA:3,(anonymous_350)
FNDA:4,(anonymous_351)
FNDA:3,(anonymous_352)
FNDA:4,(anonymous_353)
FNDA:3,(anonymous_354)
FNDA:359,(anonymous_355)
FNDA:5,(anonymous_356)
FNDA:6,(anonymous_357)
FNDA:345,(anonymous_358)
FNDA:0,(anonymous_359)
FNDA:2,(anonymous_360)
FNDA:0,(anonymous_361)
FNDA:0,(anonymous_362)
FNDA:0,(anonymous_363)
FNDA:0,(anonymous_364)
FNDA:0,(anonymous_365)
FNDA:0,(anonymous_366)
FNDA:0,(anonymous_367)
FNDA:0,(anonymous_368)
FNDA:0,(anonymous_369)
FNDA:0,(anonymous_370)
FNDA:0,(anonymous_371)
FNDA:0,(anonymous_372)
FNDA:0,(anonymous_373)
FNDA:0,(anonymous_374)
FNDA:2,(anonymous_375)
FNDA:1,(anonymous_376)
FNDA:1,(anonymous_377)
FNDA:2,(anonymous_378)
DA:4,12
DA:8,12
DA:14,12
DA:16,12
DA:17,2
DA:18,2
DA:20,12
DA:21,5
DA:22,5
DA:24,12
DA:25,2
DA:26,2
DA:28,12
DA:29,0
DA:30,0
DA:31,0
DA:33,12
DA:34,0
DA:35,0
DA:37,12
DA:38,1
DA:39,1
DA:41,12
DA:42,1
DA:43,1
DA:44,1
DA:46,12
DA:47,0
DA:48,0
DA:49,0
DA:51,12
DA:52,6
DA:53,6
DA:55,12
DA:56,4
DA:57,4
DA:59,12
DA:60,3
DA:61,3
DA:63,12
DA:64,0
DA:65,0
DA:67,12
DA:68,0
DA:69,0
DA:71,12
DA:72,1
DA:73,1
DA:75,12
DA:76,1
DA:77,1
DA:78,1
DA:80,12
DA:81,0
DA:82,0
DA:83,0
DA:86,12
DA:88,2
DA:89,2
DA:90,0
DA:92,2
DA:93,2
DA:96,2
DA:97,1
DA:98,1
DA:101,12
DA:102,1
DA:103,1
DA:105,12
DA:106,0
DA:107,0
DA:109,12
DA:110,0
DA:111,0
DA:112,0
DA:114,12
DA:115,0
DA:116,0
DA:118,12
DA:119,1
DA:120,1
DA:122,12
DA:123,1
DA:124,1
DA:125,1
DA:127,12
DA:128,0
DA:129,0
DA:130,0
DA:132,12
DA:133,4
DA:134,4
DA:136,12
DA:137,1
DA:138,1
DA:140,12
DA:141,0
DA:142,0
DA:144,12
DA:145,0
DA:146,0
DA:147,0
DA:149,12
DA:150,0
DA:151,0
DA:153,12
DA:154,1
DA:155,1
DA:157,12
DA:158,1
DA:159,1
DA:160,1
DA:162,12
DA:163,0
DA:164,0
DA:165,0
DA:168,12
DA:169,9
DA:170,9
DA:172,12
DA:173,1
DA:174,1
DA:176,12
DA:177,0
DA:178,0
DA:180,12
DA:181,0
DA:182,0
DA:183,0
DA:185,12
DA:186,0
DA:187,0
DA:189,12
DA:190,1
DA:191,1
DA:193,12
DA:194,1
DA:195,1
DA:196,1
DA:198,12
DA:199,0
DA:200,0
DA:201,0
DA:203,12
DA:204,7
DA:205,7
DA:207,12
DA:208,4
DA:209,4
DA:211,12
DA:212,4
DA:213,4
DA:215,12
DA:216,0
DA:217,0
DA:219,12
DA:220,0
DA:221,0
DA:223,12
DA:224,1
DA:225,1
DA:227,12
DA:228,1
DA:229,1
DA:230,1
DA:232,12
DA:233,0
DA:234,0
DA:235,0
DA:238,12
DA:240,2
DA:241,2
DA:242,0
DA:244,2
DA:245,2
DA:248,2
DA:249,1
DA:250,1
DA:253,12
DA:254,1
DA:255,1
DA:257,12
DA:258,0
DA:259,0
DA:261,12
DA:262,0
DA:263,0
DA:264,0
DA:266,12
DA:267,0
DA:268,0
DA:270,12
DA:271,1
DA:272,1
DA:274,12
DA:275,1
DA:276,1
DA:277,1
DA:279,12
DA:280,0
DA:281,0
DA:282,0
DA:284,12
DA:285,4
DA:286,4
DA:288,12
DA:289,1
DA:290,1
DA:292,12
DA:293,0
DA:294,0
DA:296,12
DA:297,0
DA:298,0
DA:299,0
DA:301,12
DA:302,0
DA:303,0
DA:305,12
DA:306,1
DA:307,1
DA:309,12
DA:310,1
DA:311,1
DA:312,1
DA:314,12
DA:315,0
DA:316,0
DA:317,0
DA:320,12
DA:321,1
DA:322,1
DA:324,12
DA:325,1
DA:326,1
DA:328,12
DA:329,0
DA:330,0
DA:332,12
DA:333,0
DA:334,0
DA:335,0
DA:337,12
DA:338,0
DA:339,0
DA:341,12
DA:342,1
DA:343,1
DA:345,12
DA:346,1
DA:347,1
DA:348,1
DA:350,12
DA:351,0
DA:352,0
DA:353,0
DA:355,12
DA:356,8
DA:357,8
DA:359,12
DA:360,5
DA:361,5
DA:363,12
DA:364,3
DA:365,3
DA:367,12
DA:368,0
DA:369,0
DA:371,12
DA:372,6
DA:373,6
DA:375,12
DA:376,1
DA:377,1
DA:379,12
DA:380,1
DA:381,1
DA:382,1
DA:384,12
DA:385,0
DA:386,0
DA:387,0
DA:390,12
DA:391,2
DA:392,2
DA:394,12
DA:395,1
DA:396,1
DA:398,12
DA:399,0
DA:400,0
DA:402,12
DA:403,0
DA:404,0
DA:405,0
DA:407,12
DA:408,0
DA:409,0
DA:411,12
DA:412,1
DA:413,1
DA:415,12
DA:416,1
DA:417,1
DA:418,1
DA:420,12
DA:421,0
DA:422,0
DA:423,0
DA:425,12
DA:426,6
DA:427,6
DA:429,12
DA:430,1
DA:431,1
DA:433,12
DA:434,0
DA:435,0
DA:437,12
DA:438,0
DA:439,0
DA:440,0
DA:442,12
DA:443,0
DA:444,0
DA:446,12
DA:447,1
DA:448,1
DA:450,12
DA:451,1
DA:452,1
DA:453,1
DA:455,12
DA:456,0
DA:457,0
DA:458,0
DA:461,12
DA:462,9
DA:463,9
DA:465,12
DA:466,1
DA:467,1
DA:469,12
DA:470,0
DA:471,0
DA:473,12
DA:474,0
DA:475,0
DA:476,0
DA:478,12
DA:479,0
DA:480,0
DA:482,12
DA:483,1
DA:484,1
DA:486,12
DA:487,1
DA:488,1
DA:489,1
DA:491,12
DA:492,0
DA:493,0
DA:494,0
DA:496,12
DA:497,9
DA:498,9
DA:500,12
DA:501,7
DA:502,7
DA:504,12
DA:505,4
DA:506,4
DA:508,12
DA:509,0
DA:510,0
DA:512,12
DA:513,2
DA:514,2
DA:516,12
DA:517,1
DA:518,1
DA:520,12
DA:521,1
DA:522,1
DA:523,1
DA:525,12
DA:526,0
DA:527,0
DA:528,0
DA:531,12
DA:532,2
DA:533,2
DA:535,12
DA:536,1
DA:537,1
DA:539,12
DA:540,0
DA:541,0
DA:543,12
DA:544,0
DA:545,0
DA:546,0
DA:548,12
DA:549,0
DA:550,0
DA:552,12
DA:553,1
DA:554,1
DA:556,12
DA:557,1
DA:558,1
DA:559,1
DA:561,12
DA:562,0
DA:563,0
DA:564,0
DA:566,12
DA:567,3
DA:568,3
DA:570,12
DA:571,1
DA:572,1
DA:574,12
DA:575,0
DA:576,0
DA:578,12
DA:579,0
DA:580,0
DA:581,0
DA:583,12
DA:584,0
DA:585,0
DA:587,12
DA:588,1
DA:589,1
DA:591,12
DA:592,1
DA:593,1
DA:594,1
DA:596,12
DA:597,0
DA:598,0
DA:599,0
DA:602,12
DA:603,0
DA:604,0
DA:606,12
DA:607,1
DA:608,1
DA:610,12
DA:611,0
DA:612,0
DA:614,12
DA:615,0
DA:616,0
DA:618,12
DA:619,1
DA:620,1
DA:622,12
DA:623,3
DA:624,3
DA:626,12
DA:627,1
DA:628,1
DA:630,12
DA:631,0
DA:632,0
DA:634,12
DA:635,5
DA:636,5
DA:638,12
DA:639,0
DA:640,0
DA:642,12
DA:643,3
DA:644,3
DA:646,12
DA:647,2
DA:648,2
DA:650,12
DA:651,1
DA:652,1
DA:654,12
DA:655,1
DA:656,1
DA:658,12
DA:659,1
DA:660,1
DA:662,12
DA:663,0
DA:664,0
DA:667,12
DA:668,3
DA:669,3
DA:671,12
DA:672,1
DA:673,1
DA:675,12
DA:676,0
DA:677,0
DA:679,12
DA:680,0
DA:681,0
DA:683,12
DA:684,1
DA:685,1
DA:687,12
DA:688,2
DA:689,2
DA:691,12
DA:692,1
DA:693,1
DA:695,12
DA:696,0
DA:697,0
DA:699,12
DA:700,3
DA:701,3
DA:703,12
DA:704,1
DA:705,1
DA:707,12
DA:708,4
DA:709,4
DA:711,12
DA:712,1
DA:713,1
DA:715,12
DA:716,0
DA:717,0
DA:719,12
DA:720,1
DA:721,1
DA:723,12
DA:724,0
DA:725,0
DA:727,12
DA:728,0
DA:729,0
DA:732,12
DA:733,1
DA:734,1
DA:736,12
DA:737,1
DA:738,1
DA:740,12
DA:741,6
DA:742,6
DA:744,12
DA:745,0
DA:746,0
DA:748,12
DA:749,1
DA:750,1
DA:752,12
DA:753,1
DA:754,1
DA:756,12
DA:757,1
DA:758,1
DA:760,12
DA:761,0
DA:762,0
DA:764,12
DA:765,3
DA:766,3
DA:768,12
DA:769,12
DA:770,12
DA:772,12
DA:773,3
DA:774,3
DA:776,12
DA:777,0
DA:778,0
DA:780,12
DA:781,1
DA:782,1
DA:784,12
DA:785,3
DA:786,3
DA:788,12
DA:789,1
DA:790,1
DA:792,12
DA:793,0
DA:794,0
DA:797,12
DA:798,2
DA:799,2
DA:801,12
DA:802,1
DA:803,1
DA:805,12
DA:806,0
DA:807,0
DA:809,12
DA:810,0
DA:811,0
DA:813,12
DA:814,1
DA:815,1
DA:817,12
DA:818,1
DA:819,1
DA:821,12
DA:822,1
DA:823,1
DA:825,12
DA:826,0
DA:827,0
DA:829,12
DA:830,3
DA:831,3
DA:833,12
DA:834,1
DA:835,1
DA:837,12
DA:838,4
DA:839,4
DA:841,12
DA:842,0
DA:843,0
DA:845,12
DA:846,1
DA:847,1
DA:849,12
DA:850,1
DA:851,1
DA:853,12
DA:854,1
DA:855,1
DA:857,12
DA:858,0
DA:859,0
DA:862,12
DA:863,3
DA:864,3
DA:866,12
DA:867,1
DA:868,1
DA:870,12
DA:871,0
DA:872,0
DA:874,12
DA:875,0
DA:876,0
DA:877,0
DA:879,12
DA:880,1
DA:881,1
DA:883,12
DA:884,1
DA:885,1
DA:887,12
DA:888,5
DA:889,5
DA:890,5
DA:892,12
DA:893,0
DA:894,0
DA:895,0
DA:897,12
DA:898,4
DA:899,4
DA:901,12
DA:902,4
DA:903,4
DA:905,12
DA:906,6
DA:907,6
DA:909,12
DA:910,0
DA:911,0
DA:913,12
DA:914,1
DA:915,1
DA:917,12
DA:918,1
DA:919,1
DA:921,12
DA:922,1
DA:923,1
DA:924,1
DA:926,12
DA:927,0
DA:928,0
DA:929,0
DA:932,12
DA:933,2
DA:934,2
DA:936,12
DA:937,1
DA:938,1
DA:940,12
DA:941,0
DA:942,0
DA:944,12
DA:945,0
DA:946,0
DA:947,0
DA:949,12
DA:950,0
DA:951,0
DA:953,12
DA:954,1
DA:955,1
DA:957,12
DA:958,1
DA:959,1
DA:960,1
DA:962,12
DA:963,0
DA:964,0
DA:965,0
DA:967,12
DA:968,4
DA:969,4
DA:971,12
DA:972,1
DA:973,1
DA:975,12
DA:976,0
DA:977,0
DA:979,12
DA:980,0
DA:981,0
DA:982,0
DA:984,12
DA:985,0
DA:986,0
DA:988,12
DA:989,1
DA:990,1
DA:992,12
DA:993,1
DA:994,1
DA:995,1
DA:997,12
DA:998,0
DA:999,0
DA:1000,0
DA:1003,12
DA:1004,3
DA:1005,3
DA:1007,12
DA:1008,1
DA:1009,1
DA:1011,12
DA:1012,0
DA:1013,0
DA:1015,12
DA:1016,0
DA:1017,0
DA:1018,0
DA:1020,12
DA:1021,1
DA:1022,1
DA:1024,12
DA:1025,1
DA:1026,1
DA:1028,12
DA:1029,4
DA:1030,4
DA:1031,4
DA:1033,12
DA:1034,0
DA:1035,0
DA:1036,0
DA:1038,12
DA:1039,5
DA:1040,5
DA:1042,12
DA:1043,6
DA:1044,6
DA:1046,12
DA:1047,7
DA:1048,7
DA:1050,12
DA:1051,0
DA:1052,0
DA:1054,12
DA:1055,1
DA:1056,1
DA:1058,12
DA:1059,1
DA:1060,1
DA:1062,12
DA:1063,1
DA:1064,1
DA:1065,1
DA:1067,12
DA:1068,0
DA:1069,0
DA:1070,0
DA:1073,12
DA:1074,8
DA:1075,8
DA:1077,12
DA:1078,1
DA:1079,1
DA:1081,12
DA:1082,0
DA:1083,0
DA:1085,12
DA:1086,0
DA:1087,0
DA:1088,0
DA:1090,12
DA:1091,0
DA:1092,0
DA:1094,12
DA:1095,1
DA:1096,1
DA:1098,12
DA:1099,1
DA:1100,1
DA:1101,1
DA:1103,12
DA:1104,0
DA:1105,0
DA:1106,0
DA:1108,12
DA:1109,4
DA:1110,4
DA:1112,12
DA:1113,1
DA:1114,1
DA:1116,12
DA:1117,0
DA:1118,0
DA:1120,12
DA:1121,0
DA:1122,0
DA:1123,0
DA:1125,12
DA:1126,0
DA:1127,0
DA:1129,12
DA:1130,1
DA:1131,1
DA:1133,12
DA:1134,1
DA:1135,1
DA:1136,1
DA:1138,12
DA:1139,0
DA:1140,0
DA:1141,0
DA:1149,1
DA:1178,1
DA:1179,1
DA:1180,1
DA:1181,1
DA:1182,1
DA:1183,1
DA:1185,1
DA:1186,1
DA:1187,1
DA:1188,1
DA:1189,1
DA:1190,1
DA:1191,1
DA:1192,1
DA:1193,1
DA:1194,1
DA:1195,1
DA:1196,1
DA:1198,1
DA:1199,1
DA:1201,1
DA:1202,1
DA:1206,0
DA:1209,0
DA:1210,0
DA:1211,0
DA:1212,0
DA:1213,0
DA:1214,0
DA:1222,0
DA:1223,0
DA:1224,0
DA:1225,0
DA:1233,0
DA:1234,0
DA:1235,0
DA:1238,0
DA:1283,290
DA:1284,290
DA:1287,0
DA:1312,290
DA:1313,290
DA:1316,290
DA:1319,290
DA:1320,290
DA:1321,290
DA:1324,290
DA:1325,290
DA:1326,290
DA:1329,290
DA:1331,290
DA:1332,290
DA:1333,290
DA:1334,290
DA:1335,290
DA:1336,290
DA:1337,290
DA:1338,290
DA:1339,290
DA:1340,290
DA:1341,290
DA:1343,290
DA:1344,290
DA:1346,290
DA:1347,290
DA:1349,290
DA:1350,290
DA:1351,290
DA:1352,290
DA:1360,287
DA:1361,287
DA:1362,287
DA:1363,287
DA:1364,287
DA:1365,287
DA:1366,287
DA:1367,287
DA:1368,287
DA:1369,287
DA:1371,287
DA:1372,287
DA:1375,287
DA:1376,287
DA:1377,287
DA:1378,287
DA:1380,287
DA:1384,345
DA:1387,345
DA:1388,345
DA:1389,345
DA:1393,345
DA:1395,345
DA:1398,345
DA:1399,0
DA:1400,0
DA:1401,0
DA:1402,0
DA:1404,0
DA:1408,345
DA:1411,345
DA:1412,345
DA:1416,345
DA:1417,0
DA:1418,0
DA:1419,0
DA:1422,345
DA:1426,0
DA:1427,0
DA:1428,0
DA:1433,1387
DA:1434,1387
DA:1437,1387
DA:1438,1387
DA:1441,1387
DA:1445,92
DA:1446,92
DA:1447,92
DA:1450,92
DA:1451,92
DA:1456,26
DA:1464,0
DA:1465,0
DA:1466,0
DA:1467,0
DA:1475,0
DA:1477,0
DA:1478,0
DA:1479,0
DA:1486,0
DA:1493,0
DA:1504,0
DA:1505,0
DA:1506,0
DA:1514,0
DA:1521,0
DA:1528,0
DA:1533,0
DA:1563,0
DA:1564,0
DA:1565,0
DA:1568,0
DA:1569,0
DA:1570,0
DA:1573,0
DA:1574,0
DA:1577,0
DA:1578,0
DA:1582,0
DA:1584,0
DA:1592,0
DA:1595,0
DA:1604,158
DA:1605,158
DA:1609,30
DA:1610,30
DA:1611,30
DA:1616,12
DA:1617,12
DA:1618,12
DA:1622,8
DA:1623,8
DA:1624,8
DA:1625,8
DA:1626,0
DA:1628,8
DA:1633,2
DA:1634,2
DA:1635,2
DA:1636,2
DA:1637,2
DA:1641,29
DA:1642,29
DA:1646,17
DA:1647,17
DA:1651,2
DA:1652,2
DA:1656,133
DA:1660,57
DA:1661,57
DA:1665,37
DA:1666,37
DA:1667,37
DA:1671,15
DA:1672,15
DA:1673,15
DA:1674,15
DA:1675,0
DA:1677,15
DA:1682,10
DA:1683,10
DA:1684,10
DA:1685,10
DA:1686,0
DA:1688,10
DA:1693,19
DA:1694,19
DA:1695,2
DA:1697,19
DA:1698,19
DA:1705,31
DA:1712,31
DA:1715,31
DA:1716,31
DA:1719,0
DA:1720,0
DA:1732,19
DA:1733,12
DA:1734,12
DA:1742,14
DA:1743,14
DA:1744,14
DA:1745,14
DA:1746,0
DA:1747,0
DA:1748,0
DA:1749,0
DA:1750,0
DA:1751,0
DA:1752,0
DA:1753,0
DA:1754,0
DA:1756,14
DA:1757,14
DA:1758,14
DA:1759,14
DA:1760,14
DA:1765,11
DA:1766,11
DA:1770,4
DA:1771,4
DA:1772,4
DA:1775,3
DA:1776,3
DA:1777,3
DA:1781,0
DA:1783,0
DA:1784,0
DA:1785,0
DA:1789,2
DA:1790,2
DA:1791,2
DA:1792,2
DA:1793,2
DA:1794,2
DA:1795,2
DA:1796,2
DA:1797,2
DA:1798,2
DA:1799,2
DA:1800,2
DA:1801,2
DA:1802,2
DA:1803,2
DA:1804,2
DA:1805,2
DA:1806,2
DA:1810,3
DA:1813,2
DA:1816,8
DA:1819,2
DA:1822,0
DA:1825,0
DA:1828,2
DA:1831,2
DA:1835,4
DA:1838,4
DA:1841,6
DA:1842,6
DA:1845,3
DA:1849,11
DA:1850,11
DA:1851,11
DA:1855,5
DA:1856,5
DA:1857,5
DA:1861,5
DA:1862,5
DA:1863,5
DA:1867,8
DA:1868,8
DA:1872,6
DA:1873,6
DA:1877,5
DA:1878,5
DA:1882,12
DA:1883,12
DA:1887,7
DA:1888,7
DA:1892,5
DA:1893,5
DA:1897,4
DA:1898,4
DA:1902,8
DA:1903,8
DA:1907,9
DA:1908,9
DA:1909,9
DA:1910,9
DA:1911,9
DA:1912,9
DA:1916,21
DA:1917,21
DA:1921,10
DA:1922,10
DA:1926,5
DA:1927,5
DA:1931,15
DA:1932,15
DA:1936,4
DA:1937,4
DA:1938,4
DA:1941,4
DA:1942,4
DA:1943,4
DA:1947,4
DA:1948,4
DA:1949,4
DA:1950,4
DA:1953,4
DA:1954,4
DA:1955,4
DA:1959,4
DA:1960,4
DA:1961,4
DA:1962,4
DA:1965,3
DA:1966,3
DA:1967,3
DA:1971,7
DA:1975,8
DA:1976,8
DA:1977,8
DA:1981,6
DA:1982,6
DA:1983,6
DA:1984,6
DA:1985,6
DA:1986,6
DA:1987,6
DA:1988,6
DA:1989,6
DA:1990,6
DA:1994,9
DA:1995,9
DA:1996,9
DA:1997,9
DA:2001,7
DA:2002,7
DA:2003,7
DA:2004,7
DA:2005,7
DA:2006,7
DA:2007,7
DA:2008,7
DA:2009,7
DA:2013,1
DA:2014,1
DA:2015,1
DA:2016,1
DA:2017,1
DA:2018,1
DA:2019,1
DA:2020,1
DA:2021,1
DA:2022,1
DA:2023,1
DA:2024,1
DA:2025,1
DA:2029,9
DA:2030,9
DA:2031,9
DA:2032,9
DA:2033,9
DA:2034,9
DA:2038,13
DA:2039,13
DA:2040,13
DA:2041,13
DA:2042,0
DA:2043,0
DA:2044,0
DA:2045,0
DA:2046,0
DA:2047,0
DA:2048,0
DA:2049,0
DA:2050,0
DA:2052,13
DA:2053,13
DA:2054,13
DA:2055,13
DA:2056,13
DA:2061,4
DA:2064,4
DA:2067,3
DA:2068,3
DA:2072,0
DA:2073,0
DA:2074,0
DA:2075,0
DA:2079,10
DA:2083,3
DA:2087,3
DA:2091,3
DA:2092,3
DA:2096,3
DA:2097,3
DA:2101,4
DA:2102,4
DA:2106,3
DA:2107,3
DA:2111,4
DA:2115,3
DA:2116,3
DA:2127,359
DA:2134,5
DA:2135,5
DA:2143,6
DA:2144,6
DA:2145,6
DA:2146,3
DA:2155,345
DA:2156,2
DA:2157,2
DA:2158,343
DA:2159,0
DA:2160,0
DA:2164,345
DA:2172,0
DA:2173,0
DA:2174,0
DA:2175,0
DA:2178,0
DA:2179,0
DA:2180,0
DA:2181,0
DA:2183,0
DA:2184,0
DA:2185,0
DA:2186,0
DA:2187,0
DA:2188,0
DA:2191,0
DA:2194,0
DA:2197,0
DA:2205,2
DA:2206,2
DA:2207,2
DA:2208,2
DA:2211,2
DA:2212,2
DA:2213,2
DA:2214,2
DA:2216,2
DA:2217,2
DA:2218,2
DA:2219,2
DA:2220,2
DA:2221,2
DA:2224,2
DA:2227,2
DA:2230,2
DA:2234,0
DA:2235,0
DA:2236,0
DA:2237,0
DA:2238,0
DA:2239,0
DA:2240,0
DA:2241,0
DA:2242,0
DA:2243,0
DA:2244,0
DA:2245,0
DA:2246,0
DA:2248,0
DA:2249,0
DA:2250,0
DA:2251,0
DA:2252,0
DA:2257,0
DA:2258,0
DA:2259,0
DA:2260,0
DA:2261,0
DA:2262,0
DA:2266,0
DA:2267,0
DA:2268,0
DA:2272,0
DA:2273,0
DA:2274,0
DA:2275,0
DA:2276,0
DA:2280,0
DA:2281,0
DA:2282,0
DA:2283,0
DA:2287,0
DA:2288,0
DA:2289,0
DA:2293,0
DA:2297,0
DA:2298,0
DA:2302,0
DA:2303,0
DA:2304,0
DA:2305,0
DA:2306,0
DA:2307,0
DA:2308,0
DA:2309,0
DA:2310,0
DA:2311,0
DA:2313,0
DA:2315,0
DA:2317,0
DA:2318,0
DA:2322,0
DA:2323,0
DA:2327,0
DA:2328,0
DA:2329,0
DA:2330,0
DA:2334,0
DA:2335,0
DA:2339,0
DA:2340,0
DA:2344,0
DA:2345,0
DA:2353,2
DA:2361,1
DA:2362,1
DA:2363,1
DA:2369,1
DA:2370,1
DA:2371,1
DA:2372,1
DA:2373,1
DA:2381,2
DA:2382,2
DA:2386,12
LF:1392
LH:962
BRDA:89,0,0,0
BRDA:89,0,1,2
BRDA:96,1,0,1
BRDA:96,1,1,1
BRDA:97,2,0,0
BRDA:97,2,1,1
BRDA:241,3,0,0
BRDA:241,3,1,2
BRDA:248,4,0,1
BRDA:248,4,1,1
BRDA:249,5,0,0
BRDA:249,5,1,1
BRDA:1178,6,0,0
BRDA:1178,6,1,1
BRDA:1185,7,0,0
BRDA:1185,7,1,1
BRDA:1185,8,0,0
BRDA:1185,8,1,0
BRDA:1186,9,0,0
BRDA:1186,9,1,1
BRDA:1186,10,0,0
BRDA:1186,10,1,0
BRDA:1187,11,0,0
BRDA:1187,11,1,1
BRDA:1187,12,0,0
BRDA:1187,12,1,0
BRDA:1188,13,0,0
BRDA:1188,13,1,1
BRDA:1188,14,0,0
BRDA:1188,14,1,0
BRDA:1189,15,0,0
BRDA:1189,15,1,1
BRDA:1189,16,0,0
BRDA:1189,16,1,0
BRDA:1190,17,0,0
BRDA:1190,17,1,1
BRDA:1190,18,0,0
BRDA:1190,18,1,0
BRDA:1191,19,0,0
BRDA:1191,19,1,1
BRDA:1191,20,0,0
BRDA:1191,20,1,0
BRDA:1192,21,0,0
BRDA:1192,21,1,1
BRDA:1192,22,0,0
BRDA:1192,22,1,0
BRDA:1198,23,0,0
BRDA:1198,23,1,1
BRDA:1198,24,0,0
BRDA:1198,24,1,0
BRDA:1199,25,0,0
BRDA:1199,25,1,1
BRDA:1199,26,0,0
BRDA:1199,26,1,0
BRDA:1201,27,0,1
BRDA:1201,27,1,0
BRDA:1202,28,0,1
BRDA:1202,28,1,0
BRDA:1210,29,0,0
BRDA:1210,29,1,0
BRDA:1210,30,0,0
BRDA:1210,30,1,0
BRDA:1210,30,2,0
BRDA:1223,31,0,0
BRDA:1223,31,1,0
BRDA:1234,32,0,0
BRDA:1234,32,1,0
BRDA:1250,33,0,0
BRDA:1250,33,1,0
BRDA:1251,34,0,0
BRDA:1251,34,1,0
BRDA:1254,35,0,0
BRDA:1254,35,1,0
BRDA:1255,36,0,0
BRDA:1255,36,1,0
BRDA:1256,37,0,0
BRDA:1256,37,1,0
BRDA:1257,38,0,0
BRDA:1257,38,1,0
BRDA:1270,39,0,0
BRDA:1270,39,1,0
BRDA:1273,40,0,0
BRDA:1273,40,1,0
BRDA:1387,41,0,345
BRDA:1387,41,1,0
BRDA:1398,42,0,0
BRDA:1398,42,1,345
BRDA:1401,43,0,0
BRDA:1401,43,1,0
BRDA:1411,44,0,345
BRDA:1411,44,1,0
BRDA:1416,45,0,0
BRDA:1416,45,1,345
BRDA:1437,46,0,1387
BRDA:1437,46,1,0
BRDA:1450,47,0,92
BRDA:1450,47,1,0
BRDA:1465,48,0,0
BRDA:1465,48,1,0
BRDA:1482,49,0,0
BRDA:1482,49,1,0
BRDA:1505,50,0,0
BRDA:1505,50,1,0
BRDA:1541,51,0,0
BRDA:1541,51,1,0
BRDA:1542,52,0,0
BRDA:1542,52,1,0
BRDA:1543,53,0,0
BRDA:1543,53,1,0
BRDA:1544,54,0,0
BRDA:1544,54,1,0
BRDA:1545,55,0,0
BRDA:1545,55,1,0
BRDA:1546,56,0,0
BRDA:1546,56,1,0
BRDA:1553,57,0,0
BRDA:1553,57,1,0
BRDA:1554,58,0,0
BRDA:1554,58,1,0
BRDA:1555,59,0,0
BRDA:1555,59,1,0
BRDA:1556,60,0,0
BRDA:1556,60,1,0
BRDA:1563,61,0,0
BRDA:1563,61,1,0
BRDA:1604,62,0,34
BRDA:1604,62,1,124
BRDA:1605,63,0,45
BRDA:1605,63,1,113
BRDA:1609,64,0,5
BRDA:1609,64,1,25
BRDA:1610,65,0,13
BRDA:1610,65,1,17
BRDA:1611,66,0,13
BRDA:1611,66,1,17
BRDA:1625,67,0,0
BRDA:1625,67,1,8
BRDA:1674,68,0,0
BRDA:1674,68,1,15
BRDA:1685,69,0,0
BRDA:1685,69,1,10
BRDA:1694,70,0,2
BRDA:1694,70,1,17
BRDA:1705,71,0,31
BRDA:1705,71,1,0
BRDA:1732,72,0,12
BRDA:1732,72,1,7
BRDA:1733,73,0,0
BRDA:1733,73,1,12
BRDA:1743,74,0,1
BRDA:1743,74,1,13
BRDA:1745,75,0,0
BRDA:1745,75,1,14
BRDA:1747,76,0,0
BRDA:1747,76,1,0
BRDA:1748,77,0,0
BRDA:1748,77,1,0
BRDA:1749,78,0,0
BRDA:1749,78,1,0
BRDA:1750,79,0,0
BRDA:1750,79,1,0
BRDA:1751,80,0,0
BRDA:1751,80,1,0
BRDA:1752,81,0,0
BRDA:1752,81,1,0
BRDA:1753,82,0,0
BRDA:1753,82,1,0
BRDA:1756,83,0,2
BRDA:1756,83,1,12
BRDA:1757,84,0,2
BRDA:1757,84,1,12
BRDA:1758,85,0,4
BRDA:1758,85,1,10
BRDA:1759,86,0,2
BRDA:1759,86,1,12
BRDA:1785,87,0,0
BRDA:1785,87,1,0
BRDA:1794,88,0,0
BRDA:1794,88,1,2
BRDA:1795,89,0,0
BRDA:1795,89,1,2
BRDA:1797,90,0,0
BRDA:1797,90,1,2
BRDA:1798,91,0,1
BRDA:1798,91,1,1
BRDA:1799,92,0,1
BRDA:1799,92,1,1
BRDA:1800,93,0,0
BRDA:1800,93,1,2
BRDA:1851,94,0,8
BRDA:1851,94,1,3
BRDA:1857,95,0,4
BRDA:1857,95,1,1
BRDA:1863,96,0,4
BRDA:1863,96,1,1
BRDA:1936,97,0,2
BRDA:1936,97,1,2
BRDA:1941,98,0,2
BRDA:1941,98,1,2
BRDA:1948,99,0,2
BRDA:1948,99,1,2
BRDA:1953,100,0,2
BRDA:1953,100,1,2
BRDA:1981,101,0,4
BRDA:1981,101,1,2
BRDA:1982,102,0,1
BRDA:1982,102,1,5
BRDA:1984,103,0,3
BRDA:1984,103,1,3
BRDA:1985,104,0,2
BRDA:1985,104,1,4
BRDA:1986,105,0,4
BRDA:1986,105,1,2
BRDA:1987,106,0,2
BRDA:1987,106,1,4
BRDA:2003,107,0,4
BRDA:2003,107,1,3
BRDA:2004,108,0,3
BRDA:2004,108,1,4
BRDA:2005,109,0,3
BRDA:2005,109,1,4
BRDA:2006,110,0,1
BRDA:2006,110,1,6
BRDA:2007,111,0,4
BRDA:2007,111,1,3
BRDA:2008,112,0,2
BRDA:2008,112,1,5
BRDA:2015,113,0,1
BRDA:2015,113,1,0
BRDA:2016,114,0,0
BRDA:2016,114,1,1
BRDA:2017,115,0,0
BRDA:2017,115,1,1
BRDA:2018,116,0,0
BRDA:2018,116,1,1
BRDA:2019,117,0,1
BRDA:2019,117,1,0
BRDA:2020,118,0,0
BRDA:2020,118,1,1
BRDA:2039,119,0,12
BRDA:2039,119,1,1
BRDA:2041,120,0,0
BRDA:2041,120,1,13
BRDA:2043,121,0,0
BRDA:2043,121,1,0
BRDA:2044,122,0,0
BRDA:2044,122,1,0
BRDA:2045,123,0,0
BRDA:2045,123,1,0
BRDA:2046,124,0,0
BRDA:2046,124,1,0
BRDA:2047,125,0,0
BRDA:2047,125,1,0
BRDA:2048,126,0,0
BRDA:2048,126,1,0
BRDA:2049,127,0,0
BRDA:2049,127,1,0
BRDA:2052,128,0,1
BRDA:2052,128,1,12
BRDA:2053,129,0,2
BRDA:2053,129,1,11
BRDA:2054,130,0,2
BRDA:2054,130,1,11
BRDA:2055,131,0,2
BRDA:2055,131,1,11
BRDA:2127,132,0,2
BRDA:2127,132,1,357
BRDA:2127,133,0,359
BRDA:2127,133,1,6
BRDA:2134,134,0,4
BRDA:2134,134,1,1
BRDA:2144,135,0,3
BRDA:2144,135,1,3
BRDA:2145,136,0,3
BRDA:2145,136,1,3
BRDA:2145,137,0,6
BRDA:2145,137,1,3
BRDA:2155,138,0,2
BRDA:2155,138,1,343
BRDA:2158,139,0,0
BRDA:2158,139,1,343
BRDA:2158,140,0,343
BRDA:2158,140,1,0
BRDA:2179,141,0,0
BRDA:2179,141,1,0
BRDA:2180,142,0,0
BRDA:2180,142,1,0
BRDA:2183,143,0,0
BRDA:2183,143,1,0
BRDA:2184,144,0,0
BRDA:2184,144,1,0
BRDA:2185,145,0,0
BRDA:2185,145,1,0
BRDA:2186,146,0,0
BRDA:2186,146,1,0
BRDA:2212,147,0,0
BRDA:2212,147,1,2
BRDA:2213,148,0,0
BRDA:2213,148,1,2
BRDA:2216,149,0,0
BRDA:2216,149,1,2
BRDA:2217,150,0,1
BRDA:2217,150,1,1
BRDA:2218,151,0,2
BRDA:2218,151,1,0
BRDA:2219,152,0,0
BRDA:2219,152,1,2
BRDA:2235,153,0,0
BRDA:2235,153,1,0
BRDA:2237,154,0,0
BRDA:2237,154,1,0
BRDA:2239,155,0,0
BRDA:2239,155,1,0
BRDA:2240,156,0,0
BRDA:2240,156,1,0
BRDA:2241,157,0,0
BRDA:2241,157,1,0
BRDA:2242,158,0,0
BRDA:2242,158,1,0
BRDA:2243,159,0,0
BRDA:2243,159,1,0
BRDA:2244,160,0,0
BRDA:2244,160,1,0
BRDA:2245,161,0,0
BRDA:2245,161,1,0
BRDA:2248,162,0,0
BRDA:2248,162,1,0
BRDA:2249,163,0,0
BRDA:2249,163,1,0
BRDA:2250,164,0,0
BRDA:2250,164,1,0
BRDA:2251,165,0,0
BRDA:2251,165,1,0
BRDA:2259,166,0,0
BRDA:2259,166,1,0
BRDA:2260,167,0,0
BRDA:2260,167,1,0
BRDA:2261,168,0,0
BRDA:2261,168,1,0
BRDA:2266,169,0,0
BRDA:2266,169,1,0
BRDA:2287,170,0,0
BRDA:2287,170,1,0
BRDA:2303,171,0,0
BRDA:2303,171,1,0
BRDA:2304,172,0,0
BRDA:2304,172,1,0
BRDA:2305,173,0,0
BRDA:2305,173,1,0
BRDA:2307,174,0,0
BRDA:2307,174,1,0
BRDA:2309,175,0,0
BRDA:2309,175,1,0
BRDA:2330,176,0,0
BRDA:2330,176,1,0
BRDA:2373,177,0,0
BRDA:2373,177,1,1
BRF:357
BRH:144
end_of_record
TN:
SF:src/core/Clock.ts
FN:43,(anonymous_1)
FN:61,(anonymous_2)
FN:68,(anonymous_3)
FN:105,(anonymous_4)
FN:111,(anonymous_5)
FN:112,(anonymous_6)
FN:116,(anonymous_7)
FN:117,(anonymous_8)
FN:123,(anonymous_9)
FN:139,(anonymous_10)
FN:144,(anonymous_11)
FN:152,(anonymous_12)
FN:161,(anonymous_13)
FN:169,(anonymous_14)
FN:177,(anonymous_15)
FN:184,(anonymous_16)
FN:198,(anonymous_17)
FN:224,(anonymous_18)
FN:266,(anonymous_19)
FNF:19
FNH:16
FNDA:11,(anonymous_1)
FNDA:0,(anonymous_2)
FNDA:1,(anonymous_3)
FNDA:5,(anonymous_4)
FNDA:1,(anonymous_5)
FNDA:2,(anonymous_6)
FNDA:23,(anonymous_7)
FNDA:9,(anonymous_8)
FNDA:5,(anonymous_9)
FNDA:2,(anonymous_10)
FNDA:6,(anonymous_11)
FNDA:6,(anonymous_12)
FNDA:2,(anonymous_13)
FNDA:1,(anonymous_14)
FNDA:6,(anonymous_15)
FNDA:0,(anonymous_16)
FNDA:0,(anonymous_17)
FNDA:6,(anonymous_18)
FNDA:7,(anonymous_19)
DA:1,1
DA:3,1
DA:7,1
DA:8,1
DA:9,1
DA:10,1
DA:11,1
DA:12,1
DA:13,1
DA:19,1
DA:24,11
DA:25,11
DA:44,11
DA:45,11
DA:46,11
DA:47,11
DA:48,11
DA:49,11
DA:50,11
DA:51,11
DA:52,11
DA:53,11
DA:54,11
DA:55,11
DA:56,11
DA:57,11
DA:58,11
DA:62,0
DA:69,1
DA:70,1
DA:72,1
DA:106,5
DA:107,5
DA:112,2
DA:117,23
DA:124,5
DA:125,5
DA:126,5
DA:140,2
DA:145,6
DA:147,6
DA:148,6
DA:153,6
DA:154,6
DA:155,6
DA:156,6
DA:157,6
DA:162,2
DA:163,2
DA:164,2
DA:170,1
DA:171,1
DA:172,1
DA:178,6
DA:179,6
DA:180,6
DA:181,6
DA:183,6
DA:184,0
DA:187,6
DA:199,0
DA:200,0
DA:202,0
DA:205,0
DA:207,0
DA:208,0
DA:210,0
DA:213,0
DA:215,0
DA:216,0
DA:217,0
DA:218,0
DA:225,6
DA:226,6
DA:227,6
DA:228,6
DA:230,6
DA:231,24
DA:232,2
DA:233,2
DA:236,22
DA:237,22
DA:239,22
DA:240,22
DA:242,22
DA:243,1
DA:244,1
DA:247,22
DA:249,22
DA:250,22
DA:251,0
DA:254,22
DA:255,22
DA:256,0
DA:259,22
DA:261,22
DA:267,7
DA:268,7
DA:269,7
DA:270,7
DA:271,7
DA:272,7
DA:273,7
DA:274,7
DA:275,7
DA:276,7
DA:280,1
LF:107
LH:91
BRDA:43,0,0,6
BRDA:43,1,0,6
BRDA:162,2,0,2
BRDA:162,2,1,0
BRDA:162,3,0,2
BRDA:162,3,1,2
BRDA:170,4,0,1
BRDA:170,4,1,0
BRDA:170,5,0,1
BRDA:170,5,1,1
BRDA:178,6,0,0
BRDA:178,6,1,6
BRDA:179,7,0,0
BRDA:179,7,1,6
BRDA:181,8,0,6
BRDA:181,8,1,0
BRDA:183,9,0,0
BRDA:183,9,1,6
BRDA:200,10,0,0
BRDA:200,10,1,0
BRDA:205,11,0,0
BRDA:205,11,1,0
BRDA:208,12,0,0
BRDA:208,12,1,0
BRDA:215,13,0,0
BRDA:215,13,1,0
BRDA:217,14,0,0
BRDA:217,14,1,0
BRDA:231,15,0,2
BRDA:231,15,1,22
BRDA:242,16,0,1
BRDA:242,16,1,21
BRDA:250,17,0,0
BRDA:250,17,1,22
BRDA:255,18,0,0
BRDA:255,18,1,22
BRF:36
BRH:18
end_of_record
TN:
SF:src/core/PIA6820.ts
FN:81,(anonymous_0)
FN:113,(anonymous_1)
FN:128,(anonymous_2)
FN:174,(anonymous_3)
FN:258,(anonymous_4)
FN:274,(anonymous_5)
FN:290,(anonymous_6)
FN:308,(anonymous_7)
FN:327,(anonymous_8)
FN:339,(anonymous_9)
FN:351,(anonymous_10)
FN:363,(anonymous_11)
FN:406,(anonymous_12)
FN:410,(anonymous_13)
FN:417,(anonymous_14)
FN:422,(anonymous_15)
FN:423,(anonymous_16)
FN:429,(anonymous_17)
FN:458,(anonymous_18)
FN:512,(anonymous_19)
FN:517,(anonymous_20)
FN:565,(anonymous_21)
FN:570,(anonymous_22)
FN:591,(anonymous_23)
FN:602,(anonymous_24)
FN:608,(anonymous_25)
FN:623,(anonymous_26)
FN:628,(anonymous_27)
FN:633,(anonymous_28)
FN:638,(anonymous_29)
FN:643,(anonymous_30)
FN:651,(anonymous_31)
FN:659,(anonymous_32)
FN:664,(anonymous_33)
FN:666,(anonymous_34)
FN:672,(anonymous_35)
FN:677,(anonymous_36)
FNF:37
FNH:32
FNDA:24,(anonymous_0)
FNDA:4,(anonymous_1)
FNDA:22,(anonymous_2)
FNDA:40,(anonymous_3)
FNDA:7,(anonymous_4)
FNDA:1,(anonymous_5)
FNDA:0,(anonymous_6)
FNDA:1,(anonymous_7)
FNDA:6,(anonymous_8)
FNDA:10,(anonymous_9)
FNDA:10,(anonymous_10)
FNDA:7,(anonymous_11)
FNDA:1,(anonymous_12)
FNDA:1,(anonymous_13)
FNDA:2,(anonymous_14)
FNDA:0,(anonymous_15)
FNDA:0,(anonymous_16)
FNDA:1,(anonymous_17)
FNDA:1,(anonymous_18)
FNDA:4,(anonymous_19)
FNDA:0,(anonymous_20)
FNDA:6,(anonymous_21)
FNDA:24,(anonymous_22)
FNDA:3,(anonymous_23)
FNDA:3,(anonymous_24)
FNDA:5,(anonymous_25)
FNDA:7,(anonymous_26)
FNDA:1,(anonymous_27)
FNDA:0,(anonymous_28)
FNDA:1,(anonymous_29)
FNDA:4,(anonymous_30)
FNDA:2,(anonymous_31)
FNDA:6,(anonymous_32)
FNDA:25,(anonymous_33)
FNDA:4,(anonymous_34)
FNDA:31,(anonymous_35)
FNDA:17,(anonymous_36)
DA:2,3
DA:6,3
DA:7,3
DA:13,3
DA:14,3
DA:15,3
DA:16,3
DA:19,3
DA:20,3
DA:21,3
DA:23,3
DA:37,24
DA:38,24
DA:42,24
DA:43,24
DA:44,24
DA:45,24
DA:46,24
DA:47,24
DA:50,24
DA:51,24
DA:52,24
DA:53,24
DA:54,24
DA:55,24
DA:56,24
DA:57,24
DA:60,24
DA:65,24
DA:68,24
DA:83,24
DA:84,24
DA:87,24
DA:89,24
DA:91,24
DA:92,24
DA:95,24
DA:96,24
DA:97,24
DA:98,24
DA:99,24
DA:100,24
DA:101,24
DA:102,24
DA:105,24
DA:108,24
DA:109,24
DA:110,24
DA:114,4
DA:116,4
DA:117,0
DA:119,4
DA:120,0
DA:122,4
DA:129,22
DA:131,22
DA:132,1
DA:133,1
DA:139,21
DA:142,3
DA:144,3
DA:145,3
DA:148,9
DA:149,9
DA:153,5
DA:155,5
DA:156,5
DA:159,4
DA:160,4
DA:163,0
DA:168,21
DA:175,40
DA:177,40
DA:178,2
DA:179,2
DA:183,38
DA:186,38
DA:188,38
DA:190,7
DA:194,7
DA:195,7
DA:201,0
DA:202,0
DA:203,0
DA:206,7
DA:210,11
DA:211,11
DA:212,4
DA:213,4
DA:214,4
DA:216,11
DA:220,10
DA:224,10
DA:225,10
DA:226,10
DA:229,0
DA:230,0
DA:231,0
DA:234,10
DA:238,10
DA:239,10
DA:240,2
DA:241,2
DA:242,2
DA:244,10
DA:249,38
DA:250,23
DA:251,23
DA:259,7
DA:260,7
DA:261,7
DA:263,7
DA:264,2
DA:266,2
DA:267,2
DA:275,1
DA:276,1
DA:277,1
DA:279,1
DA:280,0
DA:282,0
DA:283,0
DA:291,0
DA:292,0
DA:293,0
DA:294,0
DA:296,0
DA:297,0
DA:299,0
DA:300,0
DA:309,1
DA:310,1
DA:311,1
DA:312,1
DA:314,1
DA:315,0
DA:317,0
DA:318,0
DA:328,6
DA:329,6
DA:331,6
DA:332,6
DA:340,10
DA:341,10
DA:342,10
DA:343,10
DA:345,10
DA:352,10
DA:353,10
DA:354,10
DA:355,10
DA:357,10
DA:364,7
DA:365,7
DA:368,7
DA:370,7
DA:372,7
DA:373,7
DA:375,7
DA:376,7
DA:377,7
DA:378,7
DA:379,7
DA:380,7
DA:381,7
DA:382,7
DA:385,7
DA:387,7
DA:396,7
DA:397,7
DA:398,7
DA:400,7
DA:407,1
DA:411,1
DA:418,2
DA:419,2
DA:423,0
DA:430,1
DA:472,1
DA:474,1
DA:475,0
DA:479,1
DA:480,1
DA:481,1
DA:482,1
DA:483,1
DA:484,1
DA:487,1
DA:488,1
DA:489,1
DA:490,1
DA:491,1
DA:492,1
DA:493,1
DA:494,1
DA:497,1
DA:504,1
DA:506,1
DA:513,4
DA:514,4
DA:515,4
DA:517,4
DA:526,4
DA:566,6
DA:567,6
DA:570,24
DA:572,6
DA:592,3
DA:605,3
DA:612,5
DA:615,5
DA:617,5
DA:620,5
DA:624,7
DA:625,7
DA:629,1
DA:630,1
DA:634,0
DA:635,0
DA:639,1
DA:640,1
DA:645,4
DA:653,2
DA:661,6
DA:665,25
DA:666,25
DA:673,31
DA:675,17
DA:677,17
DA:678,17
DA:679,17
DA:680,17
DA:681,17
DA:687,3
LF:234
LH:207
BRDA:116,0,0,0
BRDA:116,0,1,4
BRDA:116,1,0,4
BRDA:116,1,1,0
BRDA:116,1,2,0
BRDA:119,2,0,0
BRDA:119,2,1,4
BRDA:119,3,0,4
BRDA:119,3,1,0
BRDA:119,3,2,0
BRDA:131,4,0,1
BRDA:131,4,1,21
BRDA:131,5,0,22
BRDA:131,5,1,22
BRDA:139,6,0,3
BRDA:139,6,1,9
BRDA:139,6,2,5
BRDA:139,6,3,4
BRDA:139,6,4,0
BRDA:144,7,0,3
BRDA:144,7,1,0
BRDA:155,8,0,5
BRDA:155,8,1,0
BRDA:177,9,0,2
BRDA:177,9,1,38
BRDA:177,10,0,40
BRDA:177,10,1,39
BRDA:188,11,0,7
BRDA:188,11,1,11
BRDA:188,11,2,10
BRDA:188,11,3,10
BRDA:190,12,0,7
BRDA:190,12,1,0
BRDA:201,13,0,0
BRDA:201,13,1,0
BRDA:211,14,0,4
BRDA:211,14,1,7
BRDA:220,15,0,10
BRDA:220,15,1,0
BRDA:229,16,0,0
BRDA:229,16,1,0
BRDA:239,17,0,2
BRDA:239,17,1,8
BRDA:249,18,0,23
BRDA:249,18,1,15
BRDA:263,19,0,2
BRDA:263,19,1,5
BRDA:279,20,0,0
BRDA:279,20,1,1
BRDA:291,21,0,0
BRDA:291,21,1,0
BRDA:296,22,0,0
BRDA:296,22,1,0
BRDA:309,23,0,1
BRDA:309,23,1,0
BRDA:314,24,0,0
BRDA:314,24,1,1
BRDA:328,25,0,6
BRDA:328,25,1,0
BRDA:345,26,0,10
BRDA:345,26,1,0
BRDA:345,26,2,10
BRDA:345,26,3,0
BRDA:357,27,0,10
BRDA:357,27,1,1
BRDA:357,27,2,10
BRDA:357,27,3,0
BRDA:472,28,0,1
BRDA:472,28,1,0
BRDA:474,29,0,0
BRDA:474,29,1,1
BRDA:497,30,0,1
BRDA:497,30,1,0
BRDA:515,31,0,4
BRDA:515,31,1,0
BRDA:519,32,0,0
BRDA:519,32,1,0
BRDA:521,33,0,0
BRDA:521,33,1,0
BRDA:541,34,0,0
BRDA:541,34,1,4
BRDA:542,35,0,0
BRDA:542,35,1,4
BRDA:543,36,0,0
BRDA:543,36,1,4
BRDA:544,37,0,0
BRDA:544,37,1,4
BRDA:546,38,0,0
BRDA:546,38,1,4
BRDA:547,39,0,0
BRDA:547,39,1,4
BRDA:556,40,0,0
BRDA:556,40,1,4
BRDA:558,41,0,0
BRDA:558,41,1,4
BRDA:567,42,0,6
BRDA:567,42,1,0
BRDA:577,43,0,1
BRDA:577,43,1,5
BRDA:578,44,0,0
BRDA:578,44,1,6
BRDA:579,45,0,0
BRDA:579,45,1,6
BRDA:580,46,0,1
BRDA:580,46,1,5
BRDA:581,47,0,0
BRDA:581,47,1,6
BRDA:582,48,0,0
BRDA:582,48,1,6
BRDA:615,49,0,5
BRDA:615,49,1,0
BRDA:617,50,0,1
BRDA:617,50,1,4
BRDA:625,51,0,2
BRDA:625,51,1,5
BRDA:625,52,0,2
BRDA:625,52,1,2
BRDA:625,53,0,5
BRDA:625,53,1,1
BRDA:630,54,0,0
BRDA:630,54,1,1
BRDA:630,55,0,0
BRDA:630,55,1,0
BRDA:630,56,0,1
BRDA:630,56,1,0
BRDA:635,57,0,0
BRDA:635,57,1,0
BRDA:635,58,0,0
BRDA:635,58,1,0
BRDA:635,59,0,0
BRDA:635,59,1,0
BRDA:640,60,0,0
BRDA:640,60,1,1
BRDA:640,61,0,0
BRDA:640,61,1,0
BRDA:640,62,0,1
BRDA:640,62,1,0
BRDA:645,63,0,0
BRDA:645,63,1,4
BRDA:653,64,0,0
BRDA:653,64,1,2
BRDA:673,65,0,14
BRDA:673,65,1,17
BRDA:679,66,0,17
BRDA:679,66,1,0
BRF:145
BRH:80
end_of_record
TN:
SF:src/core/RAM.ts
FN:12,(anonymous_0)
FN:21,(anonymous_1)
FN:30,(anonymous_2)
FN:37,(anonymous_3)
FN:53,(anonymous_4)
FN:62,(anonymous_5)
FN:66,(anonymous_6)
FN:74,(anonymous_7)
FN:86,(anonymous_8)
FN:117,(anonymous_9)
FNF:10
FNH:6
FNDA:0,(anonymous_0)
FNDA:0,(anonymous_1)
FNDA:0,(anonymous_2)
FNDA:4,(anonymous_3)
FNDA:0,(anonymous_4)
FNDA:322,(anonymous_5)
FNDA:336,(anonymous_6)
FNDA:361,(anonymous_7)
FNDA:6,(anonymous_8)
FNDA:10,(anonymous_9)
DA:5,14
DA:6,14
DA:7,14
DA:13,0
DA:22,0
DA:23,0
DA:25,0
DA:27,322
DA:28,322
DA:31,0
DA:38,4
DA:39,4
DA:55,0
DA:56,0
DA:63,322
DA:67,336
DA:68,4
DA:69,4
DA:71,332
DA:75,361
DA:76,4
DA:77,4
DA:79,357
DA:80,1
DA:81,1
DA:83,357
DA:87,6
DA:88,1
DA:89,1
DA:92,5
DA:94,5
DA:95,1
DA:96,1
DA:99,4
DA:100,1
DA:101,1
DA:104,3
DA:106,3
DA:107,0
DA:108,0
DA:111,3
DA:112,0
DA:113,0
DA:117,3
DA:118,10
DA:119,1
DA:120,1
DA:122,9
DA:123,9
DA:124,0
DA:126,9
DA:129,3
DA:130,3
DA:131,3
DA:135,14
LF:55
LH:43
BRDA:22,0,0,0
BRDA:22,0,1,0
BRDA:22,1,0,0
BRDA:22,1,1,0
BRDA:22,1,2,0
BRDA:62,2,0,301
BRDA:67,3,0,4
BRDA:67,3,1,332
BRDA:67,4,0,336
BRDA:67,4,1,334
BRDA:75,5,0,4
BRDA:75,5,1,357
BRDA:75,6,0,361
BRDA:75,6,1,359
BRDA:79,7,0,1
BRDA:79,7,1,356
BRDA:79,8,0,357
BRDA:79,8,1,357
BRDA:87,9,0,1
BRDA:87,9,1,5
BRDA:87,10,0,6
BRDA:87,10,1,6
BRDA:94,11,0,1
BRDA:94,11,1,4
BRDA:94,12,0,5
BRDA:94,12,1,4
BRDA:99,13,0,1
BRDA:99,13,1,3
BRDA:106,14,0,0
BRDA:106,14,1,3
BRDA:106,15,0,3
BRDA:106,15,1,3
BRDA:111,16,0,0
BRDA:111,16,1,3
BRDA:118,17,0,1
BRDA:118,17,1,9
BRDA:123,18,0,0
BRDA:123,18,1,9
BRF:38
BRH:30
end_of_record
TN:
SF:src/core/ROM.ts
FN:12,(anonymous_0)
FN:19,(anonymous_1)
FN:35,(anonymous_2)
FN:43,(anonymous_3)
FN:47,(anonymous_4)
FN:56,(anonymous_5)
FN:60,(anonymous_6)
FN:79,(anonymous_7)
FN:95,(anonymous_8)
FNF:9
FNH:6
FNDA:0,(anonymous_0)
FNDA:4,(anonymous_1)
FNDA:0,(anonymous_2)
FNDA:307,(anonymous_3)
FNDA:1144,(anonymous_4)
FNDA:3,(anonymous_5)
FNDA:304,(anonymous_6)
FNDA:76230,(anonymous_7)
FNDA:0,(anonymous_8)
DA:5,14
DA:6,14
DA:9,307
DA:10,307
DA:13,0
DA:20,4
DA:21,4
DA:36,0
DA:44,307
DA:48,1144
DA:49,0
DA:50,0
DA:53,1144
DA:57,3
DA:61,304
DA:62,1
DA:63,1
DA:66,303
DA:68,303
DA:69,1
DA:70,1
DA:73,302
DA:74,0
DA:75,0
DA:79,302
DA:80,76230
DA:81,1
DA:82,1
DA:84,76229
DA:85,76229
DA:86,2221
DA:88,76229
DA:91,302
DA:92,302
DA:96,0
DA:100,14
LF:36
LH:29
BRDA:43,0,0,295
BRDA:48,1,0,0
BRDA:48,1,1,1144
BRDA:48,2,0,1144
BRDA:48,2,1,1144
BRDA:61,3,0,1
BRDA:61,3,1,303
BRDA:61,4,0,304
BRDA:61,4,1,304
BRDA:68,5,0,1
BRDA:68,5,1,302
BRDA:68,6,0,303
BRDA:68,6,1,302
BRDA:73,7,0,0
BRDA:73,7,1,302
BRDA:80,8,0,1
BRDA:80,8,1,76229
BRDA:85,9,0,2221
BRDA:85,9,1,74008
BRF:19
BRH:17
end_of_record
TN:
SF:src/core/errors.ts
FN:9,(anonymous_0)
FN:20,(anonymous_1)
FN:31,(anonymous_2)
FN:42,(anonymous_3)
FN:53,(anonymous_4)
FN:70,(anonymous_5)
FN:74,(anonymous_6)
FN:90,(anonymous_7)
FN:91,(anonymous_8)
FNF:9
FNH:4
FNDA:4,(anonymous_0)
FNDA:0,(anonymous_1)
FNDA:4,(anonymous_2)
FNDA:0,(anonymous_3)
FNDA:0,(anonymous_4)
FNDA:18,(anonymous_5)
FNDA:0,(anonymous_6)
FNDA:6,(anonymous_7)
FNDA:0,(anonymous_8)
DA:8,19
DA:9,4
DA:10,4
DA:11,4
DA:12,4
DA:19,19
DA:20,0
DA:21,0
DA:22,0
DA:23,0
DA:30,19
DA:32,4
DA:33,4
DA:34,4
DA:41,19
DA:43,0
DA:44,0
DA:45,0
DA:52,19
DA:54,0
DA:55,0
DA:56,0
DA:67,19
DA:68,19
DA:71,18
DA:75,0
DA:76,0
DA:80,0
DA:82,0
DA:85,0
DA:86,0
DA:91,6
DA:92,0
DA:93,0
LF:34
LH:16
BRDA:74,0,0,0
BRDA:75,1,0,0
BRDA:75,1,1,0
BRDA:76,2,0,0
BRDA:76,2,1,0
BRDA:85,3,0,0
BRDA:85,3,1,0
BRF:7
BRH:0
end_of_record
TN:
SF:src/core/utils.ts
FN:7,(anonymous_0)
FN:17,(anonymous_1)
FN:27,(anonymous_2)
FN:37,(anonymous_3)
FNF:4
FNH:4
FNDA:4,(anonymous_0)
FNDA:5,(anonymous_1)
FNDA:4,(anonymous_2)
FNDA:4,(anonymous_3)
DA:7,2
DA:8,4
DA:17,2
DA:18,5
DA:27,2
DA:28,4
DA:37,2
DA:38,4
LF:8
LH:8
BRF:0
BRH:0
end_of_record
TN:
SF:src/core/@types/InspectableTypes.ts
FN:69,formatFrequency
FN:81,formatAddress
FN:88,formatByte
FNF:3
FNH:3
FNDA:2,formatFrequency
FNDA:18,formatAddress
FNDA:24,formatByte
DA:69,17
DA:70,2
DA:71,1
DA:72,1
DA:73,0
DA:75,1
DA:81,17
DA:82,18
DA:88,17
DA:89,24
LF:10
LH:9
BRDA:70,0,0,1
BRDA:70,0,1,1
BRDA:72,1,0,0
BRDA:72,1,1,1
BRDA:81,2,0,18
BRF:5
BRH:4
end_of_record
TN:
SF:src/core/constants/memory.ts
FNF:0
FNH:0
DA:6,15
DA:7,15
DA:10,15
DA:11,15
DA:12,15
DA:14,15
DA:15,15
DA:16,15
DA:18,15
DA:19,15
DA:20,15
DA:23,15
DA:24,15
DA:25,15
DA:28,15
DA:29,15
DA:30,15
DA:31,15
DA:34,15
DA:35,15
DA:36,15
DA:39,15
LF:22
LH:22
BRF:0
BRH:0
end_of_record
TN:
SF:src/services/LoggingService.ts
FN:9,(anonymous_0)
FN:13,(anonymous_1)
FN:14,(anonymous_2)
FN:17,(anonymous_3)
FN:34,(anonymous_4)
FN:43,(anonymous_5)
FN:47,(anonymous_6)
FN:51,(anonymous_7)
FNF:8
FNH:3
FNDA:0,(anonymous_0)
FNDA:0,(anonymous_1)
FNDA:0,(anonymous_2)
FNDA:2524,(anonymous_3)
FNDA:0,(anonymous_4)
FNDA:2520,(anonymous_5)
FNDA:4,(anonymous_6)
FNDA:0,(anonymous_7)
DA:3,18
DA:7,18
DA:10,0
DA:14,0
DA:19,2524
DA:20,0
DA:22,0
DA:23,0
DA:25,0
DA:26,0
DA:28,0
DA:29,0
DA:34,2524
DA:35,0
DA:36,0
DA:38,0
DA:44,2520
DA:48,4
DA:52,0
DA:57,18
DA:60,18
LF:21
LH:8
BRDA:19,0,0,0
BRDA:19,0,1,2524
BRDA:20,1,0,0
BRDA:20,1,1,0
BRDA:20,1,2,0
BRF:5
BRH:1
end_of_record
TN:
SF:src/styles/tokens.ts
FNF:0
FNH:0
DA:6,4
LF:1
LH:1
BRF:0
BRH:0
end_of_record
TN:
SF:src/styles/utils.ts
FN:10,(anonymous_0)
FN:17,(anonymous_1)
FN:24,(anonymous_2)
FN:31,(anonymous_3)
FN:38,(anonymous_4)
FN:60,(anonymous_5)
FN:67,(anonymous_6)
FN:74,(anonymous_7)
FN:81,(anonymous_8)
FN:165,(anonymous_9)
FN:172,(anonymous_10)
FN:179,(anonymous_11)
FNF:12
FNH:10
FNDA:32,(anonymous_0)
FNDA:4,(anonymous_1)
FNDA:0,(anonymous_2)
FNDA:8,(anonymous_3)
FNDA:620,(anonymous_4)
FNDA:35,(anonymous_5)
FNDA:12,(anonymous_6)
FNDA:0,(anonymous_7)
FNDA:12,(anonymous_8)
FNDA:22,(anonymous_9)
FNDA:22,(anonymous_10)
FNDA:22,(anonymous_11)
DA:5,4
DA:10,4
DA:11,32
DA:17,4
DA:18,4
DA:24,4
DA:25,0
DA:31,4
DA:32,8
DA:38,4
DA:39,620
DA:40,620
DA:42,620
DA:43,1156
DA:44,1156
DA:46,0
DA:50,620
DA:51,0
DA:54,620
DA:60,4
DA:61,35
DA:67,4
DA:68,12
DA:74,4
DA:75,0
DA:81,4
DA:82,12
DA:88,4
DA:114,4
DA:164,4
DA:165,22
DA:172,22
DA:179,22
LF:33
LH:29
BRDA:43,0,0,1156
BRDA:43,0,1,0
BRDA:43,1,0,1156
BRDA:43,1,1,1156
BRDA:43,1,2,1156
BRDA:50,2,0,0
BRDA:50,2,1,620
BRDA:165,3,0,0
BRDA:167,4,0,0
BRDA:167,4,1,22
BRDA:168,5,0,0
BRDA:168,5,1,22
BRDA:172,6,0,0
BRDA:174,7,0,0
BRDA:174,7,1,22
BRDA:175,8,0,0
BRDA:175,8,1,22
BRDA:179,9,0,0
BRDA:181,10,0,0
BRDA:181,10,1,22
BRDA:182,11,0,0
BRDA:182,11,1,22
BRF:22
BRH:11
end_of_record
